0: Phase started: (T=0.400000, d=0.400000) Equilibration Phase
200: Temperature measured at: 0.6956, adjusted to: 0.4
400: Temperature measured at: 0.5571, adjusted to: 0.4
600: Temperature measured at: 0.5318, adjusted to: 0.4
800: Temperature measured at: 0.5118, adjusted to: 0.4
1000: Temperature measured at: 0.4906, adjusted to: 0.4
1200: Temperature measured at: 0.4951, adjusted to: 0.4
1400: Temperature measured at: 0.4629, adjusted to: 0.4
1600: Temperature measured at: 0.4679, adjusted to: 0.4
1800: Temperature measured at: 0.4509, adjusted to: 0.4
2000: Temperature measured at: 0.4507, adjusted to: 0.4
2200: Temperature measured at: 0.4348, adjusted to: 0.4
2400: Temperature measured at: 0.4395, adjusted to: 0.4
2600: Temperature measured at: 0.4305, adjusted to: 0.4
3000: Temperature measured at: 0.4256, adjusted to: 0.4
3200: Temperature measured at: 0.4273, adjusted to: 0.4
3600: Temperature measured at: 0.424, adjusted to: 0.4
4400: Temperature measured at: 0.4286, adjusted to: 0.4
5600: Temperature measured at: 0.4231, adjusted to: 0.4
10200: Temperature measured at: 0.4209, adjusted to: 0.4
12400: Temperature measured at: 0.425, adjusted to: 0.4
17400: Phase complete: (T=0.400000, d=0.400000) Equilibration Phase
17400: Phase started: (T=0.400000, d=0.400000) Observation Phase
17600: Observation recorded
17800: Observation recorded
18000: Observation recorded
18200: Observation recorded
18400: Observation recorded
18600: Observation recorded
18800: Observation recorded
19000: Observation recorded
19200: Observation recorded
19400: Observation recorded
19600: Observation recorded
19800: Observation recorded
20000: Observation recorded
20200: Observation recorded
20400: Observation recorded
20600: Observation recorded
20800: Observation recorded
21000: Observation recorded
21200: Observation recorded
21400: Observation recorded
21400: Phase complete: (T=0.400000, d=0.400000) Observation Phase
