0: Phase started: (T=0.100000, d=1.050000) Equilibration Phase
200: Temperature measured at: 0.05, adjusted to: 0.1
400: Temperature measured at: 0.07354, adjusted to: 0.1
600: Temperature measured at: 0.08373, adjusted to: 0.1
800: Temperature measured at: 0.09014, adjusted to: 0.1
1000: Temperature measured at: 0.09029, adjusted to: 0.1
1200: Temperature measured at: 0.09197, adjusted to: 0.1
1400: Temperature measured at: 0.09214, adjusted to: 0.1
1600: Temperature measured at: 0.09291, adjusted to: 0.1
6600: Phase complete: (T=0.100000, d=1.050000) Equilibration Phase
6600: Phase started: (T=0.100000, d=1.050000) Observation Phase
6800: Observation recorded
7000: Observation recorded
7200: Observation recorded
7400: Observation recorded
7600: Observation recorded
7800: Observation recorded
8000: Observation recorded
8200: Observation recorded
8400: Observation recorded
8600: Observation recorded
8800: Observation recorded
9000: Observation recorded
9200: Observation recorded
9400: Observation recorded
9600: Observation recorded
9800: Observation recorded
10000: Observation recorded
10200: Observation recorded
10400: Observation recorded
10600: Observation recorded
10600: Phase complete: (T=0.100000, d=1.050000) Observation Phase
