0: Phase started: (T=1.100000, d=0.650000) Equilibration Phase
200: Temperature measured at: 0.8424, adjusted to: 1.1
400: Temperature measured at: 1.014, adjusted to: 1.1
5400: Phase complete: (T=1.100000, d=0.650000) Equilibration Phase
5400: Phase started: (T=1.100000, d=0.650000) Observation Phase
5600: Observation recorded
5800: Observation recorded
6000: Observation recorded
6200: Observation recorded
6400: Observation recorded
6600: Observation recorded
6800: Observation recorded
7000: Observation recorded
7200: Observation recorded
7400: Observation recorded
7600: Observation recorded
7800: Observation recorded
8000: Observation recorded
8200: Observation recorded
8400: Observation recorded
8600: Observation recorded
8800: Observation recorded
9000: Observation recorded
9200: Observation recorded
9400: Observation recorded
9400: Phase complete: (T=1.100000, d=0.650000) Observation Phase
