0: Phase started: (T=0.300000, d=0.450000) Equilibration Phase
200: Temperature measured at: 0.5536, adjusted to: 0.3
400: Temperature measured at: 0.4229, adjusted to: 0.3
600: Temperature measured at: 0.3854, adjusted to: 0.3
800: Temperature measured at: 0.3737, adjusted to: 0.3
1000: Temperature measured at: 0.3618, adjusted to: 0.3
1200: Temperature measured at: 0.3503, adjusted to: 0.3
1400: Temperature measured at: 0.3436, adjusted to: 0.3
1600: Temperature measured at: 0.3374, adjusted to: 0.3
1800: Temperature measured at: 0.3492, adjusted to: 0.3
2000: Temperature measured at: 0.3367, adjusted to: 0.3
2200: Temperature measured at: 0.3194, adjusted to: 0.3
2400: Temperature measured at: 0.3179, adjusted to: 0.3
2600: Temperature measured at: 0.3183, adjusted to: 0.3
2800: Temperature measured at: 0.3179, adjusted to: 0.3
3200: Temperature measured at: 0.3166, adjusted to: 0.3
5000: Temperature measured at: 0.3182, adjusted to: 0.3
5600: Temperature measured at: 0.3179, adjusted to: 0.3
7400: Temperature measured at: 0.3167, adjusted to: 0.3
10000: Temperature measured at: 0.3199, adjusted to: 0.3
10200: Temperature measured at: 0.3157, adjusted to: 0.3
10400: Temperature measured at: 0.3186, adjusted to: 0.3
12400: Temperature measured at: 0.3166, adjusted to: 0.3
13600: Temperature measured at: 0.3165, adjusted to: 0.3
14400: Temperature measured at: 0.317, adjusted to: 0.3
15600: Temperature measured at: 0.3171, adjusted to: 0.3
19000: Temperature measured at: 0.3176, adjusted to: 0.3
23000: Temperature measured at: 0.3162, adjusted to: 0.3
28000: Phase complete: (T=0.300000, d=0.450000) Equilibration Phase
28000: Phase started: (T=0.300000, d=0.450000) Observation Phase
28200: Observation recorded
28400: Observation recorded
28600: Observation recorded
28800: Observation recorded
29000: Observation recorded
29200: Observation recorded
29400: Observation recorded
29600: Observation recorded
29800: Observation recorded
30000: Observation recorded
30200: Observation recorded
30400: Observation recorded
30600: Observation recorded
30800: Observation recorded
31000: Observation recorded
31200: Observation recorded
31400: Observation recorded
31600: Observation recorded
31800: Observation recorded
32000: Observation recorded
32000: Phase complete: (T=0.300000, d=0.450000) Observation Phase
