0: Phase started: (T=0.300000, d=0.250000) Equilibration Phase
200: Temperature measured at: 0.5991, adjusted to: 0.3
400: Temperature measured at: 0.4141, adjusted to: 0.3
600: Temperature measured at: 0.3923, adjusted to: 0.3
800: Temperature measured at: 0.3877, adjusted to: 0.3
1000: Temperature measured at: 0.38, adjusted to: 0.3
1200: Temperature measured at: 0.3704, adjusted to: 0.3
1400: Temperature measured at: 0.38, adjusted to: 0.3
1600: Temperature measured at: 0.3588, adjusted to: 0.3
1800: Temperature measured at: 0.3575, adjusted to: 0.3
2000: Temperature measured at: 0.3673, adjusted to: 0.3
2200: Temperature measured at: 0.351, adjusted to: 0.3
2400: Temperature measured at: 0.3478, adjusted to: 0.3
2600: Temperature measured at: 0.3261, adjusted to: 0.3
2800: Temperature measured at: 0.3305, adjusted to: 0.3
3000: Temperature measured at: 0.329, adjusted to: 0.3
3200: Temperature measured at: 0.3283, adjusted to: 0.3
3400: Temperature measured at: 0.3224, adjusted to: 0.3
3800: Temperature measured at: 0.3179, adjusted to: 0.3
4000: Temperature measured at: 0.3165, adjusted to: 0.3
4200: Temperature measured at: 0.3229, adjusted to: 0.3
4400: Temperature measured at: 0.3209, adjusted to: 0.3
5000: Temperature measured at: 0.3311, adjusted to: 0.3
5200: Temperature measured at: 0.3169, adjusted to: 0.3
5400: Temperature measured at: 0.3176, adjusted to: 0.3
6200: Temperature measured at: 0.3219, adjusted to: 0.3
6600: Temperature measured at: 0.3179, adjusted to: 0.3
7600: Temperature measured at: 0.3187, adjusted to: 0.3
7800: Temperature measured at: 0.315, adjusted to: 0.3
8800: Temperature measured at: 0.3153, adjusted to: 0.3
9400: Temperature measured at: 0.317, adjusted to: 0.3
10400: Temperature measured at: 0.317, adjusted to: 0.3
12200: Temperature measured at: 0.319, adjusted to: 0.3
17200: Phase complete: (T=0.300000, d=0.250000) Equilibration Phase
17200: Phase started: (T=0.300000, d=0.250000) Observation Phase
17400: Observation recorded
17600: Observation recorded
17800: Observation recorded
18000: Observation recorded
18200: Observation recorded
18400: Observation recorded
18600: Observation recorded
18800: Observation recorded
19000: Observation recorded
19200: Observation recorded
19400: Observation recorded
19600: Observation recorded
19800: Observation recorded
20000: Observation recorded
20200: Observation recorded
20400: Observation recorded
20600: Observation recorded
20800: Observation recorded
21000: Observation recorded
21200: Observation recorded
21200: Phase complete: (T=0.300000, d=0.250000) Observation Phase
