0: Phase started: (T=1.000000, d=0.100000) Equilibration Phase
200: Temperature measured at: 1.151, adjusted to: 1
600: Temperature measured at: 1.066, adjusted to: 1
1200: Temperature measured at: 1.054, adjusted to: 1
4800: Temperature measured at: 1.055, adjusted to: 1
8800: Temperature measured at: 0.9382, adjusted to: 1
9800: Temperature measured at: 1.06, adjusted to: 1
14800: Phase complete: (T=1.000000, d=0.100000) Equilibration Phase
14800: Phase started: (T=1.000000, d=0.100000) Observation Phase
15000: Observation recorded
15200: Observation recorded
15400: Observation recorded
15600: Observation recorded
15800: Observation recorded
16000: Observation recorded
16200: Observation recorded
16400: Observation recorded
16600: Observation recorded
16800: Observation recorded
17000: Observation recorded
17200: Observation recorded
17400: Observation recorded
17600: Observation recorded
17800: Observation recorded
18000: Observation recorded
18200: Observation recorded
18400: Observation recorded
18600: Observation recorded
18800: Observation recorded
18800: Phase complete: (T=1.000000, d=0.100000) Observation Phase
