0: Phase started: (T=0.300000, d=1.300000) Equilibration Phase
200: Temperature measured at: 0.1502, adjusted to: 0.3
400: Temperature measured at: 0.2145, adjusted to: 0.3
600: Temperature measured at: 0.2352, adjusted to: 0.3
800: Temperature measured at: 0.2569, adjusted to: 0.3
1000: Temperature measured at: 0.2785, adjusted to: 0.3
1200: Temperature measured at: 0.2777, adjusted to: 0.3
6200: Phase complete: (T=0.300000, d=1.300000) Equilibration Phase
6200: Phase started: (T=0.300000, d=1.300000) Observation Phase
6400: Observation recorded
6600: Observation recorded
6800: Observation recorded
7000: Observation recorded
7200: Observation recorded
7400: Observation recorded
7600: Observation recorded
7800: Observation recorded
8000: Observation recorded
8200: Observation recorded
8400: Observation recorded
8600: Observation recorded
8800: Observation recorded
9000: Observation recorded
9200: Observation recorded
9400: Observation recorded
9600: Observation recorded
9800: Observation recorded
10000: Observation recorded
10200: Observation recorded
10200: Phase complete: (T=0.300000, d=1.300000) Observation Phase
