0: Phase started: (T=0.700000, d=0.300000) Equilibration Phase
200: Temperature measured at: 1.047, adjusted to: 0.7
400: Temperature measured at: 0.7741, adjusted to: 0.7
800: Temperature measured at: 0.7459, adjusted to: 0.7
1600: Temperature measured at: 0.7389, adjusted to: 0.7
3200: Temperature measured at: 0.7464, adjusted to: 0.7
8200: Phase complete: (T=0.700000, d=0.300000) Equilibration Phase
8200: Phase started: (T=0.700000, d=0.300000) Observation Phase
8400: Observation recorded
8600: Observation recorded
8800: Observation recorded
9000: Observation recorded
9200: Observation recorded
9400: Observation recorded
9600: Observation recorded
9800: Observation recorded
10000: Observation recorded
10200: Observation recorded
10400: Observation recorded
10600: Observation recorded
10800: Observation recorded
11000: Observation recorded
11200: Observation recorded
11400: Observation recorded
11600: Observation recorded
11800: Observation recorded
12000: Observation recorded
12200: Observation recorded
12200: Phase complete: (T=0.700000, d=0.300000) Observation Phase
