0: Phase started: (T=0.300000, d=0.750000) Equilibration Phase
200: Temperature measured at: 0.1753, adjusted to: 0.3
400: Temperature measured at: 0.2565, adjusted to: 0.3
1200: Temperature measured at: 0.3299, adjusted to: 0.3
1600: Temperature measured at: 0.3196, adjusted to: 0.3
2000: Temperature measured at: 0.3254, adjusted to: 0.3
3400: Temperature measured at: 0.3166, adjusted to: 0.3
4400: Temperature measured at: 0.3214, adjusted to: 0.3
4600: Temperature measured at: 0.3174, adjusted to: 0.3
6000: Temperature measured at: 0.3152, adjusted to: 0.3
6800: Temperature measured at: 0.3177, adjusted to: 0.3
7400: Temperature measured at: 0.3203, adjusted to: 0.3
8000: Temperature measured at: 0.3156, adjusted to: 0.3
8400: Temperature measured at: 0.3218, adjusted to: 0.3
11200: Temperature measured at: 0.3152, adjusted to: 0.3
16200: Phase complete: (T=0.300000, d=0.750000) Equilibration Phase
16200: Phase started: (T=0.300000, d=0.750000) Observation Phase
16400: Observation recorded
16600: Observation recorded
16800: Observation recorded
17000: Observation recorded
17200: Observation recorded
17400: Observation recorded
17600: Observation recorded
17800: Observation recorded
18000: Observation recorded
18200: Observation recorded
18400: Observation recorded
18600: Observation recorded
18800: Observation recorded
19000: Observation recorded
19200: Observation recorded
19400: Observation recorded
19600: Observation recorded
19800: Observation recorded
20000: Observation recorded
20200: Observation recorded
20200: Phase complete: (T=0.300000, d=0.750000) Observation Phase
