0: Phase started: (T=1.600000, d=1.400000) Equilibration Phase
200: Temperature measured at: 0.8063, adjusted to: 1.6
400: Temperature measured at: 1.21, adjusted to: 1.6
600: Temperature measured at: 1.425, adjusted to: 1.6
800: Temperature measured at: 1.49, adjusted to: 1.6
5800: Phase complete: (T=1.600000, d=1.400000) Equilibration Phase
5800: Phase started: (T=1.600000, d=1.400000) Observation Phase
6000: Observation recorded
6200: Observation recorded
6400: Observation recorded
6600: Observation recorded
6800: Observation recorded
7000: Observation recorded
7200: Observation recorded
7400: Observation recorded
7600: Observation recorded
7800: Observation recorded
8000: Observation recorded
8200: Observation recorded
8400: Observation recorded
8600: Observation recorded
8800: Observation recorded
9000: Observation recorded
9200: Observation recorded
9400: Observation recorded
9600: Observation recorded
9800: Observation recorded
9800: Phase complete: (T=1.600000, d=1.400000) Observation Phase
