0: Phase started: (T=0.900000, d=0.350000) Equilibration Phase
200: Temperature measured at: 1.211, adjusted to: 0.9
400: Temperature measured at: 0.9937, adjusted to: 0.9
2800: Temperature measured at: 0.9521, adjusted to: 0.9
7800: Phase complete: (T=0.900000, d=0.350000) Equilibration Phase
7800: Phase started: (T=0.900000, d=0.350000) Observation Phase
8000: Observation recorded
8200: Observation recorded
8400: Observation recorded
8600: Observation recorded
8800: Observation recorded
9000: Observation recorded
9200: Observation recorded
9400: Observation recorded
9600: Observation recorded
9800: Observation recorded
10000: Observation recorded
10200: Observation recorded
10400: Observation recorded
10600: Observation recorded
10800: Observation recorded
11000: Observation recorded
11200: Observation recorded
11400: Observation recorded
11600: Observation recorded
11800: Observation recorded
11800: Phase complete: (T=0.900000, d=0.350000) Observation Phase
