0: Phase started: (T=1.800000, d=1.000000) Equilibration Phase
200: Temperature measured at: 0.9442, adjusted to: 1.8
400: Temperature measured at: 1.419, adjusted to: 1.8
600: Temperature measured at: 1.607, adjusted to: 1.8
1000: Temperature measured at: 1.699, adjusted to: 1.8
1400: Temperature measured at: 1.699, adjusted to: 1.8
2200: Temperature measured at: 1.674, adjusted to: 1.8
2600: Temperature measured at: 1.683, adjusted to: 1.8
3200: Temperature measured at: 1.71, adjusted to: 1.8
8200: Phase complete: (T=1.800000, d=1.000000) Equilibration Phase
8200: Phase started: (T=1.800000, d=1.000000) Observation Phase
8400: Observation recorded
8600: Observation recorded
8800: Observation recorded
9000: Observation recorded
9200: Observation recorded
9400: Observation recorded
9600: Observation recorded
9800: Observation recorded
10000: Observation recorded
10200: Observation recorded
10400: Observation recorded
10600: Observation recorded
10800: Observation recorded
11000: Observation recorded
11200: Observation recorded
11400: Observation recorded
11600: Observation recorded
11800: Observation recorded
12000: Observation recorded
12200: Observation recorded
12200: Phase complete: (T=1.800000, d=1.000000) Observation Phase
