0: Phase started: (T=0.500000, d=1.150000) Equilibration Phase
200: Temperature measured at: 0.2523, adjusted to: 0.5
400: Temperature measured at: 0.3769, adjusted to: 0.5
600: Temperature measured at: 0.4382, adjusted to: 0.5
5600: Phase complete: (T=0.500000, d=1.150000) Equilibration Phase
5600: Phase started: (T=0.500000, d=1.150000) Observation Phase
5800: Observation recorded
6000: Observation recorded
6200: Observation recorded
6400: Observation recorded
6600: Observation recorded
6800: Observation recorded
7000: Observation recorded
7200: Observation recorded
7400: Observation recorded
7600: Observation recorded
7800: Observation recorded
8000: Observation recorded
8200: Observation recorded
8400: Observation recorded
8600: Observation recorded
8800: Observation recorded
9000: Observation recorded
9200: Observation recorded
9400: Observation recorded
9600: Observation recorded
9600: Phase complete: (T=0.500000, d=1.150000) Observation Phase
