0: Phase started: (T=0.400000, d=0.200000) Equilibration Phase
200: Temperature measured at: 0.6468, adjusted to: 0.4
400: Temperature measured at: 0.4815, adjusted to: 0.4
600: Temperature measured at: 0.4543, adjusted to: 0.4
800: Temperature measured at: 0.4564, adjusted to: 0.4
1000: Temperature measured at: 0.4404, adjusted to: 0.4
1200: Temperature measured at: 0.448, adjusted to: 0.4
1400: Temperature measured at: 0.4339, adjusted to: 0.4
1600: Temperature measured at: 0.441, adjusted to: 0.4
1800: Temperature measured at: 0.431, adjusted to: 0.4
2000: Temperature measured at: 0.4407, adjusted to: 0.4
2200: Temperature measured at: 0.4403, adjusted to: 0.4
2400: Temperature measured at: 0.4376, adjusted to: 0.4
2600: Temperature measured at: 0.4409, adjusted to: 0.4
2800: Temperature measured at: 0.4319, adjusted to: 0.4
3000: Temperature measured at: 0.4445, adjusted to: 0.4
3200: Temperature measured at: 0.4488, adjusted to: 0.4
3400: Temperature measured at: 0.4359, adjusted to: 0.4
3800: Temperature measured at: 0.4375, adjusted to: 0.4
4200: Temperature measured at: 0.4453, adjusted to: 0.4
4600: Temperature measured at: 0.4258, adjusted to: 0.4
4800: Temperature measured at: 0.422, adjusted to: 0.4
5000: Temperature measured at: 0.4297, adjusted to: 0.4
5800: Temperature measured at: 0.4252, adjusted to: 0.4
6600: Temperature measured at: 0.4237, adjusted to: 0.4
7200: Temperature measured at: 0.4267, adjusted to: 0.4
7600: Temperature measured at: 0.4215, adjusted to: 0.4
8000: Temperature measured at: 0.421, adjusted to: 0.4
8400: Temperature measured at: 0.4248, adjusted to: 0.4
9400: Temperature measured at: 0.4212, adjusted to: 0.4
11200: Temperature measured at: 0.4248, adjusted to: 0.4
15800: Temperature measured at: 0.4208, adjusted to: 0.4
20800: Phase complete: (T=0.400000, d=0.200000) Equilibration Phase
20800: Phase started: (T=0.400000, d=0.200000) Observation Phase
21000: Observation recorded
21200: Observation recorded
21400: Observation recorded
21600: Observation recorded
21800: Observation recorded
22000: Observation recorded
22200: Observation recorded
22400: Observation recorded
22600: Observation recorded
22800: Observation recorded
23000: Observation recorded
23200: Observation recorded
23400: Observation recorded
23600: Observation recorded
23800: Observation recorded
24000: Observation recorded
24200: Observation recorded
24400: Observation recorded
24600: Observation recorded
24800: Observation recorded
24800: Phase complete: (T=0.400000, d=0.200000) Observation Phase
