0: Phase started: (T=0.600000, d=0.950000) Equilibration Phase
200: Temperature measured at: 0.3107, adjusted to: 0.6
400: Temperature measured at: 0.4615, adjusted to: 0.6
600: Temperature measured at: 0.5276, adjusted to: 0.6
1000: Temperature measured at: 0.5675, adjusted to: 0.6
6000: Phase complete: (T=0.600000, d=0.950000) Equilibration Phase
6000: Phase started: (T=0.600000, d=0.950000) Observation Phase
6200: Observation recorded
6400: Observation recorded
6600: Observation recorded
6800: Observation recorded
7000: Observation recorded
7200: Observation recorded
7400: Observation recorded
7600: Observation recorded
7800: Observation recorded
8000: Observation recorded
8200: Observation recorded
8400: Observation recorded
8600: Observation recorded
8800: Observation recorded
9000: Observation recorded
9200: Observation recorded
9400: Observation recorded
9600: Observation recorded
9800: Observation recorded
10000: Observation recorded
10000: Phase complete: (T=0.600000, d=0.950000) Observation Phase
