0: Phase started: (T=1.300000, d=0.700000) Equilibration Phase
200: Temperature measured at: 0.879, adjusted to: 1.3
400: Temperature measured at: 1.155, adjusted to: 1.3
1400: Temperature measured at: 1.232, adjusted to: 1.3
6400: Phase complete: (T=1.300000, d=0.700000) Equilibration Phase
6400: Phase started: (T=1.300000, d=0.700000) Observation Phase
6600: Observation recorded
6800: Observation recorded
7000: Observation recorded
7200: Observation recorded
7400: Observation recorded
7600: Observation recorded
7800: Observation recorded
8000: Observation recorded
8200: Observation recorded
8400: Observation recorded
8600: Observation recorded
8800: Observation recorded
9000: Observation recorded
9200: Observation recorded
9400: Observation recorded
9600: Observation recorded
9800: Observation recorded
10000: Observation recorded
10200: Observation recorded
10400: Observation recorded
10400: Phase complete: (T=1.300000, d=0.700000) Observation Phase
