0: Phase started: (T=0.100000, d=0.450000) Equilibration Phase
200: Temperature measured at: 0.3388, adjusted to: 0.1
400: Temperature measured at: 0.2897, adjusted to: 0.1
600: Temperature measured at: 0.2585, adjusted to: 0.1
800: Temperature measured at: 0.2299, adjusted to: 0.1
1000: Temperature measured at: 0.1995, adjusted to: 0.1
1200: Temperature measured at: 0.1703, adjusted to: 0.1
1400: Temperature measured at: 0.1548, adjusted to: 0.1
1600: Temperature measured at: 0.1444, adjusted to: 0.1
1800: Temperature measured at: 0.1362, adjusted to: 0.1
2000: Temperature measured at: 0.1358, adjusted to: 0.1
2200: Temperature measured at: 0.1275, adjusted to: 0.1
2400: Temperature measured at: 0.1251, adjusted to: 0.1
2600: Temperature measured at: 0.1205, adjusted to: 0.1
2800: Temperature measured at: 0.1149, adjusted to: 0.1
3000: Temperature measured at: 0.1143, adjusted to: 0.1
3200: Temperature measured at: 0.1129, adjusted to: 0.1
3400: Temperature measured at: 0.1128, adjusted to: 0.1
3600: Temperature measured at: 0.1098, adjusted to: 0.1
3800: Temperature measured at: 0.11, adjusted to: 0.1
4000: Temperature measured at: 0.106, adjusted to: 0.1
4400: Temperature measured at: 0.1056, adjusted to: 0.1
4600: Temperature measured at: 0.1067, adjusted to: 0.1
4800: Temperature measured at: 0.1061, adjusted to: 0.1
5200: Temperature measured at: 0.1053, adjusted to: 0.1
5600: Temperature measured at: 0.1084, adjusted to: 0.1
6200: Temperature measured at: 0.1065, adjusted to: 0.1
6400: Temperature measured at: 0.1058, adjusted to: 0.1
7600: Temperature measured at: 0.1053, adjusted to: 0.1
8200: Temperature measured at: 0.1059, adjusted to: 0.1
9200: Temperature measured at: 0.1061, adjusted to: 0.1
11600: Temperature measured at: 0.1054, adjusted to: 0.1
15400: Temperature measured at: 0.1053, adjusted to: 0.1
20400: Phase complete: (T=0.100000, d=0.450000) Equilibration Phase
20400: Phase started: (T=0.100000, d=0.450000) Observation Phase
20600: Observation recorded
20800: Observation recorded
21000: Observation recorded
21200: Observation recorded
21400: Observation recorded
21600: Observation recorded
21800: Observation recorded
22000: Observation recorded
22200: Observation recorded
22400: Observation recorded
22600: Observation recorded
22800: Observation recorded
23000: Observation recorded
23200: Observation recorded
23400: Observation recorded
23600: Observation recorded
23800: Observation recorded
24000: Observation recorded
24200: Observation recorded
24400: Observation recorded
24400: Phase complete: (T=0.100000, d=0.450000) Observation Phase
