0: Phase started: (T=0.400000, d=0.150000) Equilibration Phase
200: Temperature measured at: 0.5381, adjusted to: 0.4
400: Temperature measured at: 0.4667, adjusted to: 0.4
600: Temperature measured at: 0.4598, adjusted to: 0.4
800: Temperature measured at: 0.4436, adjusted to: 0.4
1000: Temperature measured at: 0.4246, adjusted to: 0.4
1200: Temperature measured at: 0.4278, adjusted to: 0.4
1400: Temperature measured at: 0.4303, adjusted to: 0.4
1600: Temperature measured at: 0.4346, adjusted to: 0.4
1800: Temperature measured at: 0.4248, adjusted to: 0.4
2000: Temperature measured at: 0.4392, adjusted to: 0.4
2200: Temperature measured at: 0.4307, adjusted to: 0.4
2400: Temperature measured at: 0.4282, adjusted to: 0.4
2600: Temperature measured at: 0.4447, adjusted to: 0.4
2800: Temperature measured at: 0.4303, adjusted to: 0.4
3000: Temperature measured at: 0.4369, adjusted to: 0.4
3200: Temperature measured at: 0.435, adjusted to: 0.4
3400: Temperature measured at: 0.4356, adjusted to: 0.4
3800: Temperature measured at: 0.4606, adjusted to: 0.4
4000: Temperature measured at: 0.4328, adjusted to: 0.4
4200: Temperature measured at: 0.4312, adjusted to: 0.4
4400: Temperature measured at: 0.4295, adjusted to: 0.4
4800: Temperature measured at: 0.4385, adjusted to: 0.4
5000: Temperature measured at: 0.4268, adjusted to: 0.4
5200: Temperature measured at: 0.4276, adjusted to: 0.4
5400: Temperature measured at: 0.4214, adjusted to: 0.4
5600: Temperature measured at: 0.4203, adjusted to: 0.4
5800: Temperature measured at: 0.4201, adjusted to: 0.4
6600: Temperature measured at: 0.442, adjusted to: 0.4
6800: Temperature measured at: 0.4347, adjusted to: 0.4
7200: Temperature measured at: 0.4307, adjusted to: 0.4
7400: Temperature measured at: 0.4413, adjusted to: 0.4
7800: Temperature measured at: 0.4331, adjusted to: 0.4
8000: Temperature measured at: 0.4241, adjusted to: 0.4
8200: Temperature measured at: 0.4225, adjusted to: 0.4
8400: Temperature measured at: 0.4345, adjusted to: 0.4
8600: Temperature measured at: 0.4268, adjusted to: 0.4
10200: Temperature measured at: 0.4237, adjusted to: 0.4
11800: Temperature measured at: 0.4212, adjusted to: 0.4
12600: Temperature measured at: 0.4304, adjusted to: 0.4
13600: Temperature measured at: 0.4253, adjusted to: 0.4
17400: Temperature measured at: 0.4221, adjusted to: 0.4
21000: Temperature measured at: 0.4225, adjusted to: 0.4
26000: Phase complete: (T=0.400000, d=0.150000) Equilibration Phase
26000: Phase started: (T=0.400000, d=0.150000) Observation Phase
26200: Observation recorded
26400: Observation recorded
26600: Observation recorded
26800: Observation recorded
27000: Observation recorded
27200: Observation recorded
27400: Observation recorded
27600: Observation recorded
27800: Observation recorded
28000: Observation recorded
28200: Observation recorded
28400: Observation recorded
28600: Observation recorded
28800: Observation recorded
29000: Observation recorded
29200: Observation recorded
29400: Observation recorded
29600: Observation recorded
29800: Observation recorded
30000: Observation recorded
30000: Phase complete: (T=0.400000, d=0.150000) Observation Phase
