0: Phase started: (T=0.300000, d=0.650000) Equilibration Phase
200: Temperature measured at: 0.275, adjusted to: 0.3
400: Temperature measured at: 0.3257, adjusted to: 0.3
600: Temperature measured at: 0.3374, adjusted to: 0.3
800: Temperature measured at: 0.3232, adjusted to: 0.3
1000: Temperature measured at: 0.3273, adjusted to: 0.3
1200: Temperature measured at: 0.3226, adjusted to: 0.3
1400: Temperature measured at: 0.317, adjusted to: 0.3
1600: Temperature measured at: 0.3229, adjusted to: 0.3
2000: Temperature measured at: 0.3157, adjusted to: 0.3
2200: Temperature measured at: 0.316, adjusted to: 0.3
3000: Temperature measured at: 0.3208, adjusted to: 0.3
3400: Temperature measured at: 0.3179, adjusted to: 0.3
4000: Temperature measured at: 0.3181, adjusted to: 0.3
6200: Temperature measured at: 0.3237, adjusted to: 0.3
7200: Temperature measured at: 0.3158, adjusted to: 0.3
8000: Temperature measured at: 0.3179, adjusted to: 0.3
13000: Phase complete: (T=0.300000, d=0.650000) Equilibration Phase
13000: Phase started: (T=0.300000, d=0.650000) Observation Phase
13200: Observation recorded
13400: Observation recorded
13600: Observation recorded
13800: Observation recorded
14000: Observation recorded
14200: Observation recorded
14400: Observation recorded
14600: Observation recorded
14800: Observation recorded
15000: Observation recorded
15200: Observation recorded
15400: Observation recorded
15600: Observation recorded
15800: Observation recorded
16000: Observation recorded
16200: Observation recorded
16400: Observation recorded
16600: Observation recorded
16800: Observation recorded
17000: Observation recorded
17000: Phase complete: (T=0.300000, d=0.650000) Observation Phase
