0: Phase started: (T=0.400000, d=0.100000) Equilibration Phase
200: Temperature measured at: 0.4519, adjusted to: 0.4
400: Temperature measured at: 0.4463, adjusted to: 0.4
600: Temperature measured at: 0.4338, adjusted to: 0.4
1000: Temperature measured at: 0.4482, adjusted to: 0.4
1200: Temperature measured at: 0.4239, adjusted to: 0.4
1400: Temperature measured at: 0.4241, adjusted to: 0.4
1800: Temperature measured at: 0.4218, adjusted to: 0.4
2000: Temperature measured at: 0.4343, adjusted to: 0.4
2400: Temperature measured at: 0.4226, adjusted to: 0.4
2600: Temperature measured at: 0.4355, adjusted to: 0.4
3000: Temperature measured at: 0.4355, adjusted to: 0.4
3400: Temperature measured at: 0.4275, adjusted to: 0.4
3600: Temperature measured at: 0.4279, adjusted to: 0.4
3800: Temperature measured at: 0.4257, adjusted to: 0.4
4200: Temperature measured at: 0.4411, adjusted to: 0.4
4400: Temperature measured at: 0.4292, adjusted to: 0.4
4800: Temperature measured at: 0.445, adjusted to: 0.4
5200: Temperature measured at: 0.4354, adjusted to: 0.4
5600: Temperature measured at: 0.4422, adjusted to: 0.4
5800: Temperature measured at: 0.429, adjusted to: 0.4
6000: Temperature measured at: 0.4213, adjusted to: 0.4
6400: Temperature measured at: 0.4391, adjusted to: 0.4
6800: Temperature measured at: 0.4254, adjusted to: 0.4
7600: Temperature measured at: 0.4208, adjusted to: 0.4
8200: Temperature measured at: 0.4318, adjusted to: 0.4
8600: Temperature measured at: 0.4304, adjusted to: 0.4
9000: Temperature measured at: 0.4225, adjusted to: 0.4
9200: Temperature measured at: 0.4224, adjusted to: 0.4
9600: Temperature measured at: 0.4314, adjusted to: 0.4
9800: Temperature measured at: 0.4225, adjusted to: 0.4
10400: Temperature measured at: 0.424, adjusted to: 0.4
12400: Temperature measured at: 0.4265, adjusted to: 0.4
13800: Temperature measured at: 0.4201, adjusted to: 0.4
15800: Temperature measured at: 0.4276, adjusted to: 0.4
16600: Temperature measured at: 0.4219, adjusted to: 0.4
17400: Temperature measured at: 0.4309, adjusted to: 0.4
18400: Temperature measured at: 0.4238, adjusted to: 0.4
20800: Temperature measured at: 0.4273, adjusted to: 0.4
21200: Temperature measured at: 0.4211, adjusted to: 0.4
22600: Temperature measured at: 0.4233, adjusted to: 0.4
23000: Temperature measured at: 0.4261, adjusted to: 0.4
23600: Temperature measured at: 0.4204, adjusted to: 0.4
24000: Temperature measured at: 0.4249, adjusted to: 0.4
24200: Temperature measured at: 0.4226, adjusted to: 0.4
24400: Temperature measured at: 0.4215, adjusted to: 0.4
25000: Temperature measured at: 0.427, adjusted to: 0.4
30000: Phase complete: (T=0.400000, d=0.100000) Equilibration Phase
30000: Phase started: (T=0.400000, d=0.100000) Observation Phase
30200: Observation recorded
30400: Observation recorded
30600: Observation recorded
30800: Observation recorded
31000: Observation recorded
31200: Observation recorded
31400: Observation recorded
31600: Observation recorded
31800: Observation recorded
32000: Observation recorded
32200: Observation recorded
32400: Observation recorded
32600: Observation recorded
32800: Observation recorded
33000: Observation recorded
33200: Observation recorded
33400: Observation recorded
33600: Observation recorded
33800: Observation recorded
34000: Observation recorded
34000: Phase complete: (T=0.400000, d=0.100000) Observation Phase
