0: Phase started: (T=0.700000, d=0.200000) Equilibration Phase
200: Temperature measured at: 0.9778, adjusted to: 0.7
400: Temperature measured at: 0.7668, adjusted to: 0.7
800: Temperature measured at: 0.7557, adjusted to: 0.7
1000: Temperature measured at: 0.7413, adjusted to: 0.7
2400: Temperature measured at: 0.7367, adjusted to: 0.7
7400: Phase complete: (T=0.700000, d=0.200000) Equilibration Phase
7400: Phase started: (T=0.700000, d=0.200000) Observation Phase
7600: Observation recorded
7800: Observation recorded
8000: Observation recorded
8200: Observation recorded
8400: Observation recorded
8600: Observation recorded
8800: Observation recorded
9000: Observation recorded
9200: Observation recorded
9400: Observation recorded
9600: Observation recorded
9800: Observation recorded
10000: Observation recorded
10200: Observation recorded
10400: Observation recorded
10600: Observation recorded
10800: Observation recorded
11000: Observation recorded
11200: Observation recorded
11400: Observation recorded
11400: Phase complete: (T=0.700000, d=0.200000) Observation Phase
