0: Phase started: (T=0.500000, d=0.550000) Equilibration Phase
200: Temperature measured at: 0.5841, adjusted to: 0.5
400: Temperature measured at: 0.5521, adjusted to: 0.5
800: Temperature measured at: 0.5367, adjusted to: 0.5
1400: Temperature measured at: 0.5298, adjusted to: 0.5
1800: Temperature measured at: 0.5372, adjusted to: 0.5
2200: Temperature measured at: 0.5325, adjusted to: 0.5
3800: Temperature measured at: 0.5315, adjusted to: 0.5
4400: Temperature measured at: 0.5308, adjusted to: 0.5
5000: Temperature measured at: 0.5253, adjusted to: 0.5
5600: Temperature measured at: 0.5339, adjusted to: 0.5
8800: Temperature measured at: 0.5283, adjusted to: 0.5
13800: Phase complete: (T=0.500000, d=0.550000) Equilibration Phase
13800: Phase started: (T=0.500000, d=0.550000) Observation Phase
14000: Observation recorded
14200: Observation recorded
14400: Observation recorded
14600: Observation recorded
14800: Observation recorded
15000: Observation recorded
15200: Observation recorded
15400: Observation recorded
15600: Observation recorded
15800: Observation recorded
16000: Observation recorded
16200: Observation recorded
16400: Observation recorded
16600: Observation recorded
16800: Observation recorded
17000: Observation recorded
17200: Observation recorded
17400: Observation recorded
17600: Observation recorded
17800: Observation recorded
17800: Phase complete: (T=0.500000, d=0.550000) Observation Phase
