0: Phase started: (T=0.500000, d=0.500000) Equilibration Phase
200: Temperature measured at: 0.6658, adjusted to: 0.5
400: Temperature measured at: 0.6242, adjusted to: 0.5
600: Temperature measured at: 0.5511, adjusted to: 0.5
800: Temperature measured at: 0.5567, adjusted to: 0.5
1000: Temperature measured at: 0.5695, adjusted to: 0.5
1200: Temperature measured at: 0.5583, adjusted to: 0.5
1600: Temperature measured at: 0.5475, adjusted to: 0.5
1800: Temperature measured at: 0.542, adjusted to: 0.5
2000: Temperature measured at: 0.5383, adjusted to: 0.5
2400: Temperature measured at: 0.5279, adjusted to: 0.5
3000: Temperature measured at: 0.5407, adjusted to: 0.5
3200: Temperature measured at: 0.5251, adjusted to: 0.5
5000: Temperature measured at: 0.5268, adjusted to: 0.5
5200: Temperature measured at: 0.5271, adjusted to: 0.5
6000: Temperature measured at: 0.5323, adjusted to: 0.5
6400: Temperature measured at: 0.5315, adjusted to: 0.5
11400: Phase complete: (T=0.500000, d=0.500000) Equilibration Phase
11400: Phase started: (T=0.500000, d=0.500000) Observation Phase
11600: Observation recorded
11800: Observation recorded
12000: Observation recorded
12200: Observation recorded
12400: Observation recorded
12600: Observation recorded
12800: Observation recorded
13000: Observation recorded
13200: Observation recorded
13400: Observation recorded
13600: Observation recorded
13800: Observation recorded
14000: Observation recorded
14200: Observation recorded
14400: Observation recorded
14600: Observation recorded
14800: Observation recorded
15000: Observation recorded
15200: Observation recorded
15400: Observation recorded
15400: Phase complete: (T=0.500000, d=0.500000) Observation Phase
