0: Phase started: (T=0.700000, d=0.500000) Equilibration Phase
200: Temperature measured at: 0.827, adjusted to: 0.7
600: Temperature measured at: 0.7824, adjusted to: 0.7
1000: Temperature measured at: 0.7771, adjusted to: 0.7
1200: Temperature measured at: 0.7531, adjusted to: 0.7
1400: Temperature measured at: 0.7376, adjusted to: 0.7
1800: Temperature measured at: 0.7494, adjusted to: 0.7
2200: Temperature measured at: 0.7379, adjusted to: 0.7
7200: Phase complete: (T=0.700000, d=0.500000) Equilibration Phase
7200: Phase started: (T=0.700000, d=0.500000) Observation Phase
7400: Observation recorded
7600: Observation recorded
7800: Observation recorded
8000: Observation recorded
8200: Observation recorded
8400: Observation recorded
8600: Observation recorded
8800: Observation recorded
9000: Observation recorded
9200: Observation recorded
9400: Observation recorded
9600: Observation recorded
9800: Observation recorded
10000: Observation recorded
10200: Observation recorded
10400: Observation recorded
10600: Observation recorded
10800: Observation recorded
11000: Observation recorded
11200: Observation recorded
11200: Phase complete: (T=0.700000, d=0.500000) Observation Phase
