0: Phase started: (T=0.500000, d=0.500000) Equilibration Phase
200: Temperature measured at: 0.6537, adjusted to: 0.5
400: Temperature measured at: 0.569, adjusted to: 0.5
600: Temperature measured at: 0.5429, adjusted to: 0.5
800: Temperature measured at: 0.5279, adjusted to: 0.5
1200: Temperature measured at: 0.5331, adjusted to: 0.5
1800: Temperature measured at: 0.5389, adjusted to: 0.5
2000: Temperature measured at: 0.5296, adjusted to: 0.5
2200: Temperature measured at: 0.5395, adjusted to: 0.5
2400: Temperature measured at: 0.5255, adjusted to: 0.5
3600: Temperature measured at: 0.5296, adjusted to: 0.5
8600: Phase complete: (T=0.500000, d=0.500000) Equilibration Phase
8600: Phase started: (T=0.500000, d=0.500000) Observation Phase
8800: Observation recorded
9000: Observation recorded
9200: Observation recorded
9400: Observation recorded
9600: Observation recorded
9800: Observation recorded
10000: Observation recorded
10200: Observation recorded
10400: Observation recorded
10600: Observation recorded
10800: Observation recorded
11000: Observation recorded
11200: Observation recorded
11400: Observation recorded
11600: Observation recorded
11800: Observation recorded
12000: Observation recorded
12200: Observation recorded
12400: Observation recorded
12600: Observation recorded
12600: Phase complete: (T=0.500000, d=0.500000) Observation Phase
