0: Phase started: (T=1.100000, d=0.100000) Equilibration Phase
200: Temperature measured at: 1.256, adjusted to: 1.1
600: Temperature measured at: 1.169, adjusted to: 1.1
2200: Temperature measured at: 1.185, adjusted to: 1.1
7200: Phase complete: (T=1.100000, d=0.100000) Equilibration Phase
7200: Phase started: (T=1.100000, d=0.100000) Observation Phase
7400: Observation recorded
7600: Observation recorded
7800: Observation recorded
8000: Observation recorded
8200: Observation recorded
8400: Observation recorded
8600: Observation recorded
8800: Observation recorded
9000: Observation recorded
9200: Observation recorded
9400: Observation recorded
9600: Observation recorded
9800: Observation recorded
10000: Observation recorded
10200: Observation recorded
10400: Observation recorded
10600: Observation recorded
10800: Observation recorded
11000: Observation recorded
11200: Observation recorded
11200: Phase complete: (T=1.100000, d=0.100000) Observation Phase
