0: Phase started: (T=0.500000, d=0.300000) Equilibration Phase
200: Temperature measured at: 0.8302, adjusted to: 0.5
400: Temperature measured at: 0.619, adjusted to: 0.5
600: Temperature measured at: 0.6114, adjusted to: 0.5
800: Temperature measured at: 0.583, adjusted to: 0.5
1000: Temperature measured at: 0.5709, adjusted to: 0.5
1200: Temperature measured at: 0.6025, adjusted to: 0.5
1400: Temperature measured at: 0.5777, adjusted to: 0.5
1600: Temperature measured at: 0.5857, adjusted to: 0.5
1800: Temperature measured at: 0.5869, adjusted to: 0.5
2000: Temperature measured at: 0.5617, adjusted to: 0.5
2200: Temperature measured at: 0.5608, adjusted to: 0.5
2400: Temperature measured at: 0.5489, adjusted to: 0.5
2600: Temperature measured at: 0.5294, adjusted to: 0.5
2800: Temperature measured at: 0.5295, adjusted to: 0.5
3000: Temperature measured at: 0.5352, adjusted to: 0.5
3200: Temperature measured at: 0.5315, adjusted to: 0.5
3600: Temperature measured at: 0.5344, adjusted to: 0.5
4200: Temperature measured at: 0.5408, adjusted to: 0.5
5600: Temperature measured at: 0.5283, adjusted to: 0.5
6000: Temperature measured at: 0.5279, adjusted to: 0.5
7200: Temperature measured at: 0.5308, adjusted to: 0.5
12200: Phase complete: (T=0.500000, d=0.300000) Equilibration Phase
12200: Phase started: (T=0.500000, d=0.300000) Observation Phase
12400: Observation recorded
12600: Observation recorded
12800: Observation recorded
13000: Observation recorded
13200: Observation recorded
13400: Observation recorded
13600: Observation recorded
13800: Observation recorded
14000: Observation recorded
14200: Observation recorded
14400: Observation recorded
14600: Observation recorded
14800: Observation recorded
15000: Observation recorded
15200: Observation recorded
15400: Observation recorded
15600: Observation recorded
15800: Observation recorded
16000: Observation recorded
16200: Observation recorded
16200: Phase complete: (T=0.500000, d=0.300000) Observation Phase
