0: Phase started: (T=0.400000, d=0.450000) Equilibration Phase
200: Temperature measured at: 0.6487, adjusted to: 0.4
400: Temperature measured at: 0.5053, adjusted to: 0.4
600: Temperature measured at: 0.4804, adjusted to: 0.4
800: Temperature measured at: 0.4436, adjusted to: 0.4
1000: Temperature measured at: 0.4345, adjusted to: 0.4
1200: Temperature measured at: 0.4435, adjusted to: 0.4
1600: Temperature measured at: 0.4474, adjusted to: 0.4
1800: Temperature measured at: 0.4549, adjusted to: 0.4
2200: Temperature measured at: 0.4416, adjusted to: 0.4
2400: Temperature measured at: 0.4243, adjusted to: 0.4
2600: Temperature measured at: 0.4277, adjusted to: 0.4
3000: Temperature measured at: 0.4432, adjusted to: 0.4
3200: Temperature measured at: 0.426, adjusted to: 0.4
3400: Temperature measured at: 0.4304, adjusted to: 0.4
4800: Temperature measured at: 0.4316, adjusted to: 0.4
5600: Temperature measured at: 0.4211, adjusted to: 0.4
10600: Phase complete: (T=0.400000, d=0.450000) Equilibration Phase
10600: Phase started: (T=0.400000, d=0.450000) Observation Phase
10800: Observation recorded
11000: Observation recorded
11200: Observation recorded
11400: Observation recorded
11600: Observation recorded
11800: Observation recorded
12000: Observation recorded
12200: Observation recorded
12400: Observation recorded
12600: Observation recorded
12800: Observation recorded
13000: Observation recorded
13200: Observation recorded
13400: Observation recorded
13600: Observation recorded
13800: Observation recorded
14000: Observation recorded
14200: Observation recorded
14400: Observation recorded
14600: Observation recorded
14600: Phase complete: (T=0.400000, d=0.450000) Observation Phase
