0: Phase started: (T=0.300000, d=0.650000) Equilibration Phase
200: Temperature measured at: 0.2747, adjusted to: 0.3
400: Temperature measured at: 0.3229, adjusted to: 0.3
600: Temperature measured at: 0.3313, adjusted to: 0.3
800: Temperature measured at: 0.3333, adjusted to: 0.3
1000: Temperature measured at: 0.3341, adjusted to: 0.3
1400: Temperature measured at: 0.3189, adjusted to: 0.3
1600: Temperature measured at: 0.3227, adjusted to: 0.3
2200: Temperature measured at: 0.3264, adjusted to: 0.3
2400: Temperature measured at: 0.3205, adjusted to: 0.3
2600: Temperature measured at: 0.3172, adjusted to: 0.3
3400: Temperature measured at: 0.3212, adjusted to: 0.3
3800: Temperature measured at: 0.3199, adjusted to: 0.3
5000: Temperature measured at: 0.322, adjusted to: 0.3
5200: Temperature measured at: 0.3152, adjusted to: 0.3
7000: Temperature measured at: 0.3191, adjusted to: 0.3
12000: Phase complete: (T=0.300000, d=0.650000) Equilibration Phase
12000: Phase started: (T=0.300000, d=0.650000) Observation Phase
12200: Observation recorded
12400: Observation recorded
12600: Observation recorded
12800: Observation recorded
13000: Observation recorded
13200: Observation recorded
13400: Observation recorded
13600: Observation recorded
13800: Observation recorded
14000: Observation recorded
14200: Observation recorded
14400: Observation recorded
14600: Observation recorded
14800: Observation recorded
15000: Observation recorded
15200: Observation recorded
15400: Observation recorded
15600: Observation recorded
15800: Observation recorded
16000: Observation recorded
16000: Phase complete: (T=0.300000, d=0.650000) Observation Phase
