0: Phase started: (T=0.400000, d=0.200000) Equilibration Phase
200: Temperature measured at: 0.6428, adjusted to: 0.4
400: Temperature measured at: 0.4885, adjusted to: 0.4
600: Temperature measured at: 0.4688, adjusted to: 0.4
800: Temperature measured at: 0.4396, adjusted to: 0.4
1000: Temperature measured at: 0.4378, adjusted to: 0.4
1200: Temperature measured at: 0.4493, adjusted to: 0.4
1400: Temperature measured at: 0.4424, adjusted to: 0.4
1600: Temperature measured at: 0.4375, adjusted to: 0.4
1800: Temperature measured at: 0.4423, adjusted to: 0.4
2000: Temperature measured at: 0.4424, adjusted to: 0.4
2200: Temperature measured at: 0.4417, adjusted to: 0.4
2400: Temperature measured at: 0.4397, adjusted to: 0.4
2600: Temperature measured at: 0.4307, adjusted to: 0.4
2800: Temperature measured at: 0.4335, adjusted to: 0.4
3000: Temperature measured at: 0.4259, adjusted to: 0.4
3400: Temperature measured at: 0.4261, adjusted to: 0.4
3600: Temperature measured at: 0.4292, adjusted to: 0.4
3800: Temperature measured at: 0.4418, adjusted to: 0.4
4200: Temperature measured at: 0.4418, adjusted to: 0.4
4600: Temperature measured at: 0.4355, adjusted to: 0.4
5000: Temperature measured at: 0.4451, adjusted to: 0.4
5200: Temperature measured at: 0.4224, adjusted to: 0.4
5400: Temperature measured at: 0.424, adjusted to: 0.4
5600: Temperature measured at: 0.4212, adjusted to: 0.4
5800: Temperature measured at: 0.4267, adjusted to: 0.4
7200: Temperature measured at: 0.4365, adjusted to: 0.4
8000: Temperature measured at: 0.4281, adjusted to: 0.4
8600: Temperature measured at: 0.4289, adjusted to: 0.4
9800: Temperature measured at: 0.4293, adjusted to: 0.4
10800: Temperature measured at: 0.4209, adjusted to: 0.4
12200: Temperature measured at: 0.4216, adjusted to: 0.4
13800: Temperature measured at: 0.4303, adjusted to: 0.4
16400: Temperature measured at: 0.4215, adjusted to: 0.4
17000: Temperature measured at: 0.4329, adjusted to: 0.4
21000: Temperature measured at: 0.426, adjusted to: 0.4
26000: Phase complete: (T=0.400000, d=0.200000) Equilibration Phase
26000: Phase started: (T=0.400000, d=0.200000) Observation Phase
26200: Observation recorded
26400: Observation recorded
26600: Observation recorded
26800: Observation recorded
27000: Observation recorded
27200: Observation recorded
27400: Observation recorded
27600: Observation recorded
27800: Observation recorded
28000: Observation recorded
28200: Observation recorded
28400: Observation recorded
28600: Observation recorded
28800: Observation recorded
29000: Observation recorded
29200: Observation recorded
29400: Observation recorded
29600: Observation recorded
29800: Observation recorded
30000: Observation recorded
30000: Phase complete: (T=0.400000, d=0.200000) Observation Phase
