0: Phase started: (T=0.400000, d=0.600000) Equilibration Phase
200: Temperature measured at: 0.4344, adjusted to: 0.4
400: Temperature measured at: 0.4727, adjusted to: 0.4
600: Temperature measured at: 0.47, adjusted to: 0.4
800: Temperature measured at: 0.4517, adjusted to: 0.4
1000: Temperature measured at: 0.4463, adjusted to: 0.4
1200: Temperature measured at: 0.4452, adjusted to: 0.4
1400: Temperature measured at: 0.4463, adjusted to: 0.4
1800: Temperature measured at: 0.4344, adjusted to: 0.4
2000: Temperature measured at: 0.4311, adjusted to: 0.4
2200: Temperature measured at: 0.4225, adjusted to: 0.4
3400: Temperature measured at: 0.4302, adjusted to: 0.4
3600: Temperature measured at: 0.4262, adjusted to: 0.4
8000: Temperature measured at: 0.4242, adjusted to: 0.4
13000: Phase complete: (T=0.400000, d=0.600000) Equilibration Phase
13000: Phase started: (T=0.400000, d=0.600000) Observation Phase
13200: Observation recorded
13400: Observation recorded
13600: Observation recorded
13800: Observation recorded
14000: Observation recorded
14200: Observation recorded
14400: Observation recorded
14600: Observation recorded
14800: Observation recorded
15000: Observation recorded
15200: Observation recorded
15400: Observation recorded
15600: Observation recorded
15800: Observation recorded
16000: Observation recorded
16200: Observation recorded
16400: Observation recorded
16600: Observation recorded
16800: Observation recorded
17000: Observation recorded
17000: Phase complete: (T=0.400000, d=0.600000) Observation Phase
