0: Phase started: (T=0.500000, d=0.800000) Equilibration Phase
200: Temperature measured at: 0.2749, adjusted to: 0.5
400: Temperature measured at: 0.3983, adjusted to: 0.5
600: Temperature measured at: 0.4739, adjusted to: 0.5
2800: Temperature measured at: 0.4718, adjusted to: 0.5
3200: Temperature measured at: 0.4712, adjusted to: 0.5
5400: Temperature measured at: 0.474, adjusted to: 0.5
10400: Phase complete: (T=0.500000, d=0.800000) Equilibration Phase
10400: Phase started: (T=0.500000, d=0.800000) Observation Phase
10600: Observation recorded
10800: Observation recorded
11000: Observation recorded
11200: Observation recorded
11400: Observation recorded
11600: Observation recorded
11800: Observation recorded
12000: Observation recorded
12200: Observation recorded
12400: Observation recorded
12600: Observation recorded
12800: Observation recorded
13000: Observation recorded
13200: Observation recorded
13400: Observation recorded
13600: Observation recorded
13800: Observation recorded
14000: Observation recorded
14200: Observation recorded
14400: Observation recorded
14400: Phase complete: (T=0.500000, d=0.800000) Observation Phase
