0: Phase started: (T=1.800000, d=0.950000) Equilibration Phase
200: Temperature measured at: 0.956, adjusted to: 1.8
400: Temperature measured at: 1.403, adjusted to: 1.8
600: Temperature measured at: 1.591, adjusted to: 1.8
800: Temperature measured at: 1.667, adjusted to: 1.8
1200: Temperature measured at: 1.692, adjusted to: 1.8
6200: Phase complete: (T=1.800000, d=0.950000) Equilibration Phase
6200: Phase started: (T=1.800000, d=0.950000) Observation Phase
6400: Observation recorded
6600: Observation recorded
6800: Observation recorded
7000: Observation recorded
7200: Observation recorded
7400: Observation recorded
7600: Observation recorded
7800: Observation recorded
8000: Observation recorded
8200: Observation recorded
8400: Observation recorded
8600: Observation recorded
8800: Observation recorded
9000: Observation recorded
9200: Observation recorded
9400: Observation recorded
9600: Observation recorded
9800: Observation recorded
10000: Observation recorded
10200: Observation recorded
10200: Phase complete: (T=1.800000, d=0.950000) Observation Phase
