0: Phase started: (T=0.100000, d=0.400000) Equilibration Phase
200: Temperature measured at: 0.3673, adjusted to: 0.1
400: Temperature measured at: 0.2961, adjusted to: 0.1
600: Temperature measured at: 0.2546, adjusted to: 0.1
800: Temperature measured at: 0.2282, adjusted to: 0.1
1000: Temperature measured at: 0.2013, adjusted to: 0.1
1200: Temperature measured at: 0.1752, adjusted to: 0.1
1400: Temperature measured at: 0.1521, adjusted to: 0.1
1600: Temperature measured at: 0.1481, adjusted to: 0.1
1800: Temperature measured at: 0.1492, adjusted to: 0.1
2000: Temperature measured at: 0.1407, adjusted to: 0.1
2200: Temperature measured at: 0.132, adjusted to: 0.1
2400: Temperature measured at: 0.1261, adjusted to: 0.1
2600: Temperature measured at: 0.1263, adjusted to: 0.1
2800: Temperature measured at: 0.1251, adjusted to: 0.1
3000: Temperature measured at: 0.1166, adjusted to: 0.1
3200: Temperature measured at: 0.1113, adjusted to: 0.1
3400: Temperature measured at: 0.1092, adjusted to: 0.1
3600: Temperature measured at: 0.1085, adjusted to: 0.1
3800: Temperature measured at: 0.1078, adjusted to: 0.1
4000: Temperature measured at: 0.1068, adjusted to: 0.1
4200: Temperature measured at: 0.1087, adjusted to: 0.1
4600: Temperature measured at: 0.1078, adjusted to: 0.1
4800: Temperature measured at: 0.1129, adjusted to: 0.1
5000: Temperature measured at: 0.1098, adjusted to: 0.1
5200: Temperature measured at: 0.1089, adjusted to: 0.1
5400: Temperature measured at: 0.1072, adjusted to: 0.1
6200: Temperature measured at: 0.1052, adjusted to: 0.1
6600: Temperature measured at: 0.1058, adjusted to: 0.1
6800: Temperature measured at: 0.1056, adjusted to: 0.1
7200: Temperature measured at: 0.1071, adjusted to: 0.1
7400: Temperature measured at: 0.1057, adjusted to: 0.1
8000: Temperature measured at: 0.1051, adjusted to: 0.1
8600: Temperature measured at: 0.1057, adjusted to: 0.1
9400: Temperature measured at: 0.105, adjusted to: 0.1
9600: Temperature measured at: 0.1058, adjusted to: 0.1
11400: Temperature measured at: 0.1054, adjusted to: 0.1
12000: Temperature measured at: 0.105, adjusted to: 0.1
12600: Temperature measured at: 0.1056, adjusted to: 0.1
13800: Temperature measured at: 0.106, adjusted to: 0.1
18800: Phase complete: (T=0.100000, d=0.400000) Equilibration Phase
18800: Phase started: (T=0.100000, d=0.400000) Observation Phase
19000: Observation recorded
19200: Observation recorded
19400: Observation recorded
19600: Observation recorded
19800: Observation recorded
20000: Observation recorded
20200: Observation recorded
20400: Observation recorded
20600: Observation recorded
20800: Observation recorded
21000: Observation recorded
21200: Observation recorded
21400: Observation recorded
21600: Observation recorded
21800: Observation recorded
22000: Observation recorded
22200: Observation recorded
22400: Observation recorded
22600: Observation recorded
22800: Observation recorded
22800: Phase complete: (T=0.100000, d=0.400000) Observation Phase
