0: Phase started: (T=0.400000, d=0.250000) Equilibration Phase
200: Temperature measured at: 0.7172, adjusted to: 0.4
400: Temperature measured at: 0.5105, adjusted to: 0.4
600: Temperature measured at: 0.4756, adjusted to: 0.4
800: Temperature measured at: 0.469, adjusted to: 0.4
1000: Temperature measured at: 0.4529, adjusted to: 0.4
1200: Temperature measured at: 0.4561, adjusted to: 0.4
1400: Temperature measured at: 0.4497, adjusted to: 0.4
1600: Temperature measured at: 0.4473, adjusted to: 0.4
1800: Temperature measured at: 0.4487, adjusted to: 0.4
2000: Temperature measured at: 0.4615, adjusted to: 0.4
2200: Temperature measured at: 0.4419, adjusted to: 0.4
2400: Temperature measured at: 0.4369, adjusted to: 0.4
2600: Temperature measured at: 0.4376, adjusted to: 0.4
2800: Temperature measured at: 0.4231, adjusted to: 0.4
3200: Temperature measured at: 0.423, adjusted to: 0.4
3400: Temperature measured at: 0.4313, adjusted to: 0.4
3600: Temperature measured at: 0.4216, adjusted to: 0.4
6000: Temperature measured at: 0.4211, adjusted to: 0.4
6400: Temperature measured at: 0.4271, adjusted to: 0.4
7200: Temperature measured at: 0.4255, adjusted to: 0.4
7400: Temperature measured at: 0.4252, adjusted to: 0.4
7800: Temperature measured at: 0.4344, adjusted to: 0.4
8800: Temperature measured at: 0.4288, adjusted to: 0.4
9200: Temperature measured at: 0.438, adjusted to: 0.4
9800: Temperature measured at: 0.4215, adjusted to: 0.4
10400: Temperature measured at: 0.4253, adjusted to: 0.4
15400: Phase complete: (T=0.400000, d=0.250000) Equilibration Phase
15400: Phase started: (T=0.400000, d=0.250000) Observation Phase
15600: Observation recorded
15800: Observation recorded
16000: Observation recorded
16200: Observation recorded
16400: Observation recorded
16600: Observation recorded
16800: Observation recorded
17000: Observation recorded
17200: Observation recorded
17400: Observation recorded
17600: Observation recorded
17800: Observation recorded
18000: Observation recorded
18200: Observation recorded
18400: Observation recorded
18600: Observation recorded
18800: Observation recorded
19000: Observation recorded
19200: Observation recorded
19400: Observation recorded
19400: Phase complete: (T=0.400000, d=0.250000) Observation Phase
