0: Phase started: (T=0.600000, d=0.250000) Equilibration Phase
200: Temperature measured at: 0.9252, adjusted to: 0.6
400: Temperature measured at: 0.698, adjusted to: 0.6
600: Temperature measured at: 0.6603, adjusted to: 0.6
800: Temperature measured at: 0.6346, adjusted to: 0.6
1400: Temperature measured at: 0.6423, adjusted to: 0.6
1800: Temperature measured at: 0.6418, adjusted to: 0.6
2400: Temperature measured at: 0.6617, adjusted to: 0.6
3200: Temperature measured at: 0.6323, adjusted to: 0.6
3600: Temperature measured at: 0.6356, adjusted to: 0.6
4800: Temperature measured at: 0.6397, adjusted to: 0.6
6400: Temperature measured at: 0.652, adjusted to: 0.6
8200: Temperature measured at: 0.6384, adjusted to: 0.6
9600: Temperature measured at: 0.6318, adjusted to: 0.6
10200: Temperature measured at: 0.6342, adjusted to: 0.6
13000: Temperature measured at: 0.6364, adjusted to: 0.6
15000: Temperature measured at: 0.5597, adjusted to: 0.6
20000: Phase complete: (T=0.600000, d=0.250000) Equilibration Phase
20000: Phase started: (T=0.600000, d=0.250000) Observation Phase
20200: Observation recorded
20400: Observation recorded
20600: Observation recorded
20800: Observation recorded
21000: Observation recorded
21200: Observation recorded
21400: Observation recorded
21600: Observation recorded
21800: Observation recorded
22000: Observation recorded
22200: Observation recorded
22400: Observation recorded
22600: Observation recorded
22800: Observation recorded
23000: Observation recorded
23200: Observation recorded
23400: Observation recorded
23600: Observation recorded
23800: Observation recorded
24000: Observation recorded
24000: Phase complete: (T=0.600000, d=0.250000) Observation Phase
