0: Phase started: (T=1.800000, d=0.900000) Equilibration Phase
200: Temperature measured at: 0.9653, adjusted to: 1.8
400: Temperature measured at: 1.384, adjusted to: 1.8
600: Temperature measured at: 1.602, adjusted to: 1.8
800: Temperature measured at: 1.689, adjusted to: 1.8
3800: Temperature measured at: 1.698, adjusted to: 1.8
8800: Phase complete: (T=1.800000, d=0.900000) Equilibration Phase
8800: Phase started: (T=1.800000, d=0.900000) Observation Phase
9000: Observation recorded
9200: Observation recorded
9400: Observation recorded
9600: Observation recorded
9800: Observation recorded
10000: Observation recorded
10200: Observation recorded
10400: Observation recorded
10600: Observation recorded
10800: Observation recorded
11000: Observation recorded
11200: Observation recorded
11400: Observation recorded
11600: Observation recorded
11800: Observation recorded
12000: Observation recorded
12200: Observation recorded
12400: Observation recorded
12600: Observation recorded
12800: Observation recorded
12800: Phase complete: (T=1.800000, d=0.900000) Observation Phase
