0: Phase started: (T=0.400000, d=0.250000) Equilibration Phase
200: Temperature measured at: 0.7129, adjusted to: 0.4
400: Temperature measured at: 0.5127, adjusted to: 0.4
600: Temperature measured at: 0.4859, adjusted to: 0.4
800: Temperature measured at: 0.4582, adjusted to: 0.4
1000: Temperature measured at: 0.4525, adjusted to: 0.4
1200: Temperature measured at: 0.4467, adjusted to: 0.4
1400: Temperature measured at: 0.4427, adjusted to: 0.4
1600: Temperature measured at: 0.4376, adjusted to: 0.4
1800: Temperature measured at: 0.4511, adjusted to: 0.4
2000: Temperature measured at: 0.453, adjusted to: 0.4
2200: Temperature measured at: 0.4369, adjusted to: 0.4
2400: Temperature measured at: 0.4396, adjusted to: 0.4
2600: Temperature measured at: 0.4244, adjusted to: 0.4
2800: Temperature measured at: 0.4302, adjusted to: 0.4
3000: Temperature measured at: 0.4323, adjusted to: 0.4
3200: Temperature measured at: 0.426, adjusted to: 0.4
3400: Temperature measured at: 0.4327, adjusted to: 0.4
3800: Temperature measured at: 0.4285, adjusted to: 0.4
4000: Temperature measured at: 0.4247, adjusted to: 0.4
4200: Temperature measured at: 0.4315, adjusted to: 0.4
4600: Temperature measured at: 0.433, adjusted to: 0.4
5800: Temperature measured at: 0.4255, adjusted to: 0.4
7800: Temperature measured at: 0.4215, adjusted to: 0.4
9200: Temperature measured at: 0.4201, adjusted to: 0.4
11200: Temperature measured at: 0.4322, adjusted to: 0.4
11800: Temperature measured at: 0.4333, adjusted to: 0.4
12800: Temperature measured at: 0.4332, adjusted to: 0.4
17800: Phase complete: (T=0.400000, d=0.250000) Equilibration Phase
17800: Phase started: (T=0.400000, d=0.250000) Observation Phase
18000: Observation recorded
18200: Observation recorded
18400: Observation recorded
18600: Observation recorded
18800: Observation recorded
19000: Observation recorded
19200: Observation recorded
19400: Observation recorded
19600: Observation recorded
19800: Observation recorded
20000: Observation recorded
20200: Observation recorded
20400: Observation recorded
20600: Observation recorded
20800: Observation recorded
21000: Observation recorded
21200: Observation recorded
21400: Observation recorded
21600: Observation recorded
21800: Observation recorded
21800: Phase complete: (T=0.400000, d=0.250000) Observation Phase
