0: Phase started: (T=0.500000, d=0.350000) Equilibration Phase
200: Temperature measured at: 0.8336, adjusted to: 0.5
400: Temperature measured at: 0.6174, adjusted to: 0.5
600: Temperature measured at: 0.5562, adjusted to: 0.5
800: Temperature measured at: 0.5525, adjusted to: 0.5
1000: Temperature measured at: 0.5665, adjusted to: 0.5
1400: Temperature measured at: 0.5448, adjusted to: 0.5
1800: Temperature measured at: 0.5481, adjusted to: 0.5
2200: Temperature measured at: 0.5351, adjusted to: 0.5
3400: Temperature measured at: 0.5368, adjusted to: 0.5
4000: Temperature measured at: 0.5467, adjusted to: 0.5
4200: Temperature measured at: 0.5257, adjusted to: 0.5
5600: Temperature measured at: 0.5276, adjusted to: 0.5
6000: Temperature measured at: 0.5311, adjusted to: 0.5
6400: Temperature measured at: 0.5289, adjusted to: 0.5
7600: Temperature measured at: 0.5316, adjusted to: 0.5
8000: Temperature measured at: 0.526, adjusted to: 0.5
13000: Phase complete: (T=0.500000, d=0.350000) Equilibration Phase
13000: Phase started: (T=0.500000, d=0.350000) Observation Phase
13200: Observation recorded
13400: Observation recorded
13600: Observation recorded
13800: Observation recorded
14000: Observation recorded
14200: Observation recorded
14400: Observation recorded
14600: Observation recorded
14800: Observation recorded
15000: Observation recorded
15200: Observation recorded
15400: Observation recorded
15600: Observation recorded
15800: Observation recorded
16000: Observation recorded
16200: Observation recorded
16400: Observation recorded
16600: Observation recorded
16800: Observation recorded
17000: Observation recorded
17000: Phase complete: (T=0.500000, d=0.350000) Observation Phase
