0: Phase started: (T=0.100000, d=1.250000) Equilibration Phase
200: Temperature measured at: 0.04992, adjusted to: 0.1
400: Temperature measured at: 0.07576, adjusted to: 0.1
600: Temperature measured at: 0.0845, adjusted to: 0.1
800: Temperature measured at: 0.08699, adjusted to: 0.1
1000: Temperature measured at: 0.09231, adjusted to: 0.1
1200: Temperature measured at: 0.09463, adjusted to: 0.1
6200: Phase complete: (T=0.100000, d=1.250000) Equilibration Phase
6200: Phase started: (T=0.100000, d=1.250000) Observation Phase
6400: Observation recorded
6600: Observation recorded
6800: Observation recorded
7000: Observation recorded
7200: Observation recorded
7400: Observation recorded
7600: Observation recorded
7800: Observation recorded
8000: Observation recorded
8200: Observation recorded
8400: Observation recorded
8600: Observation recorded
8800: Observation recorded
9000: Observation recorded
9200: Observation recorded
9400: Observation recorded
9600: Observation recorded
9800: Observation recorded
10000: Observation recorded
10200: Observation recorded
10200: Phase complete: (T=0.100000, d=1.250000) Observation Phase
