0: Phase started: (T=0.100000, d=0.650000) Equilibration Phase
200: Temperature measured at: 0.1312, adjusted to: 0.1
400: Temperature measured at: 0.1996, adjusted to: 0.1
600: Temperature measured at: 0.1852, adjusted to: 0.1
800: Temperature measured at: 0.167, adjusted to: 0.1
1000: Temperature measured at: 0.1521, adjusted to: 0.1
1200: Temperature measured at: 0.144, adjusted to: 0.1
1400: Temperature measured at: 0.132, adjusted to: 0.1
1600: Temperature measured at: 0.1233, adjusted to: 0.1
1800: Temperature measured at: 0.1143, adjusted to: 0.1
2000: Temperature measured at: 0.1173, adjusted to: 0.1
2200: Temperature measured at: 0.1142, adjusted to: 0.1
2400: Temperature measured at: 0.1108, adjusted to: 0.1
2600: Temperature measured at: 0.1102, adjusted to: 0.1
2800: Temperature measured at: 0.1072, adjusted to: 0.1
3200: Temperature measured at: 0.1103, adjusted to: 0.1
3400: Temperature measured at: 0.1086, adjusted to: 0.1
3600: Temperature measured at: 0.1067, adjusted to: 0.1
4000: Temperature measured at: 0.1066, adjusted to: 0.1
4400: Temperature measured at: 0.1072, adjusted to: 0.1
4800: Temperature measured at: 0.1053, adjusted to: 0.1
5600: Temperature measured at: 0.1056, adjusted to: 0.1
6400: Temperature measured at: 0.1067, adjusted to: 0.1
7200: Temperature measured at: 0.1061, adjusted to: 0.1
8600: Temperature measured at: 0.1056, adjusted to: 0.1
9000: Temperature measured at: 0.1057, adjusted to: 0.1
12000: Temperature measured at: 0.1051, adjusted to: 0.1
14200: Temperature measured at: 0.105, adjusted to: 0.1
15200: Temperature measured at: 0.1058, adjusted to: 0.1
17200: Temperature measured at: 0.1055, adjusted to: 0.1
18000: Temperature measured at: 0.1071, adjusted to: 0.1
18200: Temperature measured at: 0.1058, adjusted to: 0.1
19600: Temperature measured at: 0.1073, adjusted to: 0.1
20200: Temperature measured at: 0.1055, adjusted to: 0.1
21200: Temperature measured at: 0.1065, adjusted to: 0.1
21800: Temperature measured at: 0.106, adjusted to: 0.1
23800: Temperature measured at: 0.1057, adjusted to: 0.1
24600: Temperature measured at: 0.1056, adjusted to: 0.1
26000: Temperature measured at: 0.1055, adjusted to: 0.1
31000: Phase complete: (T=0.100000, d=0.650000) Equilibration Phase
31000: Phase started: (T=0.100000, d=0.650000) Observation Phase
31200: Observation recorded
31400: Observation recorded
31600: Observation recorded
31800: Observation recorded
32000: Observation recorded
32200: Observation recorded
32400: Observation recorded
32600: Observation recorded
32800: Observation recorded
33000: Observation recorded
33200: Observation recorded
33400: Observation recorded
33600: Observation recorded
33800: Observation recorded
34000: Observation recorded
34200: Observation recorded
34400: Observation recorded
34600: Observation recorded
34800: Observation recorded
35000: Observation recorded
35000: Phase complete: (T=0.100000, d=0.650000) Observation Phase
