0: Phase started: (T=0.700000, d=0.600000) Equilibration Phase
200: Temperature measured at: 0.6551, adjusted to: 0.7
1400: Temperature measured at: 0.7519, adjusted to: 0.7
6000: Temperature measured at: 0.7546, adjusted to: 0.7
8200: Temperature measured at: 0.7615, adjusted to: 0.7
11400: Temperature measured at: 0.6595, adjusted to: 0.7
16400: Phase complete: (T=0.700000, d=0.600000) Equilibration Phase
16400: Phase started: (T=0.700000, d=0.600000) Observation Phase
16600: Observation recorded
16800: Observation recorded
17000: Observation recorded
17200: Observation recorded
17400: Observation recorded
17600: Observation recorded
17800: Observation recorded
18000: Observation recorded
18200: Observation recorded
18400: Observation recorded
18600: Observation recorded
18800: Observation recorded
19000: Observation recorded
19200: Observation recorded
19400: Observation recorded
19600: Observation recorded
19800: Observation recorded
20000: Observation recorded
20200: Observation recorded
20400: Observation recorded
20400: Phase complete: (T=0.700000, d=0.600000) Observation Phase
