0: Phase started: Equilibration Phase
50: Temperature measured at: 0.3833, adjusted to: 0.5
100: Temperature measured at: 0.4476, adjusted to: 0.5
600: Phase complete: Equilibration Phase
600: Phase started: Observation Phase
650: Observation recorded
700: Observation recorded
750: Observation recorded
800: Observation recorded
850: Observation recorded
900: Observation recorded
950: Observation recorded
1000: Observation recorded
1050: Observation recorded
1100: Observation recorded
1150: Observation recorded
1200: Observation recorded
1250: Observation recorded
1300: Observation recorded
1350: Observation recorded
1400: Observation recorded
1450: Observation recorded
1500: Observation recorded
1550: Observation recorded
1600: Observation recorded
1600: Phase complete: Observation Phase
