0: Phase started: (T=0.700000, d=0.300000) Equilibration Phase
200: Temperature measured at: 1.045, adjusted to: 0.7
400: Temperature measured at: 0.7904, adjusted to: 0.7
600: Temperature measured at: 0.7483, adjusted to: 0.7
1000: Temperature measured at: 0.7379, adjusted to: 0.7
2800: Temperature measured at: 0.7355, adjusted to: 0.7
3600: Temperature measured at: 0.7389, adjusted to: 0.7
8600: Phase complete: (T=0.700000, d=0.300000) Equilibration Phase
8600: Phase started: (T=0.700000, d=0.300000) Observation Phase
8800: Observation recorded
9000: Observation recorded
9200: Observation recorded
9400: Observation recorded
9600: Observation recorded
9800: Observation recorded
10000: Observation recorded
10200: Observation recorded
10400: Observation recorded
10600: Observation recorded
10800: Observation recorded
11000: Observation recorded
11200: Observation recorded
11400: Observation recorded
11600: Observation recorded
11800: Observation recorded
12000: Observation recorded
12200: Observation recorded
12400: Observation recorded
12600: Observation recorded
12600: Phase complete: (T=0.700000, d=0.300000) Observation Phase
