0: Phase started: (T=0.800000, d=0.250000) Equilibration Phase
200: Temperature measured at: 1.138, adjusted to: 0.8
400: Temperature measured at: 0.8817, adjusted to: 0.8
600: Temperature measured at: 0.8499, adjusted to: 0.8
3800: Temperature measured at: 0.8464, adjusted to: 0.8
5400: Temperature measured at: 0.7594, adjusted to: 0.8
10400: Temperature measured at: 0.8533, adjusted to: 0.8
15400: Phase complete: (T=0.800000, d=0.250000) Equilibration Phase
15400: Phase started: (T=0.800000, d=0.250000) Observation Phase
15600: Observation recorded
15800: Observation recorded
16000: Observation recorded
16200: Observation recorded
16400: Observation recorded
16600: Observation recorded
16800: Observation recorded
17000: Observation recorded
17200: Observation recorded
17400: Observation recorded
17600: Observation recorded
17800: Observation recorded
18000: Observation recorded
18200: Observation recorded
18400: Observation recorded
18600: Observation recorded
18800: Observation recorded
19000: Observation recorded
19200: Observation recorded
19400: Observation recorded
19400: Phase complete: (T=0.800000, d=0.250000) Observation Phase
