0: Phase started: (T=0.900000, d=0.900000) Equilibration Phase
200: Temperature measured at: 0.4747, adjusted to: 0.9
400: Temperature measured at: 0.7106, adjusted to: 0.9
600: Temperature measured at: 0.8154, adjusted to: 0.9
1000: Temperature measured at: 0.8542, adjusted to: 0.9
6000: Temperature measured at: 0.8475, adjusted to: 0.9
11000: Phase complete: (T=0.900000, d=0.900000) Equilibration Phase
11000: Phase started: (T=0.900000, d=0.900000) Observation Phase
11200: Observation recorded
11400: Observation recorded
11600: Observation recorded
11800: Observation recorded
12000: Observation recorded
12200: Observation recorded
12400: Observation recorded
12600: Observation recorded
12800: Observation recorded
13000: Observation recorded
13200: Observation recorded
13400: Observation recorded
13600: Observation recorded
13800: Observation recorded
14000: Observation recorded
14200: Observation recorded
14400: Observation recorded
14600: Observation recorded
14800: Observation recorded
15000: Observation recorded
15000: Phase complete: (T=0.900000, d=0.900000) Observation Phase
