0: Phase started: (T=1.400000, d=0.400000) Equilibration Phase
200: Temperature measured at: 1.606, adjusted to: 1.4
4600: Temperature measured at: 1.475, adjusted to: 1.4
9600: Phase complete: (T=1.400000, d=0.400000) Equilibration Phase
9600: Phase started: (T=1.400000, d=0.400000) Observation Phase
9800: Observation recorded
10000: Observation recorded
10200: Observation recorded
10400: Observation recorded
10600: Observation recorded
10800: Observation recorded
11000: Observation recorded
11200: Observation recorded
11400: Observation recorded
11600: Observation recorded
11800: Observation recorded
12000: Observation recorded
12200: Observation recorded
12400: Observation recorded
12600: Observation recorded
12800: Observation recorded
13000: Observation recorded
13200: Observation recorded
13400: Observation recorded
13600: Observation recorded
13600: Phase complete: (T=1.400000, d=0.400000) Observation Phase
