0: Phase started: (T=0.800000, d=0.600000) Equilibration Phase
200: Temperature measured at: 0.7414, adjusted to: 0.8
5000: Temperature measured at: 0.8439, adjusted to: 0.8
10000: Phase complete: (T=0.800000, d=0.600000) Equilibration Phase
10000: Phase started: (T=0.800000, d=0.600000) Observation Phase
10200: Observation recorded
10400: Observation recorded
10600: Observation recorded
10800: Observation recorded
11000: Observation recorded
11200: Observation recorded
11400: Observation recorded
11600: Observation recorded
11800: Observation recorded
12000: Observation recorded
12200: Observation recorded
12400: Observation recorded
12600: Observation recorded
12800: Observation recorded
13000: Observation recorded
13200: Observation recorded
13400: Observation recorded
13600: Observation recorded
13800: Observation recorded
14000: Observation recorded
14000: Phase complete: (T=0.800000, d=0.600000) Observation Phase
