0: Phase started: (T=1.500000, d=0.400000) Equilibration Phase
200: Temperature measured at: 1.706, adjusted to: 1.5
3600: Temperature measured at: 1.575, adjusted to: 1.5
8600: Phase complete: (T=1.500000, d=0.400000) Equilibration Phase
8600: Phase started: (T=1.500000, d=0.400000) Observation Phase
8800: Observation recorded
9000: Observation recorded
9200: Observation recorded
9400: Observation recorded
9600: Observation recorded
9800: Observation recorded
10000: Observation recorded
10200: Observation recorded
10400: Observation recorded
10600: Observation recorded
10800: Observation recorded
11000: Observation recorded
11200: Observation recorded
11400: Observation recorded
11600: Observation recorded
11800: Observation recorded
12000: Observation recorded
12200: Observation recorded
12400: Observation recorded
12600: Observation recorded
12600: Phase complete: (T=1.500000, d=0.400000) Observation Phase
