0: Phase started: (T=1.700000, d=0.900000) Equilibration Phase
200: Temperature measured at: 0.9067, adjusted to: 1.7
400: Temperature measured at: 1.316, adjusted to: 1.7
600: Temperature measured at: 1.499, adjusted to: 1.7
1000: Temperature measured at: 1.613, adjusted to: 1.7
6000: Phase complete: (T=1.700000, d=0.900000) Equilibration Phase
6000: Phase started: (T=1.700000, d=0.900000) Observation Phase
6200: Observation recorded
6400: Observation recorded
6600: Observation recorded
6800: Observation recorded
7000: Observation recorded
7200: Observation recorded
7400: Observation recorded
7600: Observation recorded
7800: Observation recorded
8000: Observation recorded
8200: Observation recorded
8400: Observation recorded
8600: Observation recorded
8800: Observation recorded
9000: Observation recorded
9200: Observation recorded
9400: Observation recorded
9600: Observation recorded
9800: Observation recorded
10000: Observation recorded
10000: Phase complete: (T=1.700000, d=0.900000) Observation Phase
