0: Phase started: (T=0.900000, d=0.850000) Equilibration Phase
200: Temperature measured at: 0.4843, adjusted to: 0.9
400: Temperature measured at: 0.7105, adjusted to: 0.9
600: Temperature measured at: 0.7831, adjusted to: 0.9
800: Temperature measured at: 0.8523, adjusted to: 0.9
1200: Temperature measured at: 0.8519, adjusted to: 0.9
6200: Phase complete: (T=0.900000, d=0.850000) Equilibration Phase
6200: Phase started: (T=0.900000, d=0.850000) Observation Phase
6400: Observation recorded
6600: Observation recorded
6800: Observation recorded
7000: Observation recorded
7200: Observation recorded
7400: Observation recorded
7600: Observation recorded
7800: Observation recorded
8000: Observation recorded
8200: Observation recorded
8400: Observation recorded
8600: Observation recorded
8800: Observation recorded
9000: Observation recorded
9200: Observation recorded
9400: Observation recorded
9600: Observation recorded
9800: Observation recorded
10000: Observation recorded
10200: Observation recorded
10200: Phase complete: (T=0.900000, d=0.850000) Observation Phase
