0: Phase started: (T=1.500000, d=0.600000) Equilibration Phase
200: Temperature measured at: 1.274, adjusted to: 1.5
5200: Phase complete: (T=1.500000, d=0.600000) Equilibration Phase
5200: Phase started: (T=1.500000, d=0.600000) Observation Phase
5400: Observation recorded
5600: Observation recorded
5800: Observation recorded
6000: Observation recorded
6200: Observation recorded
6400: Observation recorded
6600: Observation recorded
6800: Observation recorded
7000: Observation recorded
7200: Observation recorded
7400: Observation recorded
7600: Observation recorded
7800: Observation recorded
8000: Observation recorded
8200: Observation recorded
8400: Observation recorded
8600: Observation recorded
8800: Observation recorded
9000: Observation recorded
9200: Observation recorded
9200: Phase complete: (T=1.500000, d=0.600000) Observation Phase
