0: Phase started: (T=0.300000, d=0.150000) Equilibration Phase
200: Temperature measured at: 0.4215, adjusted to: 0.3
400: Temperature measured at: 0.3825, adjusted to: 0.3
600: Temperature measured at: 0.3616, adjusted to: 0.3
800: Temperature measured at: 0.3477, adjusted to: 0.3
1000: Temperature measured at: 0.3571, adjusted to: 0.3
1200: Temperature measured at: 0.3588, adjusted to: 0.3
1400: Temperature measured at: 0.3616, adjusted to: 0.3
1600: Temperature measured at: 0.3676, adjusted to: 0.3
1800: Temperature measured at: 0.3763, adjusted to: 0.3
2000: Temperature measured at: 0.3685, adjusted to: 0.3
2200: Temperature measured at: 0.3489, adjusted to: 0.3
2400: Temperature measured at: 0.3558, adjusted to: 0.3
2600: Temperature measured at: 0.3576, adjusted to: 0.3
2800: Temperature measured at: 0.3585, adjusted to: 0.3
3000: Temperature measured at: 0.3317, adjusted to: 0.3
3200: Temperature measured at: 0.3418, adjusted to: 0.3
3400: Temperature measured at: 0.3272, adjusted to: 0.3
3600: Temperature measured at: 0.3302, adjusted to: 0.3
3800: Temperature measured at: 0.326, adjusted to: 0.3
4000: Temperature measured at: 0.334, adjusted to: 0.3
4200: Temperature measured at: 0.3225, adjusted to: 0.3
4600: Temperature measured at: 0.3159, adjusted to: 0.3
4800: Temperature measured at: 0.316, adjusted to: 0.3
5200: Temperature measured at: 0.3313, adjusted to: 0.3
5400: Temperature measured at: 0.3178, adjusted to: 0.3
5800: Temperature measured at: 0.3182, adjusted to: 0.3
6000: Temperature measured at: 0.3169, adjusted to: 0.3
7000: Temperature measured at: 0.3164, adjusted to: 0.3
7600: Temperature measured at: 0.3189, adjusted to: 0.3
8600: Temperature measured at: 0.3174, adjusted to: 0.3
9200: Temperature measured at: 0.3169, adjusted to: 0.3
11600: Temperature measured at: 0.3156, adjusted to: 0.3
12800: Temperature measured at: 0.3166, adjusted to: 0.3
16200: Temperature measured at: 0.3183, adjusted to: 0.3
16800: Temperature measured at: 0.3157, adjusted to: 0.3
17200: Temperature measured at: 0.3168, adjusted to: 0.3
17600: Temperature measured at: 0.3157, adjusted to: 0.3
19200: Temperature measured at: 0.316, adjusted to: 0.3
22000: Temperature measured at: 0.3151, adjusted to: 0.3
23600: Temperature measured at: 0.3177, adjusted to: 0.3
25800: Temperature measured at: 0.3189, adjusted to: 0.3
28200: Temperature measured at: 0.3155, adjusted to: 0.3
29000: Temperature measured at: 0.3164, adjusted to: 0.3
30800: Temperature measured at: 0.3174, adjusted to: 0.3
31200: Temperature measured at: 0.3199, adjusted to: 0.3
33200: Temperature measured at: 0.3179, adjusted to: 0.3
38200: Phase complete: (T=0.300000, d=0.150000) Equilibration Phase
38200: Phase started: (T=0.300000, d=0.150000) Observation Phase
38400: Observation recorded
38600: Observation recorded
38800: Observation recorded
39000: Observation recorded
39200: Observation recorded
39400: Observation recorded
39600: Observation recorded
39800: Observation recorded
40000: Observation recorded
40200: Observation recorded
40400: Observation recorded
40600: Observation recorded
40800: Observation recorded
41000: Observation recorded
41200: Observation recorded
41400: Observation recorded
41600: Observation recorded
41800: Observation recorded
42000: Observation recorded
42200: Observation recorded
42200: Phase complete: (T=0.300000, d=0.150000) Observation Phase
