0: Phase started: (T=0.200000, d=0.600000) Equilibration Phase
200: Temperature measured at: 0.2627, adjusted to: 0.2
400: Temperature measured at: 0.3014, adjusted to: 0.2
600: Temperature measured at: 0.2854, adjusted to: 0.2
800: Temperature measured at: 0.2624, adjusted to: 0.2
1000: Temperature measured at: 0.2595, adjusted to: 0.2
1200: Temperature measured at: 0.2512, adjusted to: 0.2
1400: Temperature measured at: 0.2317, adjusted to: 0.2
1600: Temperature measured at: 0.2253, adjusted to: 0.2
1800: Temperature measured at: 0.2175, adjusted to: 0.2
2000: Temperature measured at: 0.2163, adjusted to: 0.2
2400: Temperature measured at: 0.2132, adjusted to: 0.2
2800: Temperature measured at: 0.2118, adjusted to: 0.2
3200: Temperature measured at: 0.2114, adjusted to: 0.2
3600: Temperature measured at: 0.2106, adjusted to: 0.2
3800: Temperature measured at: 0.2139, adjusted to: 0.2
4600: Temperature measured at: 0.2135, adjusted to: 0.2
5000: Temperature measured at: 0.2114, adjusted to: 0.2
5200: Temperature measured at: 0.2114, adjusted to: 0.2
5600: Temperature measured at: 0.2103, adjusted to: 0.2
6800: Temperature measured at: 0.2133, adjusted to: 0.2
11000: Temperature measured at: 0.2129, adjusted to: 0.2
11400: Temperature measured at: 0.2118, adjusted to: 0.2
15200: Temperature measured at: 0.21, adjusted to: 0.2
20200: Phase complete: (T=0.200000, d=0.600000) Equilibration Phase
20200: Phase started: (T=0.200000, d=0.600000) Observation Phase
20400: Observation recorded
20600: Observation recorded
20800: Observation recorded
21000: Observation recorded
21200: Observation recorded
21400: Observation recorded
21600: Observation recorded
21800: Observation recorded
22000: Observation recorded
22200: Observation recorded
22400: Observation recorded
22600: Observation recorded
22800: Observation recorded
23000: Observation recorded
23200: Observation recorded
23400: Observation recorded
23600: Observation recorded
23800: Observation recorded
24000: Observation recorded
24200: Observation recorded
24200: Phase complete: (T=0.200000, d=0.600000) Observation Phase
