0: Phase started: (T=0.200000, d=0.250000) Equilibration Phase
200: Temperature measured at: 0.4784, adjusted to: 0.2
400: Temperature measured at: 0.355, adjusted to: 0.2
600: Temperature measured at: 0.3466, adjusted to: 0.2
800: Temperature measured at: 0.3273, adjusted to: 0.2
1000: Temperature measured at: 0.3043, adjusted to: 0.2
1200: Temperature measured at: 0.2924, adjusted to: 0.2
1400: Temperature measured at: 0.2821, adjusted to: 0.2
1600: Temperature measured at: 0.2696, adjusted to: 0.2
1800: Temperature measured at: 0.2704, adjusted to: 0.2
2000: Temperature measured at: 0.2477, adjusted to: 0.2
2200: Temperature measured at: 0.2525, adjusted to: 0.2
2400: Temperature measured at: 0.2521, adjusted to: 0.2
2600: Temperature measured at: 0.2428, adjusted to: 0.2
2800: Temperature measured at: 0.2362, adjusted to: 0.2
3000: Temperature measured at: 0.2249, adjusted to: 0.2
3200: Temperature measured at: 0.225, adjusted to: 0.2
3400: Temperature measured at: 0.2192, adjusted to: 0.2
3600: Temperature measured at: 0.2132, adjusted to: 0.2
3800: Temperature measured at: 0.2119, adjusted to: 0.2
4200: Temperature measured at: 0.2125, adjusted to: 0.2
4600: Temperature measured at: 0.2133, adjusted to: 0.2
5000: Temperature measured at: 0.2106, adjusted to: 0.2
5200: Temperature measured at: 0.2136, adjusted to: 0.2
6600: Temperature measured at: 0.2142, adjusted to: 0.2
6800: Temperature measured at: 0.2121, adjusted to: 0.2
7400: Temperature measured at: 0.2118, adjusted to: 0.2
7600: Temperature measured at: 0.2116, adjusted to: 0.2
8400: Temperature measured at: 0.2137, adjusted to: 0.2
9200: Temperature measured at: 0.2102, adjusted to: 0.2
11000: Temperature measured at: 0.2113, adjusted to: 0.2
11800: Temperature measured at: 0.2119, adjusted to: 0.2
13600: Temperature measured at: 0.2121, adjusted to: 0.2
13800: Temperature measured at: 0.2112, adjusted to: 0.2
15400: Temperature measured at: 0.2103, adjusted to: 0.2
19000: Temperature measured at: 0.2106, adjusted to: 0.2
24000: Phase complete: (T=0.200000, d=0.250000) Equilibration Phase
24000: Phase started: (T=0.200000, d=0.250000) Observation Phase
24200: Observation recorded
24400: Observation recorded
24600: Observation recorded
24800: Observation recorded
25000: Observation recorded
25200: Observation recorded
25400: Observation recorded
25600: Observation recorded
25800: Observation recorded
26000: Observation recorded
26200: Observation recorded
26400: Observation recorded
26600: Observation recorded
26800: Observation recorded
27000: Observation recorded
27200: Observation recorded
27400: Observation recorded
27600: Observation recorded
27800: Observation recorded
28000: Observation recorded
28000: Phase complete: (T=0.200000, d=0.250000) Observation Phase
