0: Phase started: (T=1.300000, d=0.950000) Equilibration Phase
200: Temperature measured at: 0.691, adjusted to: 1.3
400: Temperature measured at: 0.9993, adjusted to: 1.3
600: Temperature measured at: 1.158, adjusted to: 1.3
1800: Temperature measured at: 1.234, adjusted to: 1.3
4400: Temperature measured at: 1.222, adjusted to: 1.3
5000: Temperature measured at: 1.232, adjusted to: 1.3
10000: Phase complete: (T=1.300000, d=0.950000) Equilibration Phase
10000: Phase started: (T=1.300000, d=0.950000) Observation Phase
10200: Observation recorded
10400: Observation recorded
10600: Observation recorded
10800: Observation recorded
11000: Observation recorded
11200: Observation recorded
11400: Observation recorded
11600: Observation recorded
11800: Observation recorded
12000: Observation recorded
12200: Observation recorded
12400: Observation recorded
12600: Observation recorded
12800: Observation recorded
13000: Observation recorded
13200: Observation recorded
13400: Observation recorded
13600: Observation recorded
13800: Observation recorded
14000: Observation recorded
14000: Phase complete: (T=1.300000, d=0.950000) Observation Phase
