0: Phase started: (T=0.400000, d=0.300000) Equilibration Phase
200: Temperature measured at: 0.7319, adjusted to: 0.4
400: Temperature measured at: 0.5093, adjusted to: 0.4
600: Temperature measured at: 0.4944, adjusted to: 0.4
800: Temperature measured at: 0.471, adjusted to: 0.4
1000: Temperature measured at: 0.4701, adjusted to: 0.4
1200: Temperature measured at: 0.4386, adjusted to: 0.4
1400: Temperature measured at: 0.4584, adjusted to: 0.4
1600: Temperature measured at: 0.4473, adjusted to: 0.4
1800: Temperature measured at: 0.4435, adjusted to: 0.4
2000: Temperature measured at: 0.4219, adjusted to: 0.4
2200: Temperature measured at: 0.4274, adjusted to: 0.4
2600: Temperature measured at: 0.4366, adjusted to: 0.4
3000: Temperature measured at: 0.4406, adjusted to: 0.4
3200: Temperature measured at: 0.4287, adjusted to: 0.4
3800: Temperature measured at: 0.4343, adjusted to: 0.4
4200: Temperature measured at: 0.441, adjusted to: 0.4
4400: Temperature measured at: 0.4232, adjusted to: 0.4
5000: Temperature measured at: 0.4216, adjusted to: 0.4
7200: Temperature measured at: 0.4309, adjusted to: 0.4
9400: Temperature measured at: 0.4274, adjusted to: 0.4
10400: Temperature measured at: 0.4385, adjusted to: 0.4
12800: Temperature measured at: 0.4262, adjusted to: 0.4
17800: Phase complete: (T=0.400000, d=0.300000) Equilibration Phase
17800: Phase started: (T=0.400000, d=0.300000) Observation Phase
18000: Observation recorded
18200: Observation recorded
18400: Observation recorded
18600: Observation recorded
18800: Observation recorded
19000: Observation recorded
19200: Observation recorded
19400: Observation recorded
19600: Observation recorded
19800: Observation recorded
20000: Observation recorded
20200: Observation recorded
20400: Observation recorded
20600: Observation recorded
20800: Observation recorded
21000: Observation recorded
21200: Observation recorded
21400: Observation recorded
21600: Observation recorded
21800: Observation recorded
21800: Phase complete: (T=0.400000, d=0.300000) Observation Phase
