0: Phase started: (T=0.200000, d=0.450000) Equilibration Phase
200: Temperature measured at: 0.462, adjusted to: 0.2
400: Temperature measured at: 0.3599, adjusted to: 0.2
600: Temperature measured at: 0.3227, adjusted to: 0.2
800: Temperature measured at: 0.2866, adjusted to: 0.2
1000: Temperature measured at: 0.272, adjusted to: 0.2
1200: Temperature measured at: 0.2735, adjusted to: 0.2
1400: Temperature measured at: 0.2508, adjusted to: 0.2
1600: Temperature measured at: 0.2394, adjusted to: 0.2
1800: Temperature measured at: 0.2357, adjusted to: 0.2
2000: Temperature measured at: 0.2306, adjusted to: 0.2
2200: Temperature measured at: 0.2238, adjusted to: 0.2
2400: Temperature measured at: 0.2195, adjusted to: 0.2
2600: Temperature measured at: 0.2234, adjusted to: 0.2
2800: Temperature measured at: 0.22, adjusted to: 0.2
3000: Temperature measured at: 0.2129, adjusted to: 0.2
3200: Temperature measured at: 0.213, adjusted to: 0.2
3800: Temperature measured at: 0.2103, adjusted to: 0.2
4400: Temperature measured at: 0.2141, adjusted to: 0.2
4600: Temperature measured at: 0.2125, adjusted to: 0.2
5000: Temperature measured at: 0.2151, adjusted to: 0.2
5600: Temperature measured at: 0.2125, adjusted to: 0.2
6200: Temperature measured at: 0.2116, adjusted to: 0.2
7800: Temperature measured at: 0.2114, adjusted to: 0.2
9200: Temperature measured at: 0.2108, adjusted to: 0.2
13600: Temperature measured at: 0.2104, adjusted to: 0.2
16800: Temperature measured at: 0.2102, adjusted to: 0.2
17800: Temperature measured at: 0.2112, adjusted to: 0.2
19400: Temperature measured at: 0.2114, adjusted to: 0.2
20400: Temperature measured at: 0.2108, adjusted to: 0.2
22800: Temperature measured at: 0.2169, adjusted to: 0.2
25400: Temperature measured at: 0.2106, adjusted to: 0.2
26400: Temperature measured at: 0.2117, adjusted to: 0.2
29400: Temperature measured at: 0.21, adjusted to: 0.2
30400: Temperature measured at: 0.2106, adjusted to: 0.2
32600: Temperature measured at: 0.2116, adjusted to: 0.2
33400: Temperature measured at: 0.2102, adjusted to: 0.2
37200: Temperature measured at: 0.2105, adjusted to: 0.2
40200: Temperature measured at: 0.2106, adjusted to: 0.2
42600: Temperature measured at: 0.212, adjusted to: 0.2
44400: Temperature measured at: 0.2102, adjusted to: 0.2
46400: Temperature measured at: 0.2105, adjusted to: 0.2
46600: Temperature measured at: 0.2102, adjusted to: 0.2
51600: Phase complete: (T=0.200000, d=0.450000) Equilibration Phase
51600: Phase started: (T=0.200000, d=0.450000) Observation Phase
51800: Observation recorded
52000: Observation recorded
52200: Observation recorded
52400: Observation recorded
52600: Observation recorded
52800: Observation recorded
53000: Observation recorded
53200: Observation recorded
53400: Observation recorded
53600: Observation recorded
53800: Observation recorded
54000: Observation recorded
54200: Observation recorded
54400: Observation recorded
54600: Observation recorded
54800: Observation recorded
55000: Observation recorded
55200: Observation recorded
55400: Observation recorded
55600: Observation recorded
55600: Phase complete: (T=0.200000, d=0.450000) Observation Phase
