0: Phase started: (T=0.300000, d=0.300000) Equilibration Phase
200: Temperature measured at: 0.6206, adjusted to: 0.3
400: Temperature measured at: 0.4538, adjusted to: 0.3
600: Temperature measured at: 0.4601, adjusted to: 0.3
800: Temperature measured at: 0.4399, adjusted to: 0.3
1000: Temperature measured at: 0.4322, adjusted to: 0.3
1200: Temperature measured at: 0.4222, adjusted to: 0.3
1400: Temperature measured at: 0.4068, adjusted to: 0.3
1600: Temperature measured at: 0.3971, adjusted to: 0.3
1800: Temperature measured at: 0.3736, adjusted to: 0.3
2000: Temperature measured at: 0.3641, adjusted to: 0.3
2200: Temperature measured at: 0.3486, adjusted to: 0.3
2400: Temperature measured at: 0.3469, adjusted to: 0.3
2600: Temperature measured at: 0.3356, adjusted to: 0.3
2800: Temperature measured at: 0.3355, adjusted to: 0.3
3000: Temperature measured at: 0.3185, adjusted to: 0.3
3200: Temperature measured at: 0.3268, adjusted to: 0.3
3600: Temperature measured at: 0.3263, adjusted to: 0.3
4200: Temperature measured at: 0.3199, adjusted to: 0.3
4400: Temperature measured at: 0.3154, adjusted to: 0.3
5000: Temperature measured at: 0.3163, adjusted to: 0.3
5400: Temperature measured at: 0.3217, adjusted to: 0.3
6000: Temperature measured at: 0.3206, adjusted to: 0.3
7200: Temperature measured at: 0.317, adjusted to: 0.3
7600: Temperature measured at: 0.3167, adjusted to: 0.3
10200: Temperature measured at: 0.3153, adjusted to: 0.3
10800: Temperature measured at: 0.3183, adjusted to: 0.3
11800: Temperature measured at: 0.3159, adjusted to: 0.3
12000: Temperature measured at: 0.3201, adjusted to: 0.3
15600: Temperature measured at: 0.3175, adjusted to: 0.3
20000: Temperature measured at: 0.3152, adjusted to: 0.3
23600: Temperature measured at: 0.3176, adjusted to: 0.3
26800: Temperature measured at: 0.3167, adjusted to: 0.3
31800: Phase complete: (T=0.300000, d=0.300000) Equilibration Phase
31800: Phase started: (T=0.300000, d=0.300000) Observation Phase
32000: Observation recorded
32200: Observation recorded
32400: Observation recorded
32600: Observation recorded
32800: Observation recorded
33000: Observation recorded
33200: Observation recorded
33400: Observation recorded
33600: Observation recorded
33800: Observation recorded
34000: Observation recorded
34200: Observation recorded
34400: Observation recorded
34600: Observation recorded
34800: Observation recorded
35000: Observation recorded
35200: Observation recorded
35400: Observation recorded
35600: Observation recorded
35800: Observation recorded
35800: Phase complete: (T=0.300000, d=0.300000) Observation Phase
