0: Phase started: (T=0.100000, d=0.800000) Equilibration Phase
200: Temperature measured at: 0.05144, adjusted to: 0.1
400: Temperature measured at: 0.08035, adjusted to: 0.1
600: Temperature measured at: 0.09058, adjusted to: 0.1
1000: Temperature measured at: 0.1465, adjusted to: 0.1
1200: Temperature measured at: 0.1378, adjusted to: 0.1
1400: Temperature measured at: 0.1348, adjusted to: 0.1
1600: Temperature measured at: 0.1298, adjusted to: 0.1
1800: Temperature measured at: 0.1319, adjusted to: 0.1
2000: Temperature measured at: 0.1269, adjusted to: 0.1
2200: Temperature measured at: 0.1176, adjusted to: 0.1
2400: Temperature measured at: 0.1103, adjusted to: 0.1
2600: Temperature measured at: 0.1082, adjusted to: 0.1
3000: Temperature measured at: 0.1052, adjusted to: 0.1
3200: Temperature measured at: 0.1084, adjusted to: 0.1
4000: Temperature measured at: 0.1052, adjusted to: 0.1
4800: Temperature measured at: 0.1054, adjusted to: 0.1
6000: Temperature measured at: 0.1057, adjusted to: 0.1
11000: Phase complete: (T=0.100000, d=0.800000) Equilibration Phase
11000: Phase started: (T=0.100000, d=0.800000) Observation Phase
11200: Observation recorded
11400: Observation recorded
11600: Observation recorded
11800: Observation recorded
12000: Observation recorded
12200: Observation recorded
12400: Observation recorded
12600: Observation recorded
12800: Observation recorded
13000: Observation recorded
13200: Observation recorded
13400: Observation recorded
13600: Observation recorded
13800: Observation recorded
14000: Observation recorded
14200: Observation recorded
14400: Observation recorded
14600: Observation recorded
14800: Observation recorded
15000: Observation recorded
15000: Phase complete: (T=0.100000, d=0.800000) Observation Phase
