0: Phase started: (T=0.600000, d=0.750000) Equilibration Phase
200: Temperature measured at: 0.3559, adjusted to: 0.6
400: Temperature measured at: 0.4883, adjusted to: 0.6
600: Temperature measured at: 0.5538, adjusted to: 0.6
1800: Temperature measured at: 0.5694, adjusted to: 0.6
6800: Phase complete: (T=0.600000, d=0.750000) Equilibration Phase
6800: Phase started: (T=0.600000, d=0.750000) Observation Phase
7000: Observation recorded
7200: Observation recorded
7400: Observation recorded
7600: Observation recorded
7800: Observation recorded
8000: Observation recorded
8200: Observation recorded
8400: Observation recorded
8600: Observation recorded
8800: Observation recorded
9000: Observation recorded
9200: Observation recorded
9400: Observation recorded
9600: Observation recorded
9800: Observation recorded
10000: Observation recorded
10200: Observation recorded
10400: Observation recorded
10600: Observation recorded
10800: Observation recorded
10800: Phase complete: (T=0.600000, d=0.750000) Observation Phase
