0: Phase started: (T=0.100000, d=0.250000) Equilibration Phase
200: Temperature measured at: 0.3184, adjusted to: 0.1
400: Temperature measured at: 0.2644, adjusted to: 0.1
600: Temperature measured at: 0.2313, adjusted to: 0.1
800: Temperature measured at: 0.2392, adjusted to: 0.1
1000: Temperature measured at: 0.2254, adjusted to: 0.1
1200: Temperature measured at: 0.2093, adjusted to: 0.1
1400: Temperature measured at: 0.1972, adjusted to: 0.1
1600: Temperature measured at: 0.1797, adjusted to: 0.1
1800: Temperature measured at: 0.1707, adjusted to: 0.1
2000: Temperature measured at: 0.1605, adjusted to: 0.1
2200: Temperature measured at: 0.1514, adjusted to: 0.1
2400: Temperature measured at: 0.1434, adjusted to: 0.1
2600: Temperature measured at: 0.1342, adjusted to: 0.1
2800: Temperature measured at: 0.1298, adjusted to: 0.1
3000: Temperature measured at: 0.1274, adjusted to: 0.1
3200: Temperature measured at: 0.1228, adjusted to: 0.1
3400: Temperature measured at: 0.1193, adjusted to: 0.1
3600: Temperature measured at: 0.1106, adjusted to: 0.1
3800: Temperature measured at: 0.1102, adjusted to: 0.1
4000: Temperature measured at: 0.1082, adjusted to: 0.1
4200: Temperature measured at: 0.1079, adjusted to: 0.1
4400: Temperature measured at: 0.1053, adjusted to: 0.1
4800: Temperature measured at: 0.1103, adjusted to: 0.1
5200: Temperature measured at: 0.1114, adjusted to: 0.1
5400: Temperature measured at: 0.1072, adjusted to: 0.1
5800: Temperature measured at: 0.1095, adjusted to: 0.1
6000: Temperature measured at: 0.1076, adjusted to: 0.1
6200: Temperature measured at: 0.1065, adjusted to: 0.1
6400: Temperature measured at: 0.1079, adjusted to: 0.1
6800: Temperature measured at: 0.1103, adjusted to: 0.1
7000: Temperature measured at: 0.1063, adjusted to: 0.1
7200: Temperature measured at: 0.106, adjusted to: 0.1
8600: Temperature measured at: 0.1065, adjusted to: 0.1
8800: Temperature measured at: 0.1053, adjusted to: 0.1
9000: Temperature measured at: 0.1058, adjusted to: 0.1
9400: Temperature measured at: 0.1072, adjusted to: 0.1
9600: Temperature measured at: 0.1063, adjusted to: 0.1
9800: Temperature measured at: 0.1065, adjusted to: 0.1
10000: Temperature measured at: 0.1051, adjusted to: 0.1
10600: Temperature measured at: 0.1052, adjusted to: 0.1
10800: Temperature measured at: 0.106, adjusted to: 0.1
11000: Temperature measured at: 0.1068, adjusted to: 0.1
11200: Temperature measured at: 0.105, adjusted to: 0.1
11600: Temperature measured at: 0.1069, adjusted to: 0.1
12400: Temperature measured at: 0.1052, adjusted to: 0.1
12600: Temperature measured at: 0.1066, adjusted to: 0.1
13400: Temperature measured at: 0.1068, adjusted to: 0.1
13600: Temperature measured at: 0.1052, adjusted to: 0.1
13800: Temperature measured at: 0.1055, adjusted to: 0.1
14000: Temperature measured at: 0.1093, adjusted to: 0.1
14200: Temperature measured at: 0.1064, adjusted to: 0.1
14400: Temperature measured at: 0.1061, adjusted to: 0.1
15800: Temperature measured at: 0.1052, adjusted to: 0.1
16400: Temperature measured at: 0.1058, adjusted to: 0.1
17000: Temperature measured at: 0.1062, adjusted to: 0.1
17800: Temperature measured at: 0.1054, adjusted to: 0.1
18400: Temperature measured at: 0.1078, adjusted to: 0.1
18800: Temperature measured at: 0.1068, adjusted to: 0.1
19400: Temperature measured at: 0.1067, adjusted to: 0.1
19800: Temperature measured at: 0.1051, adjusted to: 0.1
20000: Temperature measured at: 0.106, adjusted to: 0.1
20600: Temperature measured at: 0.1064, adjusted to: 0.1
21200: Temperature measured at: 0.1052, adjusted to: 0.1
22000: Temperature measured at: 0.106, adjusted to: 0.1
22400: Temperature measured at: 0.1057, adjusted to: 0.1
23200: Temperature measured at: 0.1074, adjusted to: 0.1
23600: Temperature measured at: 0.1067, adjusted to: 0.1
28600: Phase complete: (T=0.100000, d=0.250000) Equilibration Phase
28600: Phase started: (T=0.100000, d=0.250000) Observation Phase
28800: Observation recorded
29000: Observation recorded
29200: Observation recorded
29400: Observation recorded
29600: Observation recorded
29800: Observation recorded
30000: Observation recorded
30200: Observation recorded
30400: Observation recorded
30600: Observation recorded
30800: Observation recorded
31000: Observation recorded
31200: Observation recorded
31400: Observation recorded
31600: Observation recorded
31800: Observation recorded
32000: Observation recorded
32200: Observation recorded
32400: Observation recorded
32600: Observation recorded
32600: Phase complete: (T=0.100000, d=0.250000) Observation Phase
