0: Phase started: (T=0.800000, d=0.100000) Equilibration Phase
200: Temperature measured at: 0.8894, adjusted to: 0.8
600: Temperature measured at: 0.8496, adjusted to: 0.8
1600: Temperature measured at: 0.8421, adjusted to: 0.8
3200: Temperature measured at: 0.8525, adjusted to: 0.8
8200: Phase complete: (T=0.800000, d=0.100000) Equilibration Phase
8200: Phase started: (T=0.800000, d=0.100000) Observation Phase
8400: Observation recorded
8600: Observation recorded
8800: Observation recorded
9000: Observation recorded
9200: Observation recorded
9400: Observation recorded
9600: Observation recorded
9800: Observation recorded
10000: Observation recorded
10200: Observation recorded
10400: Observation recorded
10600: Observation recorded
10800: Observation recorded
11000: Observation recorded
11200: Observation recorded
11400: Observation recorded
11600: Observation recorded
11800: Observation recorded
12000: Observation recorded
12200: Observation recorded
12200: Phase complete: (T=0.800000, d=0.100000) Observation Phase
