0: Phase started: (T=0.200000, d=0.750000) Equilibration Phase
200: Temperature measured at: 0.1174, adjusted to: 0.2
400: Temperature measured at: 0.1848, adjusted to: 0.2
600: Temperature measured at: 0.2302, adjusted to: 0.2
800: Temperature measured at: 0.2316, adjusted to: 0.2
1000: Temperature measured at: 0.2263, adjusted to: 0.2
1200: Temperature measured at: 0.2228, adjusted to: 0.2
1400: Temperature measured at: 0.2145, adjusted to: 0.2
1600: Temperature measured at: 0.2167, adjusted to: 0.2
2000: Temperature measured at: 0.2127, adjusted to: 0.2
2600: Temperature measured at: 0.2169, adjusted to: 0.2
3000: Temperature measured at: 0.2165, adjusted to: 0.2
3200: Temperature measured at: 0.2122, adjusted to: 0.2
3400: Temperature measured at: 0.2122, adjusted to: 0.2
3600: Temperature measured at: 0.2109, adjusted to: 0.2
4000: Temperature measured at: 0.2122, adjusted to: 0.2
7400: Temperature measured at: 0.2105, adjusted to: 0.2
12400: Phase complete: (T=0.200000, d=0.750000) Equilibration Phase
12400: Phase started: (T=0.200000, d=0.750000) Observation Phase
12600: Observation recorded
12800: Observation recorded
13000: Observation recorded
13200: Observation recorded
13400: Observation recorded
13600: Observation recorded
13800: Observation recorded
14000: Observation recorded
14200: Observation recorded
14400: Observation recorded
14600: Observation recorded
14800: Observation recorded
15000: Observation recorded
15200: Observation recorded
15400: Observation recorded
15600: Observation recorded
15800: Observation recorded
16000: Observation recorded
16200: Observation recorded
16400: Observation recorded
16400: Phase complete: (T=0.200000, d=0.750000) Observation Phase
