0: Phase started: (T=1.100000, d=0.900000) Equilibration Phase
200: Temperature measured at: 0.5872, adjusted to: 1.1
400: Temperature measured at: 0.8753, adjusted to: 1.1
600: Temperature measured at: 0.9945, adjusted to: 1.1
1800: Temperature measured at: 1.036, adjusted to: 1.1
2800: Temperature measured at: 1.037, adjusted to: 1.1
3200: Temperature measured at: 1.034, adjusted to: 1.1
8200: Phase complete: (T=1.100000, d=0.900000) Equilibration Phase
8200: Phase started: (T=1.100000, d=0.900000) Observation Phase
8400: Observation recorded
8600: Observation recorded
8800: Observation recorded
9000: Observation recorded
9200: Observation recorded
9400: Observation recorded
9600: Observation recorded
9800: Observation recorded
10000: Observation recorded
10200: Observation recorded
10400: Observation recorded
10600: Observation recorded
10800: Observation recorded
11000: Observation recorded
11200: Observation recorded
11400: Observation recorded
11600: Observation recorded
11800: Observation recorded
12000: Observation recorded
12200: Observation recorded
12200: Phase complete: (T=1.100000, d=0.900000) Observation Phase
