0: Phase started: (T=0.200000, d=0.150000) Equilibration Phase
200: Temperature measured at: 0.2911, adjusted to: 0.2
400: Temperature measured at: 0.2918, adjusted to: 0.2
600: Temperature measured at: 0.2851, adjusted to: 0.2
800: Temperature measured at: 0.2778, adjusted to: 0.2
1000: Temperature measured at: 0.2736, adjusted to: 0.2
1200: Temperature measured at: 0.2691, adjusted to: 0.2
1400: Temperature measured at: 0.2763, adjusted to: 0.2
1600: Temperature measured at: 0.2711, adjusted to: 0.2
1800: Temperature measured at: 0.2783, adjusted to: 0.2
2000: Temperature measured at: 0.2671, adjusted to: 0.2
2200: Temperature measured at: 0.2702, adjusted to: 0.2
2400: Temperature measured at: 0.2597, adjusted to: 0.2
2600: Temperature measured at: 0.2554, adjusted to: 0.2
2800: Temperature measured at: 0.2546, adjusted to: 0.2
3000: Temperature measured at: 0.2492, adjusted to: 0.2
3200: Temperature measured at: 0.2354, adjusted to: 0.2
3400: Temperature measured at: 0.2313, adjusted to: 0.2
3600: Temperature measured at: 0.2304, adjusted to: 0.2
3800: Temperature measured at: 0.2294, adjusted to: 0.2
4000: Temperature measured at: 0.2257, adjusted to: 0.2
4200: Temperature measured at: 0.2257, adjusted to: 0.2
4400: Temperature measured at: 0.2234, adjusted to: 0.2
4600: Temperature measured at: 0.2218, adjusted to: 0.2
4800: Temperature measured at: 0.2175, adjusted to: 0.2
5000: Temperature measured at: 0.217, adjusted to: 0.2
5200: Temperature measured at: 0.2171, adjusted to: 0.2
5400: Temperature measured at: 0.2139, adjusted to: 0.2
5600: Temperature measured at: 0.212, adjusted to: 0.2
5800: Temperature measured at: 0.2113, adjusted to: 0.2
6000: Temperature measured at: 0.2144, adjusted to: 0.2
6200: Temperature measured at: 0.2136, adjusted to: 0.2
6400: Temperature measured at: 0.2176, adjusted to: 0.2
6600: Temperature measured at: 0.2101, adjusted to: 0.2
7000: Temperature measured at: 0.2104, adjusted to: 0.2
8200: Temperature measured at: 0.2117, adjusted to: 0.2
9000: Temperature measured at: 0.2101, adjusted to: 0.2
9600: Temperature measured at: 0.2129, adjusted to: 0.2
10000: Temperature measured at: 0.2102, adjusted to: 0.2
10400: Temperature measured at: 0.2151, adjusted to: 0.2
11400: Temperature measured at: 0.2149, adjusted to: 0.2
11600: Temperature measured at: 0.2109, adjusted to: 0.2
13000: Temperature measured at: 0.2105, adjusted to: 0.2
13400: Temperature measured at: 0.2106, adjusted to: 0.2
16800: Temperature measured at: 0.2103, adjusted to: 0.2
18600: Temperature measured at: 0.2112, adjusted to: 0.2
21200: Temperature measured at: 0.2128, adjusted to: 0.2
21800: Temperature measured at: 0.2111, adjusted to: 0.2
24400: Temperature measured at: 0.2139, adjusted to: 0.2
24600: Temperature measured at: 0.2133, adjusted to: 0.2
25000: Temperature measured at: 0.211, adjusted to: 0.2
30000: Phase complete: (T=0.200000, d=0.150000) Equilibration Phase
30000: Phase started: (T=0.200000, d=0.150000) Observation Phase
30200: Observation recorded
30400: Observation recorded
30600: Observation recorded
30800: Observation recorded
31000: Observation recorded
31200: Observation recorded
31400: Observation recorded
31600: Observation recorded
31800: Observation recorded
32000: Observation recorded
32200: Observation recorded
32400: Observation recorded
32600: Observation recorded
32800: Observation recorded
33000: Observation recorded
33200: Observation recorded
33400: Observation recorded
33600: Observation recorded
33800: Observation recorded
34000: Simulation aborted: Temperature drifted outside acceptable range
