0: Phase started: (T=0.500000, d=0.150000) Equilibration Phase
200: Temperature measured at: 0.6489, adjusted to: 0.5
400: Temperature measured at: 0.5509, adjusted to: 0.5
600: Temperature measured at: 0.5319, adjusted to: 0.5
800: Temperature measured at: 0.5271, adjusted to: 0.5
1000: Temperature measured at: 0.5266, adjusted to: 0.5
1400: Temperature measured at: 0.528, adjusted to: 0.5
1800: Temperature measured at: 0.5518, adjusted to: 0.5
2200: Temperature measured at: 0.5347, adjusted to: 0.5
2800: Temperature measured at: 0.541, adjusted to: 0.5
3200: Temperature measured at: 0.5388, adjusted to: 0.5
3800: Temperature measured at: 0.542, adjusted to: 0.5
4000: Temperature measured at: 0.527, adjusted to: 0.5
4400: Temperature measured at: 0.5307, adjusted to: 0.5
4600: Temperature measured at: 0.5275, adjusted to: 0.5
5400: Temperature measured at: 0.5371, adjusted to: 0.5
6400: Temperature measured at: 0.5343, adjusted to: 0.5
6800: Temperature measured at: 0.525, adjusted to: 0.5
7200: Temperature measured at: 0.5343, adjusted to: 0.5
7400: Temperature measured at: 0.5284, adjusted to: 0.5
7800: Temperature measured at: 0.5271, adjusted to: 0.5
8400: Temperature measured at: 0.5305, adjusted to: 0.5
8800: Temperature measured at: 0.5279, adjusted to: 0.5
9800: Temperature measured at: 0.5528, adjusted to: 0.5
11400: Temperature measured at: 0.529, adjusted to: 0.5
12600: Temperature measured at: 0.5401, adjusted to: 0.5
13600: Temperature measured at: 0.53, adjusted to: 0.5
16200: Temperature measured at: 0.5255, adjusted to: 0.5
17200: Temperature measured at: 0.5266, adjusted to: 0.5
17600: Temperature measured at: 0.5256, adjusted to: 0.5
21200: Temperature measured at: 0.5516, adjusted to: 0.5
22400: Temperature measured at: 0.5351, adjusted to: 0.5
23000: Temperature measured at: 0.5278, adjusted to: 0.5
26000: Temperature measured at: 0.5272, adjusted to: 0.5
27400: Temperature measured at: 0.5316, adjusted to: 0.5
28800: Temperature measured at: 0.5282, adjusted to: 0.5
33800: Phase complete: (T=0.500000, d=0.150000) Equilibration Phase
33800: Phase started: (T=0.500000, d=0.150000) Observation Phase
34000: Observation recorded
34200: Observation recorded
34400: Observation recorded
34600: Observation recorded
34800: Observation recorded
35000: Observation recorded
35200: Observation recorded
35400: Observation recorded
35600: Observation recorded
35800: Observation recorded
36000: Observation recorded
36200: Observation recorded
36400: Observation recorded
36600: Observation recorded
36800: Observation recorded
37000: Observation recorded
37200: Observation recorded
37400: Observation recorded
37600: Observation recorded
37800: Observation recorded
37800: Phase complete: (T=0.500000, d=0.150000) Observation Phase
