0: Phase started: (T=0.500000, d=0.650000) Equilibration Phase
200: Temperature measured at: 0.4158, adjusted to: 0.5
400: Temperature measured at: 0.4737, adjusted to: 0.5
2200: Temperature measured at: 0.4733, adjusted to: 0.5
6000: Temperature measured at: 0.5318, adjusted to: 0.5
6200: Temperature measured at: 0.5288, adjusted to: 0.5
9200: Temperature measured at: 0.5442, adjusted to: 0.5
14200: Phase complete: (T=0.500000, d=0.650000) Equilibration Phase
14200: Phase started: (T=0.500000, d=0.650000) Observation Phase
14400: Observation recorded
14600: Observation recorded
14800: Observation recorded
15000: Observation recorded
15200: Observation recorded
15400: Observation recorded
15600: Observation recorded
15800: Observation recorded
16000: Observation recorded
16200: Observation recorded
16400: Observation recorded
16600: Observation recorded
16800: Observation recorded
17000: Observation recorded
17200: Observation recorded
17400: Observation recorded
17600: Observation recorded
17800: Observation recorded
18000: Observation recorded
18200: Observation recorded
18200: Phase complete: (T=0.500000, d=0.650000) Observation Phase
