0: Phase started: (T=0.900000, d=0.250000) Equilibration Phase
200: Temperature measured at: 1.24, adjusted to: 0.9
400: Temperature measured at: 0.9566, adjusted to: 0.9
2600: Temperature measured at: 0.9509, adjusted to: 0.9
7600: Phase complete: (T=0.900000, d=0.250000) Equilibration Phase
7600: Phase started: (T=0.900000, d=0.250000) Observation Phase
7800: Observation recorded
8000: Observation recorded
8200: Observation recorded
8400: Observation recorded
8600: Observation recorded
8800: Observation recorded
9000: Observation recorded
9200: Observation recorded
9400: Observation recorded
9600: Observation recorded
9800: Observation recorded
10000: Observation recorded
10200: Observation recorded
10400: Observation recorded
10600: Observation recorded
10800: Observation recorded
11000: Observation recorded
11200: Observation recorded
11400: Observation recorded
11600: Observation recorded
11600: Phase complete: (T=0.900000, d=0.250000) Observation Phase
