0: Phase started: (T=0.100000, d=0.400000) Equilibration Phase
200: Temperature measured at: 0.3701, adjusted to: 0.1
400: Temperature measured at: 0.3349, adjusted to: 0.1
600: Temperature measured at: 0.303, adjusted to: 0.1
800: Temperature measured at: 0.2658, adjusted to: 0.1
1000: Temperature measured at: 0.2287, adjusted to: 0.1
1200: Temperature measured at: 0.1959, adjusted to: 0.1
1400: Temperature measured at: 0.1849, adjusted to: 0.1
1600: Temperature measured at: 0.1679, adjusted to: 0.1
1800: Temperature measured at: 0.1548, adjusted to: 0.1
2000: Temperature measured at: 0.1419, adjusted to: 0.1
2200: Temperature measured at: 0.1356, adjusted to: 0.1
2400: Temperature measured at: 0.1304, adjusted to: 0.1
2600: Temperature measured at: 0.1253, adjusted to: 0.1
2800: Temperature measured at: 0.1181, adjusted to: 0.1
3000: Temperature measured at: 0.1112, adjusted to: 0.1
3200: Temperature measured at: 0.1095, adjusted to: 0.1
3400: Temperature measured at: 0.109, adjusted to: 0.1
3600: Temperature measured at: 0.1068, adjusted to: 0.1
3800: Temperature measured at: 0.1055, adjusted to: 0.1
4200: Temperature measured at: 0.1075, adjusted to: 0.1
4400: Temperature measured at: 0.1054, adjusted to: 0.1
5000: Temperature measured at: 0.1082, adjusted to: 0.1
5200: Temperature measured at: 0.1115, adjusted to: 0.1
5400: Temperature measured at: 0.1102, adjusted to: 0.1
5600: Temperature measured at: 0.1065, adjusted to: 0.1
6000: Temperature measured at: 0.1059, adjusted to: 0.1
6400: Temperature measured at: 0.1064, adjusted to: 0.1
6600: Temperature measured at: 0.1066, adjusted to: 0.1
7000: Temperature measured at: 0.106, adjusted to: 0.1
7600: Temperature measured at: 0.1059, adjusted to: 0.1
8000: Temperature measured at: 0.106, adjusted to: 0.1
8400: Temperature measured at: 0.1052, adjusted to: 0.1
9200: Temperature measured at: 0.1053, adjusted to: 0.1
10000: Temperature measured at: 0.106, adjusted to: 0.1
10600: Temperature measured at: 0.1058, adjusted to: 0.1
11800: Temperature measured at: 0.1059, adjusted to: 0.1
12200: Temperature measured at: 0.1054, adjusted to: 0.1
12600: Temperature measured at: 0.1075, adjusted to: 0.1
12800: Temperature measured at: 0.105, adjusted to: 0.1
13600: Temperature measured at: 0.1082, adjusted to: 0.1
13800: Temperature measured at: 0.1054, adjusted to: 0.1
14400: Temperature measured at: 0.1065, adjusted to: 0.1
15000: Temperature measured at: 0.1062, adjusted to: 0.1
15800: Temperature measured at: 0.1052, adjusted to: 0.1
17400: Temperature measured at: 0.105, adjusted to: 0.1
22400: Phase complete: (T=0.100000, d=0.400000) Equilibration Phase
22400: Phase started: (T=0.100000, d=0.400000) Observation Phase
22600: Observation recorded
22800: Observation recorded
23000: Observation recorded
23200: Observation recorded
23400: Observation recorded
23600: Observation recorded
23800: Observation recorded
24000: Observation recorded
24200: Observation recorded
24400: Observation recorded
24600: Observation recorded
24800: Observation recorded
25000: Observation recorded
25200: Observation recorded
25400: Observation recorded
25600: Observation recorded
25800: Observation recorded
26000: Observation recorded
26200: Observation recorded
26400: Observation recorded
26400: Phase complete: (T=0.100000, d=0.400000) Observation Phase
