0: Phase started: (T=0.400000, d=0.100000) Equilibration Phase
200: Temperature measured at: 0.4521, adjusted to: 0.4
400: Temperature measured at: 0.4511, adjusted to: 0.4
600: Temperature measured at: 0.4256, adjusted to: 0.4
800: Temperature measured at: 0.421, adjusted to: 0.4
1000: Temperature measured at: 0.4226, adjusted to: 0.4
1200: Temperature measured at: 0.4363, adjusted to: 0.4
1600: Temperature measured at: 0.4352, adjusted to: 0.4
2000: Temperature measured at: 0.4293, adjusted to: 0.4
2200: Temperature measured at: 0.4265, adjusted to: 0.4
2600: Temperature measured at: 0.4479, adjusted to: 0.4
3000: Temperature measured at: 0.4422, adjusted to: 0.4
3200: Temperature measured at: 0.4288, adjusted to: 0.4
3400: Temperature measured at: 0.4248, adjusted to: 0.4
3600: Temperature measured at: 0.4342, adjusted to: 0.4
3800: Temperature measured at: 0.4298, adjusted to: 0.4
4000: Temperature measured at: 0.426, adjusted to: 0.4
4200: Temperature measured at: 0.4221, adjusted to: 0.4
4600: Temperature measured at: 0.4325, adjusted to: 0.4
4800: Temperature measured at: 0.4292, adjusted to: 0.4
5200: Temperature measured at: 0.4293, adjusted to: 0.4
5400: Temperature measured at: 0.426, adjusted to: 0.4
5800: Temperature measured at: 0.4488, adjusted to: 0.4
6000: Temperature measured at: 0.4316, adjusted to: 0.4
6200: Temperature measured at: 0.4357, adjusted to: 0.4
6400: Temperature measured at: 0.4212, adjusted to: 0.4
6600: Temperature measured at: 0.4247, adjusted to: 0.4
7400: Temperature measured at: 0.4401, adjusted to: 0.4
7600: Temperature measured at: 0.4271, adjusted to: 0.4
8000: Temperature measured at: 0.4205, adjusted to: 0.4
8600: Temperature measured at: 0.4244, adjusted to: 0.4
8800: Temperature measured at: 0.4284, adjusted to: 0.4
9400: Temperature measured at: 0.4449, adjusted to: 0.4
9600: Temperature measured at: 0.429, adjusted to: 0.4
9800: Temperature measured at: 0.4211, adjusted to: 0.4
10000: Temperature measured at: 0.4308, adjusted to: 0.4
10400: Temperature measured at: 0.446, adjusted to: 0.4
11000: Temperature measured at: 0.4205, adjusted to: 0.4
11400: Temperature measured at: 0.4402, adjusted to: 0.4
12200: Temperature measured at: 0.4217, adjusted to: 0.4
13200: Temperature measured at: 0.4202, adjusted to: 0.4
13600: Temperature measured at: 0.4356, adjusted to: 0.4
14000: Temperature measured at: 0.4222, adjusted to: 0.4
14600: Temperature measured at: 0.4204, adjusted to: 0.4
14800: Temperature measured at: 0.4232, adjusted to: 0.4
15800: Temperature measured at: 0.4239, adjusted to: 0.4
16200: Temperature measured at: 0.4299, adjusted to: 0.4
17000: Temperature measured at: 0.4235, adjusted to: 0.4
18400: Temperature measured at: 0.4273, adjusted to: 0.4
19400: Temperature measured at: 0.4234, adjusted to: 0.4
21800: Temperature measured at: 0.4234, adjusted to: 0.4
22600: Temperature measured at: 0.4205, adjusted to: 0.4
27600: Phase complete: (T=0.400000, d=0.100000) Equilibration Phase
27600: Phase started: (T=0.400000, d=0.100000) Observation Phase
27800: Observation recorded
28000: Observation recorded
28200: Observation recorded
28400: Observation recorded
28600: Observation recorded
28800: Observation recorded
29000: Observation recorded
29200: Observation recorded
29400: Observation recorded
29600: Observation recorded
29800: Observation recorded
30000: Observation recorded
30200: Observation recorded
30400: Observation recorded
30600: Observation recorded
30800: Observation recorded
31000: Observation recorded
31200: Observation recorded
31400: Observation recorded
31600: Observation recorded
31600: Phase complete: (T=0.400000, d=0.100000) Observation Phase
