0: Phase started: (T=0.300000, d=0.450000) Equilibration Phase
200: Temperature measured at: 0.5495, adjusted to: 0.3
400: Temperature measured at: 0.446, adjusted to: 0.3
600: Temperature measured at: 0.4123, adjusted to: 0.3
800: Temperature measured at: 0.3726, adjusted to: 0.3
1000: Temperature measured at: 0.3724, adjusted to: 0.3
1200: Temperature measured at: 0.3551, adjusted to: 0.3
1400: Temperature measured at: 0.3424, adjusted to: 0.3
1600: Temperature measured at: 0.336, adjusted to: 0.3
1800: Temperature measured at: 0.3424, adjusted to: 0.3
2000: Temperature measured at: 0.3301, adjusted to: 0.3
2200: Temperature measured at: 0.3251, adjusted to: 0.3
2800: Temperature measured at: 0.3231, adjusted to: 0.3
3000: Temperature measured at: 0.3282, adjusted to: 0.3
3200: Temperature measured at: 0.32, adjusted to: 0.3
3400: Temperature measured at: 0.3173, adjusted to: 0.3
3800: Temperature measured at: 0.321, adjusted to: 0.3
4400: Temperature measured at: 0.3267, adjusted to: 0.3
8000: Temperature measured at: 0.3158, adjusted to: 0.3
9600: Temperature measured at: 0.3183, adjusted to: 0.3
11200: Temperature measured at: 0.324, adjusted to: 0.3
12800: Temperature measured at: 0.3164, adjusted to: 0.3
17400: Temperature measured at: 0.3182, adjusted to: 0.3
22400: Phase complete: (T=0.300000, d=0.450000) Equilibration Phase
22400: Phase started: (T=0.300000, d=0.450000) Observation Phase
22600: Observation recorded
22800: Observation recorded
23000: Observation recorded
23200: Observation recorded
23400: Observation recorded
23600: Observation recorded
23800: Observation recorded
24000: Observation recorded
24200: Observation recorded
24400: Observation recorded
24600: Observation recorded
24800: Observation recorded
25000: Observation recorded
25200: Observation recorded
25400: Observation recorded
25600: Observation recorded
25800: Observation recorded
26000: Observation recorded
26200: Observation recorded
26400: Observation recorded
26400: Phase complete: (T=0.300000, d=0.450000) Observation Phase
