0: Phase started: (T=2.000000, d=0.900000) Equilibration Phase
200: Temperature measured at: 1.057, adjusted to: 2
400: Temperature measured at: 1.542, adjusted to: 2
600: Temperature measured at: 1.788, adjusted to: 2
1200: Temperature measured at: 1.895, adjusted to: 2
6200: Phase complete: (T=2.000000, d=0.900000) Equilibration Phase
6200: Phase started: (T=2.000000, d=0.900000) Observation Phase
6400: Observation recorded
6600: Observation recorded
6800: Observation recorded
7000: Observation recorded
7200: Observation recorded
7400: Observation recorded
7600: Observation recorded
7800: Observation recorded
8000: Observation recorded
8200: Observation recorded
8400: Observation recorded
8600: Observation recorded
8800: Observation recorded
9000: Observation recorded
9200: Observation recorded
9400: Observation recorded
9600: Observation recorded
9800: Observation recorded
10000: Observation recorded
10200: Observation recorded
10200: Phase complete: (T=2.000000, d=0.900000) Observation Phase
