0: Phase started: (T=0.200000, d=0.650000) Equilibration Phase
400: Temperature measured at: 0.291, adjusted to: 0.2
600: Temperature measured at: 0.2815, adjusted to: 0.2
800: Temperature measured at: 0.2597, adjusted to: 0.2
1000: Temperature measured at: 0.2452, adjusted to: 0.2
1200: Temperature measured at: 0.2385, adjusted to: 0.2
1400: Temperature measured at: 0.2242, adjusted to: 0.2
1600: Temperature measured at: 0.2243, adjusted to: 0.2
1800: Temperature measured at: 0.215, adjusted to: 0.2
2000: Temperature measured at: 0.2203, adjusted to: 0.2
2200: Temperature measured at: 0.2146, adjusted to: 0.2
2400: Temperature measured at: 0.2169, adjusted to: 0.2
2600: Temperature measured at: 0.2133, adjusted to: 0.2
3200: Temperature measured at: 0.2102, adjusted to: 0.2
4800: Temperature measured at: 0.2149, adjusted to: 0.2
6400: Temperature measured at: 0.211, adjusted to: 0.2
6800: Temperature measured at: 0.2128, adjusted to: 0.2
8600: Temperature measured at: 0.2102, adjusted to: 0.2
10600: Temperature measured at: 0.2111, adjusted to: 0.2
10800: Temperature measured at: 0.2108, adjusted to: 0.2
14800: Temperature measured at: 0.2112, adjusted to: 0.2
19800: Phase complete: (T=0.200000, d=0.650000) Equilibration Phase
19800: Phase started: (T=0.200000, d=0.650000) Observation Phase
20000: Observation recorded
20200: Observation recorded
20400: Observation recorded
20600: Observation recorded
20800: Observation recorded
21000: Observation recorded
21200: Observation recorded
21400: Observation recorded
21600: Observation recorded
21800: Observation recorded
22000: Observation recorded
22200: Observation recorded
22400: Observation recorded
22600: Observation recorded
22800: Observation recorded
23000: Observation recorded
23200: Observation recorded
23400: Observation recorded
23600: Observation recorded
23800: Observation recorded
23800: Phase complete: (T=0.200000, d=0.650000) Observation Phase
