0: Phase started: (T=2.000000, d=1.000000) Equilibration Phase
200: Temperature measured at: 1.06, adjusted to: 2
400: Temperature measured at: 1.562, adjusted to: 2
600: Temperature measured at: 1.78, adjusted to: 2
800: Temperature measured at: 1.834, adjusted to: 2
1400: Temperature measured at: 1.887, adjusted to: 2
1800: Temperature measured at: 1.836, adjusted to: 2
6800: Phase complete: (T=2.000000, d=1.000000) Equilibration Phase
6800: Phase started: (T=2.000000, d=1.000000) Observation Phase
7000: Observation recorded
7200: Observation recorded
7400: Observation recorded
7600: Observation recorded
7800: Observation recorded
8000: Observation recorded
8200: Observation recorded
8400: Observation recorded
8600: Observation recorded
8800: Observation recorded
9000: Observation recorded
9200: Observation recorded
9400: Observation recorded
9600: Observation recorded
9800: Observation recorded
10000: Observation recorded
10200: Observation recorded
10400: Observation recorded
10600: Observation recorded
10800: Observation recorded
10800: Phase complete: (T=2.000000, d=1.000000) Observation Phase
