0: Phase started: (T=0.200000, d=0.350000) Equilibration Phase
200: Temperature measured at: 0.5079, adjusted to: 0.2
400: Temperature measured at: 0.3744, adjusted to: 0.2
600: Temperature measured at: 0.3417, adjusted to: 0.2
800: Temperature measured at: 0.3215, adjusted to: 0.2
1000: Temperature measured at: 0.307, adjusted to: 0.2
1200: Temperature measured at: 0.2824, adjusted to: 0.2
1400: Temperature measured at: 0.2795, adjusted to: 0.2
1600: Temperature measured at: 0.2621, adjusted to: 0.2
1800: Temperature measured at: 0.2548, adjusted to: 0.2
2000: Temperature measured at: 0.2469, adjusted to: 0.2
2200: Temperature measured at: 0.2355, adjusted to: 0.2
2400: Temperature measured at: 0.229, adjusted to: 0.2
2600: Temperature measured at: 0.2267, adjusted to: 0.2
2800: Temperature measured at: 0.2131, adjusted to: 0.2
3000: Temperature measured at: 0.2136, adjusted to: 0.2
3200: Temperature measured at: 0.2152, adjusted to: 0.2
3400: Temperature measured at: 0.2154, adjusted to: 0.2
3800: Temperature measured at: 0.2123, adjusted to: 0.2
4400: Temperature measured at: 0.2103, adjusted to: 0.2
5200: Temperature measured at: 0.2104, adjusted to: 0.2
5800: Temperature measured at: 0.2115, adjusted to: 0.2
6000: Temperature measured at: 0.2109, adjusted to: 0.2
6600: Temperature measured at: 0.2102, adjusted to: 0.2
7200: Temperature measured at: 0.2139, adjusted to: 0.2
7400: Temperature measured at: 0.2172, adjusted to: 0.2
8200: Temperature measured at: 0.2119, adjusted to: 0.2
8600: Temperature measured at: 0.2118, adjusted to: 0.2
9000: Temperature measured at: 0.2127, adjusted to: 0.2
9200: Temperature measured at: 0.2103, adjusted to: 0.2
9400: Temperature measured at: 0.2123, adjusted to: 0.2
14000: Temperature measured at: 0.2107, adjusted to: 0.2
14800: Temperature measured at: 0.2134, adjusted to: 0.2
17800: Temperature measured at: 0.212, adjusted to: 0.2
18200: Temperature measured at: 0.2112, adjusted to: 0.2
22200: Temperature measured at: 0.2114, adjusted to: 0.2
23400: Temperature measured at: 0.2112, adjusted to: 0.2
27200: Temperature measured at: 0.2116, adjusted to: 0.2
31800: Temperature measured at: 0.2116, adjusted to: 0.2
36800: Phase complete: (T=0.200000, d=0.350000) Equilibration Phase
36800: Phase started: (T=0.200000, d=0.350000) Observation Phase
37000: Observation recorded
37200: Observation recorded
37400: Observation recorded
37600: Observation recorded
37800: Observation recorded
38000: Observation recorded
38200: Observation recorded
38400: Observation recorded
38600: Observation recorded
38800: Observation recorded
39000: Observation recorded
39200: Observation recorded
39400: Observation recorded
39600: Observation recorded
39800: Observation recorded
40000: Observation recorded
40200: Observation recorded
40400: Observation recorded
40600: Observation recorded
40800: Observation recorded
40800: Phase complete: (T=0.200000, d=0.350000) Observation Phase
