0: Phase started: (T=0.500000, d=0.200000) Equilibration Phase
200: Temperature measured at: 0.7596, adjusted to: 0.5
400: Temperature measured at: 0.576, adjusted to: 0.5
600: Temperature measured at: 0.5502, adjusted to: 0.5
800: Temperature measured at: 0.5402, adjusted to: 0.5
1000: Temperature measured at: 0.5393, adjusted to: 0.5
1200: Temperature measured at: 0.5274, adjusted to: 0.5
1400: Temperature measured at: 0.5262, adjusted to: 0.5
1800: Temperature measured at: 0.5624, adjusted to: 0.5
2200: Temperature measured at: 0.5338, adjusted to: 0.5
2600: Temperature measured at: 0.532, adjusted to: 0.5
2800: Temperature measured at: 0.5298, adjusted to: 0.5
3600: Temperature measured at: 0.5354, adjusted to: 0.5
4000: Temperature measured at: 0.5314, adjusted to: 0.5
4200: Temperature measured at: 0.5309, adjusted to: 0.5
4800: Temperature measured at: 0.5298, adjusted to: 0.5
5000: Temperature measured at: 0.5342, adjusted to: 0.5
5400: Temperature measured at: 0.5453, adjusted to: 0.5
6000: Temperature measured at: 0.5272, adjusted to: 0.5
6200: Temperature measured at: 0.5261, adjusted to: 0.5
6400: Temperature measured at: 0.5262, adjusted to: 0.5
7200: Temperature measured at: 0.5297, adjusted to: 0.5
7600: Temperature measured at: 0.5355, adjusted to: 0.5
8600: Temperature measured at: 0.5252, adjusted to: 0.5
11600: Temperature measured at: 0.5355, adjusted to: 0.5
12400: Temperature measured at: 0.5261, adjusted to: 0.5
16600: Temperature measured at: 0.5392, adjusted to: 0.5
21600: Phase complete: (T=0.500000, d=0.200000) Equilibration Phase
21600: Phase started: (T=0.500000, d=0.200000) Observation Phase
21800: Observation recorded
22000: Observation recorded
22200: Observation recorded
22400: Observation recorded
22600: Observation recorded
22800: Observation recorded
23000: Observation recorded
23200: Observation recorded
23400: Observation recorded
23600: Observation recorded
23800: Observation recorded
24000: Observation recorded
24200: Observation recorded
24400: Observation recorded
24600: Observation recorded
24800: Observation recorded
25000: Observation recorded
25200: Observation recorded
25400: Observation recorded
25600: Observation recorded
25600: Phase complete: (T=0.500000, d=0.200000) Observation Phase
