0: Phase started: (T=0.200000, d=0.100000) Equilibration Phase
200: Temperature measured at: 0.2215, adjusted to: 0.2
400: Temperature measured at: 0.2658, adjusted to: 0.2
600: Temperature measured at: 0.2411, adjusted to: 0.2
800: Temperature measured at: 0.245, adjusted to: 0.2
1000: Temperature measured at: 0.2466, adjusted to: 0.2
1200: Temperature measured at: 0.2448, adjusted to: 0.2
1400: Temperature measured at: 0.2445, adjusted to: 0.2
1600: Temperature measured at: 0.2521, adjusted to: 0.2
1800: Temperature measured at: 0.2573, adjusted to: 0.2
2000: Temperature measured at: 0.2534, adjusted to: 0.2
2200: Temperature measured at: 0.2582, adjusted to: 0.2
2400: Temperature measured at: 0.2609, adjusted to: 0.2
2600: Temperature measured at: 0.2621, adjusted to: 0.2
2800: Temperature measured at: 0.2623, adjusted to: 0.2
3000: Temperature measured at: 0.2574, adjusted to: 0.2
3200: Temperature measured at: 0.2497, adjusted to: 0.2
3400: Temperature measured at: 0.2508, adjusted to: 0.2
3600: Temperature measured at: 0.2438, adjusted to: 0.2
3800: Temperature measured at: 0.2339, adjusted to: 0.2
4000: Temperature measured at: 0.237, adjusted to: 0.2
4200: Temperature measured at: 0.2362, adjusted to: 0.2
4400: Temperature measured at: 0.2291, adjusted to: 0.2
4600: Temperature measured at: 0.2271, adjusted to: 0.2
4800: Temperature measured at: 0.2196, adjusted to: 0.2
5000: Temperature measured at: 0.2239, adjusted to: 0.2
5200: Temperature measured at: 0.221, adjusted to: 0.2
5400: Temperature measured at: 0.2166, adjusted to: 0.2
5600: Temperature measured at: 0.2155, adjusted to: 0.2
5800: Temperature measured at: 0.2112, adjusted to: 0.2
6000: Temperature measured at: 0.2154, adjusted to: 0.2
6400: Temperature measured at: 0.213, adjusted to: 0.2
7000: Temperature measured at: 0.2111, adjusted to: 0.2
7400: Temperature measured at: 0.2193, adjusted to: 0.2
7600: Temperature measured at: 0.2112, adjusted to: 0.2
7800: Temperature measured at: 0.215, adjusted to: 0.2
8000: Temperature measured at: 0.2115, adjusted to: 0.2
8400: Temperature measured at: 0.2113, adjusted to: 0.2
8800: Temperature measured at: 0.2112, adjusted to: 0.2
9400: Temperature measured at: 0.2173, adjusted to: 0.2
9600: Temperature measured at: 0.2173, adjusted to: 0.2
9800: Temperature measured at: 0.2115, adjusted to: 0.2
10400: Temperature measured at: 0.2113, adjusted to: 0.2
11200: Temperature measured at: 0.2106, adjusted to: 0.2
11600: Temperature measured at: 0.2134, adjusted to: 0.2
12200: Temperature measured at: 0.2151, adjusted to: 0.2
12600: Temperature measured at: 0.2145, adjusted to: 0.2
12800: Temperature measured at: 0.2125, adjusted to: 0.2
13400: Temperature measured at: 0.2134, adjusted to: 0.2
13800: Temperature measured at: 0.2141, adjusted to: 0.2
14800: Temperature measured at: 0.2151, adjusted to: 0.2
15200: Temperature measured at: 0.2107, adjusted to: 0.2
16200: Temperature measured at: 0.2146, adjusted to: 0.2
17800: Temperature measured at: 0.2121, adjusted to: 0.2
18000: Temperature measured at: 0.2103, adjusted to: 0.2
20600: Temperature measured at: 0.2108, adjusted to: 0.2
24600: Temperature measured at: 0.2118, adjusted to: 0.2
25600: Temperature measured at: 0.2128, adjusted to: 0.2
26800: Temperature measured at: 0.2127, adjusted to: 0.2
27000: Temperature measured at: 0.2103, adjusted to: 0.2
32000: Phase complete: (T=0.200000, d=0.100000) Equilibration Phase
32000: Phase started: (T=0.200000, d=0.100000) Observation Phase
32200: Observation recorded
32400: Observation recorded
32600: Observation recorded
32800: Observation recorded
33000: Observation recorded
33200: Observation recorded
33400: Observation recorded
33600: Observation recorded
33800: Observation recorded
34000: Observation recorded
34200: Observation recorded
34400: Observation recorded
34600: Observation recorded
34800: Observation recorded
35000: Observation recorded
35200: Observation recorded
35400: Observation recorded
35600: Observation recorded
35800: Observation recorded
36000: Observation recorded
36000: Phase complete: (T=0.200000, d=0.100000) Observation Phase
