0: Phase started: (T=0.200000, d=0.250000) Equilibration Phase
200: Temperature measured at: 0.469, adjusted to: 0.2
400: Temperature measured at: 0.3487, adjusted to: 0.2
600: Temperature measured at: 0.3223, adjusted to: 0.2
800: Temperature measured at: 0.3209, adjusted to: 0.2
1000: Temperature measured at: 0.3202, adjusted to: 0.2
1200: Temperature measured at: 0.2964, adjusted to: 0.2
1400: Temperature measured at: 0.2962, adjusted to: 0.2
1600: Temperature measured at: 0.2792, adjusted to: 0.2
1800: Temperature measured at: 0.2731, adjusted to: 0.2
2000: Temperature measured at: 0.2613, adjusted to: 0.2
2200: Temperature measured at: 0.245, adjusted to: 0.2
2400: Temperature measured at: 0.2308, adjusted to: 0.2
2600: Temperature measured at: 0.2223, adjusted to: 0.2
2800: Temperature measured at: 0.2272, adjusted to: 0.2
3000: Temperature measured at: 0.2272, adjusted to: 0.2
3200: Temperature measured at: 0.2155, adjusted to: 0.2
3600: Temperature measured at: 0.2179, adjusted to: 0.2
3800: Temperature measured at: 0.212, adjusted to: 0.2
4200: Temperature measured at: 0.2143, adjusted to: 0.2
4400: Temperature measured at: 0.2146, adjusted to: 0.2
4600: Temperature measured at: 0.2214, adjusted to: 0.2
4800: Temperature measured at: 0.2212, adjusted to: 0.2
5000: Temperature measured at: 0.2174, adjusted to: 0.2
5200: Temperature measured at: 0.2202, adjusted to: 0.2
5600: Temperature measured at: 0.2157, adjusted to: 0.2
6200: Temperature measured at: 0.2124, adjusted to: 0.2
6600: Temperature measured at: 0.2119, adjusted to: 0.2
7600: Temperature measured at: 0.2141, adjusted to: 0.2
7800: Temperature measured at: 0.2154, adjusted to: 0.2
8200: Temperature measured at: 0.2115, adjusted to: 0.2
9000: Temperature measured at: 0.2104, adjusted to: 0.2
9200: Temperature measured at: 0.2104, adjusted to: 0.2
10000: Temperature measured at: 0.2112, adjusted to: 0.2
10800: Temperature measured at: 0.2105, adjusted to: 0.2
12800: Temperature measured at: 0.2102, adjusted to: 0.2
13400: Temperature measured at: 0.2125, adjusted to: 0.2
14400: Temperature measured at: 0.213, adjusted to: 0.2
14600: Temperature measured at: 0.2115, adjusted to: 0.2
14800: Temperature measured at: 0.2102, adjusted to: 0.2
15200: Temperature measured at: 0.2104, adjusted to: 0.2
16000: Temperature measured at: 0.2115, adjusted to: 0.2
16400: Temperature measured at: 0.2105, adjusted to: 0.2
18800: Temperature measured at: 0.2108, adjusted to: 0.2
19800: Temperature measured at: 0.2126, adjusted to: 0.2
20400: Temperature measured at: 0.2125, adjusted to: 0.2
23200: Temperature measured at: 0.2103, adjusted to: 0.2
24600: Temperature measured at: 0.2108, adjusted to: 0.2
26200: Temperature measured at: 0.212, adjusted to: 0.2
31200: Phase complete: (T=0.200000, d=0.250000) Equilibration Phase
31200: Phase started: (T=0.200000, d=0.250000) Observation Phase
31400: Observation recorded
31600: Observation recorded
31800: Observation recorded
32000: Observation recorded
32200: Observation recorded
32400: Observation recorded
32600: Observation recorded
32800: Observation recorded
33000: Observation recorded
33200: Observation recorded
33400: Observation recorded
33600: Observation recorded
33800: Observation recorded
34000: Observation recorded
34200: Observation recorded
34400: Observation recorded
34600: Observation recorded
34800: Observation recorded
35000: Observation recorded
35200: Observation recorded
35200: Phase complete: (T=0.200000, d=0.250000) Observation Phase
