0: Phase started: (T=0.800000, d=1.000000) Equilibration Phase
200: Temperature measured at: 0.4136, adjusted to: 0.8
400: Temperature measured at: 0.6275, adjusted to: 0.8
600: Temperature measured at: 0.7134, adjusted to: 0.8
800: Temperature measured at: 0.7385, adjusted to: 0.8
3000: Temperature measured at: 0.7599, adjusted to: 0.8
8000: Phase complete: (T=0.800000, d=1.000000) Equilibration Phase
8000: Phase started: (T=0.800000, d=1.000000) Observation Phase
8200: Observation recorded
8400: Observation recorded
8600: Observation recorded
8800: Observation recorded
9000: Observation recorded
9200: Observation recorded
9400: Observation recorded
9600: Observation recorded
9800: Observation recorded
10000: Observation recorded
10200: Observation recorded
10400: Observation recorded
10600: Observation recorded
10800: Observation recorded
11000: Observation recorded
11200: Observation recorded
11400: Observation recorded
11600: Observation recorded
11800: Observation recorded
12000: Observation recorded
12000: Phase complete: (T=0.800000, d=1.000000) Observation Phase
