0: Phase started: (T=0.500000, d=0.100000) Equilibration Phase
200: Temperature measured at: 0.5629, adjusted to: 0.5
400: Temperature measured at: 0.5443, adjusted to: 0.5
600: Temperature measured at: 0.5329, adjusted to: 0.5
1000: Temperature measured at: 0.5469, adjusted to: 0.5
1400: Temperature measured at: 0.5501, adjusted to: 0.5
2400: Temperature measured at: 0.537, adjusted to: 0.5
2800: Temperature measured at: 0.5337, adjusted to: 0.5
3200: Temperature measured at: 0.5253, adjusted to: 0.5
4000: Temperature measured at: 0.5431, adjusted to: 0.5
4600: Temperature measured at: 0.5475, adjusted to: 0.5
5200: Temperature measured at: 0.5271, adjusted to: 0.5
6800: Temperature measured at: 0.5393, adjusted to: 0.5
7200: Temperature measured at: 0.5381, adjusted to: 0.5
7400: Temperature measured at: 0.535, adjusted to: 0.5
8400: Temperature measured at: 0.5289, adjusted to: 0.5
9000: Temperature measured at: 0.532, adjusted to: 0.5
9200: Temperature measured at: 0.5296, adjusted to: 0.5
9800: Temperature measured at: 0.5274, adjusted to: 0.5
11200: Temperature measured at: 0.5402, adjusted to: 0.5
12800: Temperature measured at: 0.5267, adjusted to: 0.5
13200: Temperature measured at: 0.5296, adjusted to: 0.5
15800: Temperature measured at: 0.5376, adjusted to: 0.5
17200: Temperature measured at: 0.5355, adjusted to: 0.5
18600: Temperature measured at: 0.5368, adjusted to: 0.5
19000: Temperature measured at: 0.5388, adjusted to: 0.5
22000: Temperature measured at: 0.5274, adjusted to: 0.5
23200: Temperature measured at: 0.5323, adjusted to: 0.5
26400: Temperature measured at: 0.5262, adjusted to: 0.5
27800: Temperature measured at: 0.5316, adjusted to: 0.5
28200: Temperature measured at: 0.5297, adjusted to: 0.5
28600: Temperature measured at: 0.5297, adjusted to: 0.5
33600: Phase complete: (T=0.500000, d=0.100000) Equilibration Phase
33600: Phase started: (T=0.500000, d=0.100000) Observation Phase
33800: Observation recorded
34000: Observation recorded
34200: Observation recorded
34400: Observation recorded
34600: Observation recorded
34800: Observation recorded
35000: Observation recorded
35200: Observation recorded
35400: Observation recorded
35600: Observation recorded
35800: Observation recorded
36000: Observation recorded
36200: Observation recorded
36400: Observation recorded
36600: Observation recorded
36800: Observation recorded
37000: Observation recorded
37200: Observation recorded
37400: Observation recorded
37600: Observation recorded
37600: Phase complete: (T=0.500000, d=0.100000) Observation Phase
