0: Phase started: (T=0.500000, d=0.200000) Equilibration Phase
200: Temperature measured at: 0.7715, adjusted to: 0.5
400: Temperature measured at: 0.5866, adjusted to: 0.5
600: Temperature measured at: 0.5424, adjusted to: 0.5
800: Temperature measured at: 0.5586, adjusted to: 0.5
1200: Temperature measured at: 0.5369, adjusted to: 0.5
1600: Temperature measured at: 0.555, adjusted to: 0.5
2000: Temperature measured at: 0.5347, adjusted to: 0.5
2200: Temperature measured at: 0.539, adjusted to: 0.5
2600: Temperature measured at: 0.5311, adjusted to: 0.5
3000: Temperature measured at: 0.5454, adjusted to: 0.5
3200: Temperature measured at: 0.5332, adjusted to: 0.5
3600: Temperature measured at: 0.5511, adjusted to: 0.5
4400: Temperature measured at: 0.5336, adjusted to: 0.5
4800: Temperature measured at: 0.5303, adjusted to: 0.5
5200: Temperature measured at: 0.5372, adjusted to: 0.5
6000: Temperature measured at: 0.5402, adjusted to: 0.5
6600: Temperature measured at: 0.5383, adjusted to: 0.5
7200: Temperature measured at: 0.5253, adjusted to: 0.5
7600: Temperature measured at: 0.5347, adjusted to: 0.5
8400: Temperature measured at: 0.5257, adjusted to: 0.5
8600: Temperature measured at: 0.5275, adjusted to: 0.5
10600: Temperature measured at: 0.5382, adjusted to: 0.5
11200: Temperature measured at: 0.5319, adjusted to: 0.5
13400: Temperature measured at: 0.5284, adjusted to: 0.5
15400: Temperature measured at: 0.5345, adjusted to: 0.5
20400: Phase complete: (T=0.500000, d=0.200000) Equilibration Phase
20400: Phase started: (T=0.500000, d=0.200000) Observation Phase
20600: Observation recorded
20800: Observation recorded
21000: Observation recorded
21200: Observation recorded
21400: Observation recorded
21600: Observation recorded
21800: Observation recorded
22000: Observation recorded
22200: Observation recorded
22400: Observation recorded
22600: Observation recorded
22800: Observation recorded
23000: Observation recorded
23200: Observation recorded
23400: Observation recorded
23600: Observation recorded
23800: Observation recorded
24000: Observation recorded
24200: Observation recorded
24400: Observation recorded
24400: Phase complete: (T=0.500000, d=0.200000) Observation Phase
