0: Phase started: (T=0.200000, d=0.100000) Equilibration Phase
200: Temperature measured at: 0.222, adjusted to: 0.2
400: Temperature measured at: 0.2658, adjusted to: 0.2
600: Temperature measured at: 0.2431, adjusted to: 0.2
800: Temperature measured at: 0.2355, adjusted to: 0.2
1000: Temperature measured at: 0.2561, adjusted to: 0.2
1200: Temperature measured at: 0.2342, adjusted to: 0.2
1400: Temperature measured at: 0.2497, adjusted to: 0.2
1600: Temperature measured at: 0.2499, adjusted to: 0.2
1800: Temperature measured at: 0.2646, adjusted to: 0.2
2000: Temperature measured at: 0.2661, adjusted to: 0.2
2200: Temperature measured at: 0.2576, adjusted to: 0.2
2400: Temperature measured at: 0.2627, adjusted to: 0.2
2600: Temperature measured at: 0.2616, adjusted to: 0.2
2800: Temperature measured at: 0.2592, adjusted to: 0.2
3000: Temperature measured at: 0.2473, adjusted to: 0.2
3200: Temperature measured at: 0.2457, adjusted to: 0.2
3400: Temperature measured at: 0.2425, adjusted to: 0.2
3600: Temperature measured at: 0.2329, adjusted to: 0.2
3800: Temperature measured at: 0.243, adjusted to: 0.2
4000: Temperature measured at: 0.234, adjusted to: 0.2
4200: Temperature measured at: 0.2283, adjusted to: 0.2
4400: Temperature measured at: 0.2199, adjusted to: 0.2
4600: Temperature measured at: 0.2271, adjusted to: 0.2
4800: Temperature measured at: 0.2308, adjusted to: 0.2
5000: Temperature measured at: 0.2169, adjusted to: 0.2
5200: Temperature measured at: 0.2141, adjusted to: 0.2
5400: Temperature measured at: 0.2113, adjusted to: 0.2
5600: Temperature measured at: 0.2135, adjusted to: 0.2
5800: Temperature measured at: 0.2144, adjusted to: 0.2
6000: Temperature measured at: 0.2114, adjusted to: 0.2
6600: Temperature measured at: 0.2121, adjusted to: 0.2
6800: Temperature measured at: 0.2168, adjusted to: 0.2
7000: Temperature measured at: 0.2122, adjusted to: 0.2
7200: Temperature measured at: 0.2147, adjusted to: 0.2
7400: Temperature measured at: 0.2143, adjusted to: 0.2
7600: Temperature measured at: 0.2118, adjusted to: 0.2
8200: Temperature measured at: 0.2139, adjusted to: 0.2
8400: Temperature measured at: 0.212, adjusted to: 0.2
8600: Temperature measured at: 0.211, adjusted to: 0.2
9000: Temperature measured at: 0.213, adjusted to: 0.2
9600: Temperature measured at: 0.2147, adjusted to: 0.2
10000: Temperature measured at: 0.2148, adjusted to: 0.2
11000: Temperature measured at: 0.2119, adjusted to: 0.2
16000: Phase complete: (T=0.200000, d=0.100000) Equilibration Phase
16000: Phase started: (T=0.200000, d=0.100000) Observation Phase
16200: Observation recorded
16400: Observation recorded
16600: Observation recorded
16800: Observation recorded
17000: Observation recorded
17200: Observation recorded
17400: Observation recorded
17600: Observation recorded
17800: Observation recorded
18000: Observation recorded
18200: Observation recorded
18400: Observation recorded
18600: Observation recorded
18800: Observation recorded
19000: Observation recorded
19200: Observation recorded
19400: Observation recorded
19600: Observation recorded
19800: Observation recorded
20000: Observation recorded
20000: Phase complete: (T=0.200000, d=0.100000) Observation Phase
