0: Phase started: (T=0.100000, d=0.500000) Equilibration Phase
200: Temperature measured at: 0.2923, adjusted to: 0.1
400: Temperature measured at: 0.2807, adjusted to: 0.1
600: Temperature measured at: 0.2431, adjusted to: 0.1
800: Temperature measured at: 0.2143, adjusted to: 0.1
1000: Temperature measured at: 0.195, adjusted to: 0.1
1200: Temperature measured at: 0.1671, adjusted to: 0.1
1400: Temperature measured at: 0.1461, adjusted to: 0.1
1600: Temperature measured at: 0.1341, adjusted to: 0.1
1800: Temperature measured at: 0.1312, adjusted to: 0.1
2000: Temperature measured at: 0.1214, adjusted to: 0.1
2200: Temperature measured at: 0.113, adjusted to: 0.1
2400: Temperature measured at: 0.1128, adjusted to: 0.1
2600: Temperature measured at: 0.1121, adjusted to: 0.1
2800: Temperature measured at: 0.1073, adjusted to: 0.1
3000: Temperature measured at: 0.1073, adjusted to: 0.1
3400: Temperature measured at: 0.1092, adjusted to: 0.1
3600: Temperature measured at: 0.1059, adjusted to: 0.1
4000: Temperature measured at: 0.1063, adjusted to: 0.1
5200: Temperature measured at: 0.1056, adjusted to: 0.1
5800: Temperature measured at: 0.105, adjusted to: 0.1
6000: Temperature measured at: 0.1055, adjusted to: 0.1
6200: Temperature measured at: 0.1053, adjusted to: 0.1
7000: Temperature measured at: 0.1052, adjusted to: 0.1
7200: Temperature measured at: 0.1054, adjusted to: 0.1
8400: Temperature measured at: 0.1053, adjusted to: 0.1
9000: Temperature measured at: 0.1059, adjusted to: 0.1
9400: Temperature measured at: 0.1052, adjusted to: 0.1
10000: Temperature measured at: 0.107, adjusted to: 0.1
10200: Temperature measured at: 0.1055, adjusted to: 0.1
10600: Temperature measured at: 0.1088, adjusted to: 0.1
10800: Temperature measured at: 0.1064, adjusted to: 0.1
11000: Temperature measured at: 0.1074, adjusted to: 0.1
11400: Temperature measured at: 0.1057, adjusted to: 0.1
12800: Temperature measured at: 0.1061, adjusted to: 0.1
13600: Temperature measured at: 0.1056, adjusted to: 0.1
14800: Temperature measured at: 0.1056, adjusted to: 0.1
15400: Temperature measured at: 0.1052, adjusted to: 0.1
16400: Temperature measured at: 0.106, adjusted to: 0.1
17200: Temperature measured at: 0.1056, adjusted to: 0.1
19400: Temperature measured at: 0.1057, adjusted to: 0.1
24400: Temperature measured at: 0.1054, adjusted to: 0.1
24800: Temperature measured at: 0.1051, adjusted to: 0.1
26400: Temperature measured at: 0.1088, adjusted to: 0.1
27200: Temperature measured at: 0.1079, adjusted to: 0.1
27600: Temperature measured at: 0.1064, adjusted to: 0.1
28000: Temperature measured at: 0.108, adjusted to: 0.1
29200: Temperature measured at: 0.1051, adjusted to: 0.1
30400: Temperature measured at: 0.1072, adjusted to: 0.1
31000: Temperature measured at: 0.1058, adjusted to: 0.1
31400: Temperature measured at: 0.1091, adjusted to: 0.1
31800: Temperature measured at: 0.105, adjusted to: 0.1
33200: Temperature measured at: 0.1054, adjusted to: 0.1
38200: Phase complete: (T=0.100000, d=0.500000) Equilibration Phase
38200: Phase started: (T=0.100000, d=0.500000) Observation Phase
38400: Observation recorded
38600: Observation recorded
38800: Observation recorded
39000: Observation recorded
39200: Observation recorded
39400: Observation recorded
39600: Observation recorded
39800: Observation recorded
40000: Observation recorded
40200: Observation recorded
40400: Observation recorded
40600: Observation recorded
40800: Observation recorded
41000: Observation recorded
41200: Observation recorded
41400: Observation recorded
41600: Observation recorded
41800: Observation recorded
42000: Observation recorded
42200: Observation recorded
42200: Phase complete: (T=0.100000, d=0.500000) Observation Phase
