0: Phase started: (T=0.800000, d=0.400000) Equilibration Phase
200: Temperature measured at: 1.071, adjusted to: 0.8
400: Temperature measured at: 0.8719, adjusted to: 0.8
600: Temperature measured at: 0.8537, adjusted to: 0.8
1200: Temperature measured at: 0.8493, adjusted to: 0.8
1800: Temperature measured at: 0.8433, adjusted to: 0.8
2200: Temperature measured at: 0.8657, adjusted to: 0.8
3000: Temperature measured at: 0.8464, adjusted to: 0.8
4600: Temperature measured at: 0.8421, adjusted to: 0.8
9600: Phase complete: (T=0.800000, d=0.400000) Equilibration Phase
9600: Phase started: (T=0.800000, d=0.400000) Observation Phase
9800: Observation recorded
10000: Observation recorded
10200: Observation recorded
10400: Observation recorded
10600: Observation recorded
10800: Observation recorded
11000: Observation recorded
11200: Observation recorded
11400: Observation recorded
11600: Observation recorded
11800: Observation recorded
12000: Observation recorded
12200: Observation recorded
12400: Observation recorded
12600: Observation recorded
12800: Observation recorded
13000: Observation recorded
13200: Observation recorded
13400: Observation recorded
13600: Observation recorded
13600: Phase complete: (T=0.800000, d=0.400000) Observation Phase
