0: Phase started: (T=1.400000, d=0.950000) Equilibration Phase
200: Temperature measured at: 0.7425, adjusted to: 1.4
400: Temperature measured at: 1.105, adjusted to: 1.4
600: Temperature measured at: 1.254, adjusted to: 1.4
800: Temperature measured at: 1.31, adjusted to: 1.4
1200: Temperature measured at: 1.327, adjusted to: 1.4
2600: Temperature measured at: 1.319, adjusted to: 1.4
3000: Temperature measured at: 1.321, adjusted to: 1.4
8000: Phase complete: (T=1.400000, d=0.950000) Equilibration Phase
8000: Phase started: (T=1.400000, d=0.950000) Observation Phase
8200: Observation recorded
8400: Observation recorded
8600: Observation recorded
8800: Observation recorded
9000: Observation recorded
9200: Observation recorded
9400: Observation recorded
9600: Observation recorded
9800: Observation recorded
10000: Observation recorded
10200: Observation recorded
10400: Observation recorded
10600: Observation recorded
10800: Observation recorded
11000: Observation recorded
11200: Observation recorded
11400: Observation recorded
11600: Observation recorded
11800: Observation recorded
12000: Observation recorded
12000: Phase complete: (T=1.400000, d=0.950000) Observation Phase
