0: Phase started: (T=0.400000, d=0.350000) Equilibration Phase
200: Temperature measured at: 0.7369, adjusted to: 0.4
400: Temperature measured at: 0.5238, adjusted to: 0.4
600: Temperature measured at: 0.4697, adjusted to: 0.4
800: Temperature measured at: 0.4713, adjusted to: 0.4
1000: Temperature measured at: 0.4439, adjusted to: 0.4
1200: Temperature measured at: 0.4473, adjusted to: 0.4
1400: Temperature measured at: 0.4527, adjusted to: 0.4
1600: Temperature measured at: 0.4407, adjusted to: 0.4
1800: Temperature measured at: 0.441, adjusted to: 0.4
2200: Temperature measured at: 0.4332, adjusted to: 0.4
2400: Temperature measured at: 0.4433, adjusted to: 0.4
2800: Temperature measured at: 0.4444, adjusted to: 0.4
3400: Temperature measured at: 0.4307, adjusted to: 0.4
4000: Temperature measured at: 0.427, adjusted to: 0.4
4800: Temperature measured at: 0.4311, adjusted to: 0.4
5600: Temperature measured at: 0.4227, adjusted to: 0.4
5800: Temperature measured at: 0.4235, adjusted to: 0.4
7600: Temperature measured at: 0.4291, adjusted to: 0.4
8000: Temperature measured at: 0.4283, adjusted to: 0.4
8600: Temperature measured at: 0.4262, adjusted to: 0.4
12200: Temperature measured at: 0.4267, adjusted to: 0.4
15200: Temperature measured at: 0.422, adjusted to: 0.4
20200: Phase complete: (T=0.400000, d=0.350000) Equilibration Phase
20200: Phase started: (T=0.400000, d=0.350000) Observation Phase
20400: Observation recorded
20600: Observation recorded
20800: Observation recorded
21000: Observation recorded
21200: Observation recorded
21400: Observation recorded
21600: Observation recorded
21800: Observation recorded
22000: Observation recorded
22200: Observation recorded
22400: Observation recorded
22600: Observation recorded
22800: Observation recorded
23000: Observation recorded
23200: Observation recorded
23400: Observation recorded
23600: Observation recorded
23800: Observation recorded
24000: Observation recorded
24200: Observation recorded
24200: Phase complete: (T=0.400000, d=0.350000) Observation Phase
