0: Phase started: (T=0.500000, d=0.450000) Equilibration Phase
200: Temperature measured at: 0.7192, adjusted to: 0.5
400: Temperature measured at: 0.5966, adjusted to: 0.5
600: Temperature measured at: 0.5666, adjusted to: 0.5
800: Temperature measured at: 0.5367, adjusted to: 0.5
1200: Temperature measured at: 0.5422, adjusted to: 0.5
1600: Temperature measured at: 0.5268, adjusted to: 0.5
2000: Temperature measured at: 0.5428, adjusted to: 0.5
2200: Temperature measured at: 0.5269, adjusted to: 0.5
2400: Temperature measured at: 0.5342, adjusted to: 0.5
3200: Temperature measured at: 0.5423, adjusted to: 0.5
3400: Temperature measured at: 0.5267, adjusted to: 0.5
3600: Temperature measured at: 0.5316, adjusted to: 0.5
4200: Temperature measured at: 0.5343, adjusted to: 0.5
9200: Phase complete: (T=0.500000, d=0.450000) Equilibration Phase
9200: Phase started: (T=0.500000, d=0.450000) Observation Phase
9400: Observation recorded
9600: Observation recorded
9800: Observation recorded
10000: Observation recorded
10200: Observation recorded
10400: Observation recorded
10600: Observation recorded
10800: Observation recorded
11000: Observation recorded
11200: Observation recorded
11400: Observation recorded
11600: Observation recorded
11800: Observation recorded
12000: Observation recorded
12200: Observation recorded
12400: Observation recorded
12600: Observation recorded
12800: Observation recorded
13000: Observation recorded
13200: Observation recorded
13200: Phase complete: (T=0.500000, d=0.450000) Observation Phase
