0: Phase started: (T=0.100000, d=0.350000) Equilibration Phase
200: Temperature measured at: 0.3783, adjusted to: 0.1
400: Temperature measured at: 0.2975, adjusted to: 0.1
600: Temperature measured at: 0.256, adjusted to: 0.1
800: Temperature measured at: 0.2259, adjusted to: 0.1
1000: Temperature measured at: 0.2014, adjusted to: 0.1
1200: Temperature measured at: 0.1841, adjusted to: 0.1
1400: Temperature measured at: 0.1728, adjusted to: 0.1
1600: Temperature measured at: 0.1623, adjusted to: 0.1
1800: Temperature measured at: 0.1488, adjusted to: 0.1
2000: Temperature measured at: 0.1394, adjusted to: 0.1
2200: Temperature measured at: 0.1299, adjusted to: 0.1
2400: Temperature measured at: 0.1236, adjusted to: 0.1
2600: Temperature measured at: 0.1166, adjusted to: 0.1
2800: Temperature measured at: 0.1134, adjusted to: 0.1
3000: Temperature measured at: 0.1106, adjusted to: 0.1
3200: Temperature measured at: 0.1085, adjusted to: 0.1
3400: Temperature measured at: 0.1095, adjusted to: 0.1
3600: Temperature measured at: 0.1078, adjusted to: 0.1
3800: Temperature measured at: 0.1079, adjusted to: 0.1
4000: Temperature measured at: 0.1098, adjusted to: 0.1
4200: Temperature measured at: 0.1114, adjusted to: 0.1
4400: Temperature measured at: 0.1111, adjusted to: 0.1
4600: Temperature measured at: 0.111, adjusted to: 0.1
4800: Temperature measured at: 0.1066, adjusted to: 0.1
5000: Temperature measured at: 0.1078, adjusted to: 0.1
5200: Temperature measured at: 0.1083, adjusted to: 0.1
5400: Temperature measured at: 0.1053, adjusted to: 0.1
5600: Temperature measured at: 0.1092, adjusted to: 0.1
5800: Temperature measured at: 0.1099, adjusted to: 0.1
6000: Temperature measured at: 0.1055, adjusted to: 0.1
6200: Temperature measured at: 0.1058, adjusted to: 0.1
6400: Temperature measured at: 0.1051, adjusted to: 0.1
6800: Temperature measured at: 0.105, adjusted to: 0.1
7000: Temperature measured at: 0.1061, adjusted to: 0.1
7800: Temperature measured at: 0.1069, adjusted to: 0.1
8200: Temperature measured at: 0.107, adjusted to: 0.1
8600: Temperature measured at: 0.1061, adjusted to: 0.1
8800: Temperature measured at: 0.1055, adjusted to: 0.1
9800: Temperature measured at: 0.1055, adjusted to: 0.1
11200: Temperature measured at: 0.1056, adjusted to: 0.1
12200: Temperature measured at: 0.1064, adjusted to: 0.1
13400: Temperature measured at: 0.1057, adjusted to: 0.1
15400: Temperature measured at: 0.105, adjusted to: 0.1
16000: Temperature measured at: 0.1053, adjusted to: 0.1
17400: Temperature measured at: 0.1058, adjusted to: 0.1
19200: Temperature measured at: 0.1052, adjusted to: 0.1
19800: Temperature measured at: 0.1056, adjusted to: 0.1
20400: Temperature measured at: 0.1054, adjusted to: 0.1
21000: Temperature measured at: 0.1053, adjusted to: 0.1
25200: Temperature measured at: 0.1056, adjusted to: 0.1
30200: Phase complete: (T=0.100000, d=0.350000) Equilibration Phase
30200: Phase started: (T=0.100000, d=0.350000) Observation Phase
30400: Observation recorded
30600: Observation recorded
30800: Observation recorded
31000: Observation recorded
31200: Observation recorded
31400: Observation recorded
31600: Observation recorded
31800: Observation recorded
32000: Observation recorded
32200: Observation recorded
32400: Observation recorded
32600: Observation recorded
32800: Observation recorded
33000: Observation recorded
33200: Observation recorded
33400: Observation recorded
33600: Observation recorded
33800: Observation recorded
34000: Observation recorded
34200: Observation recorded
34200: Phase complete: (T=0.100000, d=0.350000) Observation Phase
