0: Phase started: (T=1.000000, d=0.800000) Equilibration Phase
200: Temperature measured at: 0.5479, adjusted to: 1
400: Temperature measured at: 0.8008, adjusted to: 1
600: Temperature measured at: 0.9153, adjusted to: 1
800: Temperature measured at: 0.941, adjusted to: 1
5800: Phase complete: (T=1.000000, d=0.800000) Equilibration Phase
5800: Phase started: (T=1.000000, d=0.800000) Observation Phase
6000: Observation recorded
6200: Observation recorded
6400: Observation recorded
6600: Observation recorded
6800: Observation recorded
7000: Observation recorded
7200: Observation recorded
7400: Observation recorded
7600: Observation recorded
7800: Observation recorded
8000: Observation recorded
8200: Observation recorded
8400: Observation recorded
8600: Observation recorded
8800: Observation recorded
9000: Observation recorded
9200: Observation recorded
9400: Observation recorded
9600: Observation recorded
9800: Observation recorded
9800: Phase complete: (T=1.000000, d=0.800000) Observation Phase
