0: Phase started: (T=0.300000, d=0.550000) Equilibration Phase
200: Temperature measured at: 0.421, adjusted to: 0.3
400: Temperature measured at: 0.3763, adjusted to: 0.3
600: Temperature measured at: 0.3708, adjusted to: 0.3
800: Temperature measured at: 0.3583, adjusted to: 0.3
1000: Temperature measured at: 0.355, adjusted to: 0.3
1200: Temperature measured at: 0.332, adjusted to: 0.3
1400: Temperature measured at: 0.33, adjusted to: 0.3
1600: Temperature measured at: 0.3302, adjusted to: 0.3
1800: Temperature measured at: 0.3357, adjusted to: 0.3
2000: Temperature measured at: 0.3351, adjusted to: 0.3
2200: Temperature measured at: 0.3237, adjusted to: 0.3
2400: Temperature measured at: 0.3228, adjusted to: 0.3
2600: Temperature measured at: 0.3267, adjusted to: 0.3
3000: Temperature measured at: 0.3207, adjusted to: 0.3
3200: Temperature measured at: 0.3161, adjusted to: 0.3
4400: Temperature measured at: 0.3174, adjusted to: 0.3
4800: Temperature measured at: 0.3154, adjusted to: 0.3
6400: Temperature measured at: 0.3155, adjusted to: 0.3
9400: Temperature measured at: 0.3167, adjusted to: 0.3
9800: Temperature measured at: 0.3179, adjusted to: 0.3
14800: Phase complete: (T=0.300000, d=0.550000) Equilibration Phase
14800: Phase started: (T=0.300000, d=0.550000) Observation Phase
15000: Observation recorded
15200: Observation recorded
15400: Observation recorded
15600: Observation recorded
15800: Observation recorded
16000: Observation recorded
16200: Observation recorded
16400: Observation recorded
16600: Observation recorded
16800: Observation recorded
17000: Observation recorded
17200: Observation recorded
17400: Observation recorded
17600: Observation recorded
17800: Observation recorded
18000: Observation recorded
18200: Observation recorded
18400: Observation recorded
18600: Observation recorded
18800: Observation recorded
18800: Phase complete: (T=0.300000, d=0.550000) Observation Phase
