0: Phase started: (T=0.300000, d=0.350000) Equilibration Phase
200: Temperature measured at: 0.6264, adjusted to: 0.3
400: Temperature measured at: 0.4368, adjusted to: 0.3
600: Temperature measured at: 0.4005, adjusted to: 0.3
800: Temperature measured at: 0.3965, adjusted to: 0.3
1000: Temperature measured at: 0.3757, adjusted to: 0.3
1200: Temperature measured at: 0.3629, adjusted to: 0.3
1400: Temperature measured at: 0.3588, adjusted to: 0.3
1600: Temperature measured at: 0.3571, adjusted to: 0.3
1800: Temperature measured at: 0.3517, adjusted to: 0.3
2000: Temperature measured at: 0.3324, adjusted to: 0.3
2200: Temperature measured at: 0.342, adjusted to: 0.3
2400: Temperature measured at: 0.3187, adjusted to: 0.3
2600: Temperature measured at: 0.3228, adjusted to: 0.3
2800: Temperature measured at: 0.3163, adjusted to: 0.3
3000: Temperature measured at: 0.328, adjusted to: 0.3
3200: Temperature measured at: 0.322, adjusted to: 0.3
3400: Temperature measured at: 0.3241, adjusted to: 0.3
3600: Temperature measured at: 0.3267, adjusted to: 0.3
4200: Temperature measured at: 0.3158, adjusted to: 0.3
4600: Temperature measured at: 0.3186, adjusted to: 0.3
4800: Temperature measured at: 0.3154, adjusted to: 0.3
5200: Temperature measured at: 0.3178, adjusted to: 0.3
6200: Temperature measured at: 0.3159, adjusted to: 0.3
6800: Temperature measured at: 0.3193, adjusted to: 0.3
11800: Phase complete: (T=0.300000, d=0.350000) Equilibration Phase
11800: Phase started: (T=0.300000, d=0.350000) Observation Phase
12000: Observation recorded
12200: Observation recorded
12400: Observation recorded
12600: Observation recorded
12800: Observation recorded
13000: Observation recorded
13200: Observation recorded
13400: Observation recorded
13600: Observation recorded
13800: Observation recorded
14000: Observation recorded
14200: Observation recorded
14400: Observation recorded
14600: Observation recorded
14800: Observation recorded
15000: Observation recorded
15200: Observation recorded
15400: Observation recorded
15600: Observation recorded
15800: Observation recorded
15800: Phase complete: (T=0.300000, d=0.350000) Observation Phase
