0: Phase started: (T=0.400000, d=0.500000) Equilibration Phase
200: Temperature measured at: 0.5765, adjusted to: 0.4
400: Temperature measured at: 0.4868, adjusted to: 0.4
600: Temperature measured at: 0.4751, adjusted to: 0.4
800: Temperature measured at: 0.4486, adjusted to: 0.4
1000: Temperature measured at: 0.4457, adjusted to: 0.4
1200: Temperature measured at: 0.433, adjusted to: 0.4
1400: Temperature measured at: 0.4283, adjusted to: 0.4
1600: Temperature measured at: 0.4442, adjusted to: 0.4
1800: Temperature measured at: 0.4218, adjusted to: 0.4
2000: Temperature measured at: 0.4242, adjusted to: 0.4
2600: Temperature measured at: 0.428, adjusted to: 0.4
2800: Temperature measured at: 0.4272, adjusted to: 0.4
3600: Temperature measured at: 0.4205, adjusted to: 0.4
5400: Temperature measured at: 0.4225, adjusted to: 0.4
9200: Temperature measured at: 0.4218, adjusted to: 0.4
13600: Temperature measured at: 0.4241, adjusted to: 0.4
16600: Temperature measured at: 0.4206, adjusted to: 0.4
21600: Phase complete: (T=0.400000, d=0.500000) Equilibration Phase
21600: Phase started: (T=0.400000, d=0.500000) Observation Phase
21800: Observation recorded
22000: Observation recorded
22200: Observation recorded
22400: Observation recorded
22600: Observation recorded
22800: Observation recorded
23000: Observation recorded
23200: Observation recorded
23400: Observation recorded
23600: Observation recorded
23800: Observation recorded
24000: Observation recorded
24200: Observation recorded
24400: Observation recorded
24600: Observation recorded
24800: Observation recorded
25000: Observation recorded
25200: Observation recorded
25400: Observation recorded
25600: Observation recorded
25600: Phase complete: (T=0.400000, d=0.500000) Observation Phase
