0: Phase started: (T=1.000000, d=0.900000) Equilibration Phase
200: Temperature measured at: 0.5332, adjusted to: 1
400: Temperature measured at: 0.8065, adjusted to: 1
600: Temperature measured at: 0.9167, adjusted to: 1
2000: Temperature measured at: 0.9474, adjusted to: 1
5200: Temperature measured at: 0.9463, adjusted to: 1
6000: Temperature measured at: 0.9465, adjusted to: 1
6400: Temperature measured at: 0.9272, adjusted to: 1
6600: Temperature measured at: 0.9477, adjusted to: 1
11600: Phase complete: (T=1.000000, d=0.900000) Equilibration Phase
11600: Phase started: (T=1.000000, d=0.900000) Observation Phase
11800: Observation recorded
12000: Observation recorded
12200: Observation recorded
12400: Observation recorded
12600: Observation recorded
12800: Observation recorded
13000: Observation recorded
13200: Observation recorded
13400: Observation recorded
13600: Observation recorded
13800: Observation recorded
14000: Observation recorded
14200: Observation recorded
14400: Observation recorded
14600: Observation recorded
14800: Observation recorded
15000: Observation recorded
15200: Observation recorded
15400: Observation recorded
15600: Observation recorded
15600: Phase complete: (T=1.000000, d=0.900000) Observation Phase
