0: Phase started: (T=1.900000, d=1.000000) Equilibration Phase
200: Temperature measured at: 1.006, adjusted to: 1.9
400: Temperature measured at: 1.482, adjusted to: 1.9
600: Temperature measured at: 1.674, adjusted to: 1.9
800: Temperature measured at: 1.792, adjusted to: 1.9
1400: Temperature measured at: 1.803, adjusted to: 1.9
1800: Temperature measured at: 1.739, adjusted to: 1.9
2200: Temperature measured at: 1.802, adjusted to: 1.9
7200: Phase complete: (T=1.900000, d=1.000000) Equilibration Phase
7200: Phase started: (T=1.900000, d=1.000000) Observation Phase
7400: Observation recorded
7600: Observation recorded
7800: Observation recorded
8000: Observation recorded
8200: Observation recorded
8400: Observation recorded
8600: Observation recorded
8800: Observation recorded
9000: Observation recorded
9200: Observation recorded
9400: Observation recorded
9600: Observation recorded
9800: Observation recorded
10000: Observation recorded
10200: Observation recorded
10400: Observation recorded
10600: Observation recorded
10800: Observation recorded
11000: Observation recorded
11200: Observation recorded
11200: Phase complete: (T=1.900000, d=1.000000) Observation Phase
