0: Phase started: (T=1.300000, d=0.100000) Equilibration Phase
200: Temperature measured at: 1.464, adjusted to: 1.3
1200: Temperature measured at: 1.367, adjusted to: 1.3
6200: Phase complete: (T=1.300000, d=0.100000) Equilibration Phase
6200: Phase started: (T=1.300000, d=0.100000) Observation Phase
6400: Observation recorded
6600: Observation recorded
6800: Observation recorded
7000: Observation recorded
7200: Observation recorded
7400: Observation recorded
7600: Observation recorded
7800: Observation recorded
8000: Observation recorded
8200: Observation recorded
8400: Observation recorded
8600: Observation recorded
8800: Observation recorded
9000: Observation recorded
9200: Observation recorded
9400: Observation recorded
9600: Observation recorded
9800: Observation recorded
10000: Observation recorded
10200: Observation recorded
10200: Phase complete: (T=1.300000, d=0.100000) Observation Phase
