0: Phase started: (T=0.600000, d=0.400000) Equilibration Phase
200: Temperature measured at: 0.883, adjusted to: 0.6
400: Temperature measured at: 0.7043, adjusted to: 0.6
800: Temperature measured at: 0.6694, adjusted to: 0.6
1200: Temperature measured at: 0.6389, adjusted to: 0.6
1800: Temperature measured at: 0.6326, adjusted to: 0.6
2400: Temperature measured at: 0.6379, adjusted to: 0.6
4400: Temperature measured at: 0.6314, adjusted to: 0.6
4800: Temperature measured at: 0.6338, adjusted to: 0.6
5000: Temperature measured at: 0.6341, adjusted to: 0.6
7200: Temperature measured at: 0.639, adjusted to: 0.6
12200: Phase complete: (T=0.600000, d=0.400000) Equilibration Phase
12200: Phase started: (T=0.600000, d=0.400000) Observation Phase
12400: Observation recorded
12600: Observation recorded
12800: Observation recorded
13000: Observation recorded
13200: Observation recorded
13400: Observation recorded
13600: Observation recorded
13800: Observation recorded
14000: Observation recorded
14200: Observation recorded
14400: Observation recorded
14600: Observation recorded
14800: Observation recorded
15000: Observation recorded
15200: Observation recorded
15400: Observation recorded
15600: Observation recorded
15800: Observation recorded
16000: Observation recorded
16200: Observation recorded
16200: Phase complete: (T=0.600000, d=0.400000) Observation Phase
