0: Phase started: (T=0.400000, d=0.350000) Equilibration Phase
200: Temperature measured at: 0.7309, adjusted to: 0.4
400: Temperature measured at: 0.5089, adjusted to: 0.4
600: Temperature measured at: 0.4703, adjusted to: 0.4
800: Temperature measured at: 0.4937, adjusted to: 0.4
1000: Temperature measured at: 0.4646, adjusted to: 0.4
1200: Temperature measured at: 0.4567, adjusted to: 0.4
1400: Temperature measured at: 0.4698, adjusted to: 0.4
1600: Temperature measured at: 0.4514, adjusted to: 0.4
1800: Temperature measured at: 0.4353, adjusted to: 0.4
2000: Temperature measured at: 0.4273, adjusted to: 0.4
2400: Temperature measured at: 0.4383, adjusted to: 0.4
2800: Temperature measured at: 0.4231, adjusted to: 0.4
3000: Temperature measured at: 0.4203, adjusted to: 0.4
3400: Temperature measured at: 0.4255, adjusted to: 0.4
4200: Temperature measured at: 0.4308, adjusted to: 0.4
4800: Temperature measured at: 0.4255, adjusted to: 0.4
5600: Temperature measured at: 0.4212, adjusted to: 0.4
7400: Temperature measured at: 0.4212, adjusted to: 0.4
7600: Temperature measured at: 0.424, adjusted to: 0.4
8800: Temperature measured at: 0.4238, adjusted to: 0.4
9200: Temperature measured at: 0.436, adjusted to: 0.4
13400: Temperature measured at: 0.4236, adjusted to: 0.4
18400: Phase complete: (T=0.400000, d=0.350000) Equilibration Phase
18400: Phase started: (T=0.400000, d=0.350000) Observation Phase
18600: Observation recorded
18800: Observation recorded
19000: Observation recorded
19200: Observation recorded
19400: Observation recorded
19600: Observation recorded
19800: Observation recorded
20000: Observation recorded
20200: Observation recorded
20400: Observation recorded
20600: Observation recorded
20800: Observation recorded
21000: Observation recorded
21200: Observation recorded
21400: Observation recorded
21600: Observation recorded
21800: Observation recorded
22000: Observation recorded
22200: Observation recorded
22400: Observation recorded
22400: Phase complete: (T=0.400000, d=0.350000) Observation Phase
