0: Phase started: (T=0.200000, d=0.200000) Equilibration Phase
200: Temperature measured at: 0.4026, adjusted to: 0.2
400: Temperature measured at: 0.3177, adjusted to: 0.2
600: Temperature measured at: 0.301, adjusted to: 0.2
800: Temperature measured at: 0.2916, adjusted to: 0.2
1000: Temperature measured at: 0.2971, adjusted to: 0.2
1200: Temperature measured at: 0.3038, adjusted to: 0.2
1400: Temperature measured at: 0.2926, adjusted to: 0.2
1600: Temperature measured at: 0.2818, adjusted to: 0.2
1800: Temperature measured at: 0.264, adjusted to: 0.2
2000: Temperature measured at: 0.2694, adjusted to: 0.2
2200: Temperature measured at: 0.264, adjusted to: 0.2
2400: Temperature measured at: 0.2464, adjusted to: 0.2
2600: Temperature measured at: 0.2404, adjusted to: 0.2
2800: Temperature measured at: 0.2502, adjusted to: 0.2
3000: Temperature measured at: 0.2387, adjusted to: 0.2
3200: Temperature measured at: 0.2352, adjusted to: 0.2
3400: Temperature measured at: 0.2322, adjusted to: 0.2
3600: Temperature measured at: 0.2225, adjusted to: 0.2
3800: Temperature measured at: 0.2245, adjusted to: 0.2
4000: Temperature measured at: 0.2216, adjusted to: 0.2
4200: Temperature measured at: 0.2116, adjusted to: 0.2
4400: Temperature measured at: 0.2141, adjusted to: 0.2
4600: Temperature measured at: 0.2149, adjusted to: 0.2
4800: Temperature measured at: 0.2198, adjusted to: 0.2
5000: Temperature measured at: 0.2148, adjusted to: 0.2
5200: Temperature measured at: 0.2114, adjusted to: 0.2
5400: Temperature measured at: 0.2141, adjusted to: 0.2
5600: Temperature measured at: 0.2117, adjusted to: 0.2
6200: Temperature measured at: 0.2142, adjusted to: 0.2
6600: Temperature measured at: 0.2112, adjusted to: 0.2
6800: Temperature measured at: 0.2144, adjusted to: 0.2
7000: Temperature measured at: 0.2177, adjusted to: 0.2
7600: Temperature measured at: 0.211, adjusted to: 0.2
8200: Temperature measured at: 0.2142, adjusted to: 0.2
8400: Temperature measured at: 0.2113, adjusted to: 0.2
9400: Temperature measured at: 0.214, adjusted to: 0.2
10400: Temperature measured at: 0.2126, adjusted to: 0.2
10800: Temperature measured at: 0.2128, adjusted to: 0.2
12000: Temperature measured at: 0.2106, adjusted to: 0.2
12800: Temperature measured at: 0.2173, adjusted to: 0.2
13000: Temperature measured at: 0.2118, adjusted to: 0.2
14800: Temperature measured at: 0.2103, adjusted to: 0.2
16400: Temperature measured at: 0.2103, adjusted to: 0.2
16600: Temperature measured at: 0.2114, adjusted to: 0.2
18600: Temperature measured at: 0.2104, adjusted to: 0.2
21600: Temperature measured at: 0.21, adjusted to: 0.2
23800: Temperature measured at: 0.2105, adjusted to: 0.2
24200: Temperature measured at: 0.2124, adjusted to: 0.2
24400: Temperature measured at: 0.2104, adjusted to: 0.2
26200: Temperature measured at: 0.2111, adjusted to: 0.2
27400: Temperature measured at: 0.2118, adjusted to: 0.2
31000: Temperature measured at: 0.2101, adjusted to: 0.2
36000: Phase complete: (T=0.200000, d=0.200000) Equilibration Phase
36000: Phase started: (T=0.200000, d=0.200000) Observation Phase
36200: Observation recorded
36400: Observation recorded
36600: Observation recorded
36800: Observation recorded
37000: Observation recorded
37200: Observation recorded
37400: Observation recorded
37600: Observation recorded
37800: Observation recorded
38000: Observation recorded
38200: Observation recorded
38400: Observation recorded
38600: Observation recorded
38800: Observation recorded
39000: Observation recorded
39200: Observation recorded
39400: Observation recorded
39600: Observation recorded
39800: Observation recorded
40000: Observation recorded
40000: Phase complete: (T=0.200000, d=0.200000) Observation Phase
