0: Phase started: (T=0.500000, d=0.800000) Equilibration Phase
200: Temperature measured at: 0.2787, adjusted to: 0.5
400: Temperature measured at: 0.3903, adjusted to: 0.5
600: Temperature measured at: 0.448, adjusted to: 0.5
1000: Temperature measured at: 0.4632, adjusted to: 0.5
1400: Temperature measured at: 0.4692, adjusted to: 0.5
2800: Temperature measured at: 0.4727, adjusted to: 0.5
3000: Temperature measured at: 0.4626, adjusted to: 0.5
8000: Phase complete: (T=0.500000, d=0.800000) Equilibration Phase
8000: Phase started: (T=0.500000, d=0.800000) Observation Phase
8200: Observation recorded
8400: Observation recorded
8600: Observation recorded
8800: Observation recorded
9000: Observation recorded
9200: Observation recorded
9400: Observation recorded
9600: Observation recorded
9800: Observation recorded
10000: Observation recorded
10200: Observation recorded
10400: Observation recorded
10600: Observation recorded
10800: Observation recorded
11000: Observation recorded
11200: Observation recorded
11400: Observation recorded
11600: Observation recorded
11800: Observation recorded
12000: Observation recorded
12000: Phase complete: (T=0.500000, d=0.800000) Observation Phase
