0: Phase started: (T=0.600000, d=0.350000) Equilibration Phase
200: Temperature measured at: 0.922, adjusted to: 0.6
400: Temperature measured at: 0.6819, adjusted to: 0.6
600: Temperature measured at: 0.6533, adjusted to: 0.6
800: Temperature measured at: 0.6311, adjusted to: 0.6
1000: Temperature measured at: 0.6315, adjusted to: 0.6
1800: Temperature measured at: 0.6381, adjusted to: 0.6
2800: Temperature measured at: 0.6395, adjusted to: 0.6
4000: Temperature measured at: 0.6436, adjusted to: 0.6
5800: Temperature measured at: 0.6359, adjusted to: 0.6
10400: Temperature measured at: 0.5669, adjusted to: 0.6
10800: Temperature measured at: 0.6379, adjusted to: 0.6
15000: Temperature measured at: 0.6319, adjusted to: 0.6
15800: Temperature measured at: 0.631, adjusted to: 0.6
20800: Phase complete: (T=0.600000, d=0.350000) Equilibration Phase
20800: Phase started: (T=0.600000, d=0.350000) Observation Phase
21000: Observation recorded
21200: Observation recorded
21400: Observation recorded
21600: Observation recorded
21800: Observation recorded
22000: Observation recorded
22200: Observation recorded
22400: Observation recorded
22600: Observation recorded
22800: Observation recorded
23000: Observation recorded
23200: Observation recorded
23400: Observation recorded
23600: Observation recorded
23800: Observation recorded
24000: Observation recorded
24200: Observation recorded
24400: Observation recorded
24600: Observation recorded
24800: Observation recorded
24800: Phase complete: (T=0.600000, d=0.350000) Observation Phase
