0: Phase started: (T=0.700000, d=0.500000) Equilibration Phase
200: Temperature measured at: 0.8367, adjusted to: 0.7
400: Temperature measured at: 0.7476, adjusted to: 0.7
1400: Temperature measured at: 0.7396, adjusted to: 0.7
6400: Phase complete: (T=0.700000, d=0.500000) Equilibration Phase
6400: Phase started: (T=0.700000, d=0.500000) Observation Phase
6600: Observation recorded
6800: Observation recorded
7000: Observation recorded
7200: Observation recorded
7400: Observation recorded
7600: Observation recorded
7800: Observation recorded
8000: Observation recorded
8200: Observation recorded
8400: Observation recorded
8600: Observation recorded
8800: Observation recorded
9000: Observation recorded
9200: Observation recorded
9400: Observation recorded
9600: Observation recorded
9800: Observation recorded
10000: Observation recorded
10200: Observation recorded
10400: Observation recorded
10400: Phase complete: (T=0.700000, d=0.500000) Observation Phase
