0: Phase started: (T=0.700000, d=0.550000) Equilibration Phase
200: Temperature measured at: 0.7422, adjusted to: 0.7
4200: Temperature measured at: 0.7397, adjusted to: 0.7
9200: Phase complete: (T=0.700000, d=0.550000) Equilibration Phase
9200: Phase started: (T=0.700000, d=0.550000) Observation Phase
9400: Observation recorded
9600: Observation recorded
9800: Observation recorded
10000: Observation recorded
10200: Observation recorded
10400: Observation recorded
10600: Observation recorded
10800: Observation recorded
11000: Observation recorded
11200: Observation recorded
11400: Observation recorded
11600: Observation recorded
11800: Observation recorded
12000: Observation recorded
12200: Observation recorded
12400: Observation recorded
12600: Observation recorded
12800: Observation recorded
13000: Observation recorded
13200: Observation recorded
13200: Phase complete: (T=0.700000, d=0.550000) Observation Phase
