0: Phase started: (T=0.100000, d=0.600000) Equilibration Phase
200: Temperature measured at: 0.195, adjusted to: 0.1
400: Temperature measured at: 0.2165, adjusted to: 0.1
600: Temperature measured at: 0.2012, adjusted to: 0.1
800: Temperature measured at: 0.1874, adjusted to: 0.1
1000: Temperature measured at: 0.1683, adjusted to: 0.1
1200: Temperature measured at: 0.1477, adjusted to: 0.1
1400: Temperature measured at: 0.1347, adjusted to: 0.1
1600: Temperature measured at: 0.1284, adjusted to: 0.1
1800: Temperature measured at: 0.1212, adjusted to: 0.1
2000: Temperature measured at: 0.1149, adjusted to: 0.1
2200: Temperature measured at: 0.1136, adjusted to: 0.1
2400: Temperature measured at: 0.1063, adjusted to: 0.1
3000: Temperature measured at: 0.1104, adjusted to: 0.1
3200: Temperature measured at: 0.1073, adjusted to: 0.1
3800: Temperature measured at: 0.1069, adjusted to: 0.1
4200: Temperature measured at: 0.1057, adjusted to: 0.1
4600: Temperature measured at: 0.1078, adjusted to: 0.1
4800: Temperature measured at: 0.1066, adjusted to: 0.1
5000: Temperature measured at: 0.1072, adjusted to: 0.1
5200: Temperature measured at: 0.1052, adjusted to: 0.1
5400: Temperature measured at: 0.1069, adjusted to: 0.1
5600: Temperature measured at: 0.1057, adjusted to: 0.1
6600: Temperature measured at: 0.1061, adjusted to: 0.1
6800: Temperature measured at: 0.1069, adjusted to: 0.1
7200: Temperature measured at: 0.1055, adjusted to: 0.1
7800: Temperature measured at: 0.1059, adjusted to: 0.1
8400: Temperature measured at: 0.1057, adjusted to: 0.1
9200: Temperature measured at: 0.1058, adjusted to: 0.1
9800: Temperature measured at: 0.1055, adjusted to: 0.1
11400: Temperature measured at: 0.1058, adjusted to: 0.1
13600: Temperature measured at: 0.1061, adjusted to: 0.1
14800: Temperature measured at: 0.1058, adjusted to: 0.1
17600: Temperature measured at: 0.1051, adjusted to: 0.1
21000: Temperature measured at: 0.1067, adjusted to: 0.1
26000: Phase complete: (T=0.100000, d=0.600000) Equilibration Phase
26000: Phase started: (T=0.100000, d=0.600000) Observation Phase
26200: Observation recorded
26400: Observation recorded
26600: Observation recorded
26800: Observation recorded
27000: Observation recorded
27200: Observation recorded
27400: Observation recorded
27600: Observation recorded
27800: Observation recorded
28000: Observation recorded
28200: Observation recorded
28400: Observation recorded
28600: Observation recorded
28800: Observation recorded
29000: Observation recorded
29200: Observation recorded
29400: Observation recorded
29600: Observation recorded
29800: Observation recorded
30000: Observation recorded
30000: Phase complete: (T=0.100000, d=0.600000) Observation Phase
