0: Phase started: (T=0.300000, d=0.100000) Equilibration Phase
200: Temperature measured at: 0.3393, adjusted to: 0.3
400: Temperature measured at: 0.3534, adjusted to: 0.3
600: Temperature measured at: 0.3393, adjusted to: 0.3
800: Temperature measured at: 0.3263, adjusted to: 0.3
1000: Temperature measured at: 0.342, adjusted to: 0.3
1200: Temperature measured at: 0.3225, adjusted to: 0.3
1400: Temperature measured at: 0.3193, adjusted to: 0.3
1600: Temperature measured at: 0.3313, adjusted to: 0.3
1800: Temperature measured at: 0.3417, adjusted to: 0.3
2000: Temperature measured at: 0.3238, adjusted to: 0.3
2200: Temperature measured at: 0.3402, adjusted to: 0.3
2400: Temperature measured at: 0.3443, adjusted to: 0.3
2600: Temperature measured at: 0.3435, adjusted to: 0.3
2800: Temperature measured at: 0.3399, adjusted to: 0.3
3000: Temperature measured at: 0.3616, adjusted to: 0.3
3200: Temperature measured at: 0.3358, adjusted to: 0.3
3400: Temperature measured at: 0.3272, adjusted to: 0.3
3600: Temperature measured at: 0.3167, adjusted to: 0.3
3800: Temperature measured at: 0.3275, adjusted to: 0.3
4000: Temperature measured at: 0.3429, adjusted to: 0.3
4200: Temperature measured at: 0.332, adjusted to: 0.3
4400: Temperature measured at: 0.3364, adjusted to: 0.3
4600: Temperature measured at: 0.3278, adjusted to: 0.3
5000: Temperature measured at: 0.3306, adjusted to: 0.3
5200: Temperature measured at: 0.3277, adjusted to: 0.3
5400: Temperature measured at: 0.316, adjusted to: 0.3
5600: Temperature measured at: 0.32, adjusted to: 0.3
5800: Temperature measured at: 0.3171, adjusted to: 0.3
6000: Temperature measured at: 0.3283, adjusted to: 0.3
6200: Temperature measured at: 0.3165, adjusted to: 0.3
6600: Temperature measured at: 0.3296, adjusted to: 0.3
6800: Temperature measured at: 0.3158, adjusted to: 0.3
7400: Temperature measured at: 0.3222, adjusted to: 0.3
7600: Temperature measured at: 0.328, adjusted to: 0.3
7800: Temperature measured at: 0.3198, adjusted to: 0.3
8400: Temperature measured at: 0.3268, adjusted to: 0.3
8600: Temperature measured at: 0.3159, adjusted to: 0.3
9600: Temperature measured at: 0.3191, adjusted to: 0.3
10000: Temperature measured at: 0.3169, adjusted to: 0.3
11000: Temperature measured at: 0.3213, adjusted to: 0.3
12200: Temperature measured at: 0.3177, adjusted to: 0.3
12600: Temperature measured at: 0.3172, adjusted to: 0.3
14000: Temperature measured at: 0.323, adjusted to: 0.3
14200: Temperature measured at: 0.3208, adjusted to: 0.3
18200: Temperature measured at: 0.322, adjusted to: 0.3
18400: Temperature measured at: 0.3174, adjusted to: 0.3
18800: Temperature measured at: 0.3198, adjusted to: 0.3
19600: Temperature measured at: 0.3162, adjusted to: 0.3
20800: Temperature measured at: 0.3191, adjusted to: 0.3
22000: Temperature measured at: 0.315, adjusted to: 0.3
24000: Temperature measured at: 0.3151, adjusted to: 0.3
25600: Temperature measured at: 0.3166, adjusted to: 0.3
25800: Temperature measured at: 0.3268, adjusted to: 0.3
26200: Temperature measured at: 0.3201, adjusted to: 0.3
26600: Temperature measured at: 0.3168, adjusted to: 0.3
27400: Temperature measured at: 0.3251, adjusted to: 0.3
28200: Temperature measured at: 0.3237, adjusted to: 0.3
28600: Temperature measured at: 0.3152, adjusted to: 0.3
29200: Temperature measured at: 0.3176, adjusted to: 0.3
31400: Temperature measured at: 0.3187, adjusted to: 0.3
32000: Temperature measured at: 0.3172, adjusted to: 0.3
37000: Phase complete: (T=0.300000, d=0.100000) Equilibration Phase
37000: Phase started: (T=0.300000, d=0.100000) Observation Phase
37200: Observation recorded
37400: Observation recorded
37600: Observation recorded
37800: Observation recorded
38000: Observation recorded
38200: Observation recorded
38400: Observation recorded
38600: Observation recorded
38800: Observation recorded
39000: Observation recorded
39200: Observation recorded
39400: Observation recorded
39600: Observation recorded
39800: Observation recorded
40000: Observation recorded
40200: Observation recorded
40400: Observation recorded
40600: Observation recorded
40800: Observation recorded
41000: Observation recorded
41000: Phase complete: (T=0.300000, d=0.100000) Observation Phase
