0: Phase started: (T=0.600000, d=0.550000) Equilibration Phase
200: Temperature measured at: 0.652, adjusted to: 0.6
400: Temperature measured at: 0.6366, adjusted to: 0.6
600: Temperature measured at: 0.6349, adjusted to: 0.6
4200: Temperature measured at: 0.6357, adjusted to: 0.6
9200: Phase complete: (T=0.600000, d=0.550000) Equilibration Phase
9200: Phase started: (T=0.600000, d=0.550000) Observation Phase
9400: Observation recorded
9600: Observation recorded
9800: Observation recorded
10000: Observation recorded
10200: Observation recorded
10400: Observation recorded
10600: Observation recorded
10800: Observation recorded
11000: Observation recorded
11200: Observation recorded
11400: Observation recorded
11600: Observation recorded
11800: Observation recorded
12000: Observation recorded
12200: Observation recorded
12400: Observation recorded
12600: Observation recorded
12800: Observation recorded
13000: Observation recorded
13200: Observation recorded
13200: Phase complete: (T=0.600000, d=0.550000) Observation Phase
