0: Phase started: (T=0.500000, d=0.100000) Equilibration Phase
200: Temperature measured at: 0.5649, adjusted to: 0.5
400: Temperature measured at: 0.5471, adjusted to: 0.5
600: Temperature measured at: 0.5272, adjusted to: 0.5
1000: Temperature measured at: 0.5444, adjusted to: 0.5
1600: Temperature measured at: 0.5295, adjusted to: 0.5
2200: Temperature measured at: 0.5262, adjusted to: 0.5
2600: Temperature measured at: 0.5281, adjusted to: 0.5
3000: Temperature measured at: 0.5301, adjusted to: 0.5
3600: Temperature measured at: 0.5264, adjusted to: 0.5
4400: Temperature measured at: 0.529, adjusted to: 0.5
6600: Temperature measured at: 0.528, adjusted to: 0.5
7200: Temperature measured at: 0.5275, adjusted to: 0.5
8000: Temperature measured at: 0.5328, adjusted to: 0.5
9200: Temperature measured at: 0.5287, adjusted to: 0.5
9600: Temperature measured at: 0.5386, adjusted to: 0.5
10200: Temperature measured at: 0.5443, adjusted to: 0.5
11800: Temperature measured at: 0.5421, adjusted to: 0.5
12200: Temperature measured at: 0.5267, adjusted to: 0.5
12800: Temperature measured at: 0.5472, adjusted to: 0.5
14800: Temperature measured at: 0.5401, adjusted to: 0.5
15600: Temperature measured at: 0.5279, adjusted to: 0.5
16000: Temperature measured at: 0.5403, adjusted to: 0.5
16200: Temperature measured at: 0.5293, adjusted to: 0.5
16600: Temperature measured at: 0.5259, adjusted to: 0.5
18800: Temperature measured at: 0.5256, adjusted to: 0.5
19200: Temperature measured at: 0.5326, adjusted to: 0.5
20200: Temperature measured at: 0.5273, adjusted to: 0.5
22200: Temperature measured at: 0.5279, adjusted to: 0.5
22600: Temperature measured at: 0.5268, adjusted to: 0.5
23400: Temperature measured at: 0.5377, adjusted to: 0.5
23800: Temperature measured at: 0.5257, adjusted to: 0.5
25000: Temperature measured at: 0.5268, adjusted to: 0.5
25800: Temperature measured at: 0.5345, adjusted to: 0.5
26800: Temperature measured at: 0.5296, adjusted to: 0.5
29000: Temperature measured at: 0.5265, adjusted to: 0.5
34000: Phase complete: (T=0.500000, d=0.100000) Equilibration Phase
34000: Phase started: (T=0.500000, d=0.100000) Observation Phase
34200: Observation recorded
34400: Observation recorded
34600: Observation recorded
34800: Observation recorded
35000: Observation recorded
35200: Observation recorded
35400: Observation recorded
35600: Observation recorded
35800: Observation recorded
36000: Observation recorded
36200: Observation recorded
36400: Observation recorded
36600: Observation recorded
36800: Observation recorded
37000: Observation recorded
37200: Observation recorded
37400: Observation recorded
37600: Observation recorded
37800: Observation recorded
38000: Observation recorded
38000: Phase complete: (T=0.500000, d=0.100000) Observation Phase
