0: Phase started: (T=0.400000, d=0.750000) Equilibration Phase
200: Temperature measured at: 0.2343, adjusted to: 0.4
400: Temperature measured at: 0.3351, adjusted to: 0.4
600: Temperature measured at: 0.3765, adjusted to: 0.4
1600: Temperature measured at: 0.3766, adjusted to: 0.4
2200: Temperature measured at: 0.3798, adjusted to: 0.4
5200: Temperature measured at: 0.3782, adjusted to: 0.4
10200: Phase complete: (T=0.400000, d=0.750000) Equilibration Phase
10200: Phase started: (T=0.400000, d=0.750000) Observation Phase
10400: Observation recorded
10600: Observation recorded
10800: Observation recorded
11000: Observation recorded
11200: Observation recorded
11400: Observation recorded
11600: Observation recorded
11800: Observation recorded
12000: Observation recorded
12200: Observation recorded
12400: Observation recorded
12600: Observation recorded
12800: Observation recorded
13000: Observation recorded
13200: Observation recorded
13400: Observation recorded
13600: Observation recorded
13800: Observation recorded
14000: Observation recorded
14200: Observation recorded
14200: Phase complete: (T=0.400000, d=0.750000) Observation Phase
