0: Phase started: (T=0.700000, d=0.150000) Equilibration Phase
200: Temperature measured at: 0.8665, adjusted to: 0.7
400: Temperature measured at: 0.7532, adjusted to: 0.7
600: Temperature measured at: 0.7381, adjusted to: 0.7
1200: Temperature measured at: 0.7405, adjusted to: 0.7
2800: Temperature measured at: 0.7382, adjusted to: 0.7
7600: Temperature measured at: 0.7379, adjusted to: 0.7
12600: Temperature measured at: 0.7362, adjusted to: 0.7
16400: Temperature measured at: 0.6624, adjusted to: 0.7
21400: Phase complete: (T=0.700000, d=0.150000) Equilibration Phase
21400: Phase started: (T=0.700000, d=0.150000) Observation Phase
21600: Observation recorded
21800: Observation recorded
22000: Observation recorded
22200: Observation recorded
22400: Observation recorded
22600: Observation recorded
22800: Observation recorded
23000: Observation recorded
23200: Observation recorded
23400: Observation recorded
23600: Observation recorded
23800: Observation recorded
24000: Observation recorded
24200: Observation recorded
24400: Observation recorded
24600: Observation recorded
24800: Observation recorded
25000: Observation recorded
25200: Observation recorded
25400: Observation recorded
25400: Phase complete: (T=0.700000, d=0.150000) Observation Phase
