0: Phase started: (T=0.100000, d=1.200000) Equilibration Phase
200: Temperature measured at: 0.05008, adjusted to: 0.1
400: Temperature measured at: 0.07244, adjusted to: 0.1
600: Temperature measured at: 0.08414, adjusted to: 0.1
800: Temperature measured at: 0.0926, adjusted to: 0.1
1000: Temperature measured at: 0.09025, adjusted to: 0.1
1200: Temperature measured at: 0.09132, adjusted to: 0.1
1400: Temperature measured at: 0.09328, adjusted to: 0.1
1600: Temperature measured at: 0.0926, adjusted to: 0.1
1800: Temperature measured at: 0.09333, adjusted to: 0.1
2000: Temperature measured at: 0.09407, adjusted to: 0.1
7000: Phase complete: (T=0.100000, d=1.200000) Equilibration Phase
7000: Phase started: (T=0.100000, d=1.200000) Observation Phase
7200: Observation recorded
7400: Observation recorded
7600: Observation recorded
7800: Observation recorded
8000: Observation recorded
8200: Observation recorded
8400: Observation recorded
8600: Observation recorded
8800: Observation recorded
9000: Observation recorded
9200: Observation recorded
9400: Observation recorded
9600: Observation recorded
9800: Observation recorded
10000: Observation recorded
10200: Observation recorded
10400: Observation recorded
10600: Observation recorded
10800: Observation recorded
11000: Observation recorded
11000: Phase complete: (T=0.100000, d=1.200000) Observation Phase
