0: Phase started: (T=0.100000, d=0.750000) Equilibration Phase
200: Temperature measured at: 0.05625, adjusted to: 0.1
600: Temperature measured at: 0.1814, adjusted to: 0.1
800: Temperature measured at: 0.1765, adjusted to: 0.1
1000: Temperature measured at: 0.1531, adjusted to: 0.1
1200: Temperature measured at: 0.1328, adjusted to: 0.1
1400: Temperature measured at: 0.1194, adjusted to: 0.1
1600: Temperature measured at: 0.1098, adjusted to: 0.1
1800: Temperature measured at: 0.1059, adjusted to: 0.1
3200: Temperature measured at: 0.1055, adjusted to: 0.1
8200: Phase complete: (T=0.100000, d=0.750000) Equilibration Phase
8200: Phase started: (T=0.100000, d=0.750000) Observation Phase
8400: Observation recorded
8600: Observation recorded
8800: Observation recorded
9000: Observation recorded
9200: Observation recorded
9400: Observation recorded
9600: Observation recorded
9800: Observation recorded
10000: Observation recorded
10200: Observation recorded
10400: Observation recorded
10600: Observation recorded
10800: Observation recorded
11000: Observation recorded
11200: Observation recorded
11400: Observation recorded
11600: Observation recorded
11800: Observation recorded
12000: Observation recorded
12200: Observation recorded
12200: Phase complete: (T=0.100000, d=0.750000) Observation Phase
