0: Phase started: (T=0.400000, d=0.700000) Equilibration Phase
200: Temperature measured at: 0.2853, adjusted to: 0.4
600: Temperature measured at: 0.4338, adjusted to: 0.4
800: Temperature measured at: 0.4334, adjusted to: 0.4
1000: Temperature measured at: 0.4358, adjusted to: 0.4
1400: Temperature measured at: 0.4277, adjusted to: 0.4
1800: Temperature measured at: 0.4326, adjusted to: 0.4
2200: Temperature measured at: 0.4224, adjusted to: 0.4
3400: Temperature measured at: 0.43, adjusted to: 0.4
5800: Temperature measured at: 0.4248, adjusted to: 0.4
10800: Phase complete: (T=0.400000, d=0.700000) Equilibration Phase
10800: Phase started: (T=0.400000, d=0.700000) Observation Phase
11000: Observation recorded
11200: Observation recorded
11400: Observation recorded
11600: Observation recorded
11800: Observation recorded
12000: Observation recorded
12200: Observation recorded
12400: Observation recorded
12600: Observation recorded
12800: Observation recorded
13000: Observation recorded
13200: Observation recorded
13400: Observation recorded
13600: Observation recorded
13800: Observation recorded
14000: Observation recorded
14200: Observation recorded
14400: Observation recorded
14600: Observation recorded
14800: Observation recorded
14800: Phase complete: (T=0.400000, d=0.700000) Observation Phase
