0: Phase started: (T=0.300000, d=0.200000) Equilibration Phase
200: Temperature measured at: 0.5333, adjusted to: 0.3
400: Temperature measured at: 0.4163, adjusted to: 0.3
600: Temperature measured at: 0.3664, adjusted to: 0.3
800: Temperature measured at: 0.3568, adjusted to: 0.3
1000: Temperature measured at: 0.3714, adjusted to: 0.3
1200: Temperature measured at: 0.37, adjusted to: 0.3
1400: Temperature measured at: 0.3615, adjusted to: 0.3
1600: Temperature measured at: 0.364, adjusted to: 0.3
1800: Temperature measured at: 0.3613, adjusted to: 0.3
2000: Temperature measured at: 0.3523, adjusted to: 0.3
2200: Temperature measured at: 0.3385, adjusted to: 0.3
2400: Temperature measured at: 0.3261, adjusted to: 0.3
2600: Temperature measured at: 0.3589, adjusted to: 0.3
2800: Temperature measured at: 0.3508, adjusted to: 0.3
3000: Temperature measured at: 0.3263, adjusted to: 0.3
3200: Temperature measured at: 0.3323, adjusted to: 0.3
3400: Temperature measured at: 0.329, adjusted to: 0.3
3600: Temperature measured at: 0.3352, adjusted to: 0.3
3800: Temperature measured at: 0.3262, adjusted to: 0.3
4000: Temperature measured at: 0.3268, adjusted to: 0.3
4200: Temperature measured at: 0.3206, adjusted to: 0.3
4400: Temperature measured at: 0.3271, adjusted to: 0.3
4800: Temperature measured at: 0.3211, adjusted to: 0.3
5000: Temperature measured at: 0.315, adjusted to: 0.3
5200: Temperature measured at: 0.3187, adjusted to: 0.3
5600: Temperature measured at: 0.3171, adjusted to: 0.3
6000: Temperature measured at: 0.3213, adjusted to: 0.3
6600: Temperature measured at: 0.3296, adjusted to: 0.3
7200: Temperature measured at: 0.3199, adjusted to: 0.3
7600: Temperature measured at: 0.3168, adjusted to: 0.3
10600: Temperature measured at: 0.3156, adjusted to: 0.3
12800: Temperature measured at: 0.3223, adjusted to: 0.3
13000: Temperature measured at: 0.3171, adjusted to: 0.3
17000: Temperature measured at: 0.3169, adjusted to: 0.3
22000: Phase complete: (T=0.300000, d=0.200000) Equilibration Phase
22000: Phase started: (T=0.300000, d=0.200000) Observation Phase
22200: Observation recorded
22400: Observation recorded
22600: Observation recorded
22800: Observation recorded
23000: Observation recorded
23200: Observation recorded
23400: Observation recorded
23600: Observation recorded
23800: Observation recorded
24000: Observation recorded
24200: Observation recorded
24400: Observation recorded
24600: Observation recorded
24800: Observation recorded
25000: Observation recorded
25200: Observation recorded
25400: Observation recorded
25600: Observation recorded
25800: Observation recorded
26000: Observation recorded
26000: Phase complete: (T=0.300000, d=0.200000) Observation Phase
