0: Phase started: (T=0.400000, d=0.900000) Equilibration Phase
200: Temperature measured at: 0.2069, adjusted to: 0.4
400: Temperature measured at: 0.3104, adjusted to: 0.4
600: Temperature measured at: 0.3477, adjusted to: 0.4
800: Temperature measured at: 0.3744, adjusted to: 0.4
2800: Temperature measured at: 0.3794, adjusted to: 0.4
7800: Phase complete: (T=0.400000, d=0.900000) Equilibration Phase
7800: Phase started: (T=0.400000, d=0.900000) Observation Phase
8000: Observation recorded
8200: Observation recorded
8400: Observation recorded
8600: Observation recorded
8800: Observation recorded
9000: Observation recorded
9200: Observation recorded
9400: Observation recorded
9600: Observation recorded
9800: Observation recorded
10000: Observation recorded
10200: Observation recorded
10400: Observation recorded
10600: Observation recorded
10800: Observation recorded
11000: Observation recorded
11200: Observation recorded
11400: Observation recorded
11600: Observation recorded
11800: Observation recorded
11800: Phase complete: (T=0.400000, d=0.900000) Observation Phase
