0: Phase started: (T=0.400000, d=0.700000) Equilibration Phase
200: Temperature measured at: 0.2786, adjusted to: 0.4
400: Temperature measured at: 0.3584, adjusted to: 0.4
1600: Temperature measured at: 0.4206, adjusted to: 0.4
3000: Temperature measured at: 0.4227, adjusted to: 0.4
3800: Temperature measured at: 0.4239, adjusted to: 0.4
7800: Temperature measured at: 0.4207, adjusted to: 0.4
12800: Phase complete: (T=0.400000, d=0.700000) Equilibration Phase
12800: Phase started: (T=0.400000, d=0.700000) Observation Phase
13000: Observation recorded
13200: Observation recorded
13400: Observation recorded
13600: Observation recorded
13800: Observation recorded
14000: Observation recorded
14200: Observation recorded
14400: Observation recorded
14600: Observation recorded
14800: Observation recorded
15000: Observation recorded
15200: Observation recorded
15400: Observation recorded
15600: Observation recorded
15800: Observation recorded
16000: Observation recorded
16200: Observation recorded
16400: Observation recorded
16600: Observation recorded
16800: Observation recorded
16800: Phase complete: (T=0.400000, d=0.700000) Observation Phase
