0: Phase started: (T=0.800000, d=1.100000) Equilibration Phase
200: Temperature measured at: 0.4066, adjusted to: 0.8
400: Temperature measured at: 0.6169, adjusted to: 0.8
600: Temperature measured at: 0.7117, adjusted to: 0.8
5600: Phase complete: (T=0.800000, d=1.100000) Equilibration Phase
5600: Phase started: (T=0.800000, d=1.100000) Observation Phase
5800: Observation recorded
6000: Observation recorded
6200: Observation recorded
6400: Observation recorded
6600: Observation recorded
6800: Observation recorded
7000: Observation recorded
7200: Observation recorded
7400: Observation recorded
7600: Observation recorded
7800: Observation recorded
8000: Observation recorded
8200: Observation recorded
8400: Observation recorded
8600: Observation recorded
8800: Observation recorded
9000: Observation recorded
9200: Observation recorded
9400: Observation recorded
9600: Observation recorded
9600: Phase complete: (T=0.800000, d=1.100000) Observation Phase
