0: Phase started: (T=0.500000, d=0.550000) Equilibration Phase
200: Temperature measured at: 0.5671, adjusted to: 0.5
400: Temperature measured at: 0.5454, adjusted to: 0.5
800: Temperature measured at: 0.5444, adjusted to: 0.5
1000: Temperature measured at: 0.5382, adjusted to: 0.5
1800: Temperature measured at: 0.5395, adjusted to: 0.5
2200: Temperature measured at: 0.5328, adjusted to: 0.5
4000: Temperature measured at: 0.5295, adjusted to: 0.5
6200: Temperature measured at: 0.5361, adjusted to: 0.5
9800: Temperature measured at: 0.5282, adjusted to: 0.5
12600: Temperature measured at: 0.4667, adjusted to: 0.5
17600: Phase complete: (T=0.500000, d=0.550000) Equilibration Phase
17600: Phase started: (T=0.500000, d=0.550000) Observation Phase
17800: Observation recorded
18000: Observation recorded
18200: Observation recorded
18400: Observation recorded
18600: Observation recorded
18800: Observation recorded
19000: Observation recorded
19200: Observation recorded
19400: Observation recorded
19600: Observation recorded
19800: Observation recorded
20000: Observation recorded
20200: Observation recorded
20400: Observation recorded
20600: Observation recorded
20800: Observation recorded
21000: Observation recorded
21200: Observation recorded
21400: Observation recorded
21600: Observation recorded
21600: Phase complete: (T=0.500000, d=0.550000) Observation Phase
