0: Phase started: (T=0.600000, d=0.600000) Equilibration Phase
600: Temperature measured at: 0.644, adjusted to: 0.6
1000: Temperature measured at: 0.6438, adjusted to: 0.6
2000: Temperature measured at: 0.6454, adjusted to: 0.6
2600: Temperature measured at: 0.6407, adjusted to: 0.6
3400: Temperature measured at: 0.6369, adjusted to: 0.6
4400: Temperature measured at: 0.6344, adjusted to: 0.6
4800: Temperature measured at: 0.6474, adjusted to: 0.6
9800: Phase complete: (T=0.600000, d=0.600000) Equilibration Phase
9800: Phase started: (T=0.600000, d=0.600000) Observation Phase
10000: Observation recorded
10200: Observation recorded
10400: Observation recorded
10600: Observation recorded
10800: Observation recorded
11000: Observation recorded
11200: Observation recorded
11400: Observation recorded
11600: Observation recorded
11800: Observation recorded
12000: Observation recorded
12200: Observation recorded
12400: Observation recorded
12600: Observation recorded
12800: Observation recorded
13000: Observation recorded
13200: Observation recorded
13400: Observation recorded
13600: Observation recorded
13800: Observation recorded
13800: Phase complete: (T=0.600000, d=0.600000) Observation Phase
