0: Phase started: (T=0.400000, d=0.500000) Equilibration Phase
200: Temperature measured at: 0.5683, adjusted to: 0.4
400: Temperature measured at: 0.5035, adjusted to: 0.4
600: Temperature measured at: 0.4604, adjusted to: 0.4
800: Temperature measured at: 0.4535, adjusted to: 0.4
1000: Temperature measured at: 0.4333, adjusted to: 0.4
1200: Temperature measured at: 0.4349, adjusted to: 0.4
1400: Temperature measured at: 0.4372, adjusted to: 0.4
1600: Temperature measured at: 0.4211, adjusted to: 0.4
2000: Temperature measured at: 0.4347, adjusted to: 0.4
2200: Temperature measured at: 0.4254, adjusted to: 0.4
2800: Temperature measured at: 0.4243, adjusted to: 0.4
3600: Temperature measured at: 0.4349, adjusted to: 0.4
4000: Temperature measured at: 0.4209, adjusted to: 0.4
4400: Temperature measured at: 0.4238, adjusted to: 0.4
5600: Temperature measured at: 0.4214, adjusted to: 0.4
7600: Temperature measured at: 0.4264, adjusted to: 0.4
9200: Temperature measured at: 0.4247, adjusted to: 0.4
14200: Phase complete: (T=0.400000, d=0.500000) Equilibration Phase
14200: Phase started: (T=0.400000, d=0.500000) Observation Phase
14400: Observation recorded
14600: Observation recorded
14800: Observation recorded
15000: Observation recorded
15200: Observation recorded
15400: Observation recorded
15600: Observation recorded
15800: Observation recorded
16000: Observation recorded
16200: Observation recorded
16400: Observation recorded
16600: Observation recorded
16800: Observation recorded
17000: Observation recorded
17200: Observation recorded
17400: Observation recorded
17600: Observation recorded
17800: Observation recorded
18000: Observation recorded
18200: Observation recorded
18200: Phase complete: (T=0.400000, d=0.500000) Observation Phase
