0: Phase started: (T=0.700000, d=0.350000) Equilibration Phase
200: Temperature measured at: 1.029, adjusted to: 0.7
400: Temperature measured at: 0.7956, adjusted to: 0.7
1000: Temperature measured at: 0.7484, adjusted to: 0.7
1400: Temperature measured at: 0.7352, adjusted to: 0.7
2600: Temperature measured at: 0.7359, adjusted to: 0.7
7600: Phase complete: (T=0.700000, d=0.350000) Equilibration Phase
7600: Phase started: (T=0.700000, d=0.350000) Observation Phase
7800: Observation recorded
8000: Observation recorded
8200: Observation recorded
8400: Observation recorded
8600: Observation recorded
8800: Observation recorded
9000: Observation recorded
9200: Observation recorded
9400: Observation recorded
9600: Observation recorded
9800: Observation recorded
10000: Observation recorded
10200: Observation recorded
10400: Observation recorded
10600: Observation recorded
10800: Observation recorded
11000: Observation recorded
11200: Observation recorded
11400: Observation recorded
11600: Observation recorded
11600: Phase complete: (T=0.700000, d=0.350000) Observation Phase
