0: Phase started: (T=0.100000, d=0.500000) Equilibration Phase
200: Temperature measured at: 0.2936, adjusted to: 0.1
400: Temperature measured at: 0.2744, adjusted to: 0.1
600: Temperature measured at: 0.2445, adjusted to: 0.1
800: Temperature measured at: 0.2201, adjusted to: 0.1
1000: Temperature measured at: 0.1978, adjusted to: 0.1
1200: Temperature measured at: 0.1677, adjusted to: 0.1
1400: Temperature measured at: 0.1512, adjusted to: 0.1
1600: Temperature measured at: 0.1369, adjusted to: 0.1
1800: Temperature measured at: 0.1293, adjusted to: 0.1
2000: Temperature measured at: 0.1261, adjusted to: 0.1
2200: Temperature measured at: 0.1173, adjusted to: 0.1
2400: Temperature measured at: 0.1129, adjusted to: 0.1
2600: Temperature measured at: 0.1145, adjusted to: 0.1
2800: Temperature measured at: 0.1101, adjusted to: 0.1
3000: Temperature measured at: 0.1054, adjusted to: 0.1
3400: Temperature measured at: 0.1086, adjusted to: 0.1
3600: Temperature measured at: 0.1084, adjusted to: 0.1
3800: Temperature measured at: 0.1079, adjusted to: 0.1
4200: Temperature measured at: 0.1069, adjusted to: 0.1
4600: Temperature measured at: 0.1062, adjusted to: 0.1
5000: Temperature measured at: 0.1071, adjusted to: 0.1
5200: Temperature measured at: 0.1094, adjusted to: 0.1
5400: Temperature measured at: 0.1076, adjusted to: 0.1
5600: Temperature measured at: 0.1052, adjusted to: 0.1
6000: Temperature measured at: 0.1056, adjusted to: 0.1
6600: Temperature measured at: 0.1054, adjusted to: 0.1
6800: Temperature measured at: 0.1055, adjusted to: 0.1
7200: Temperature measured at: 0.1068, adjusted to: 0.1
7600: Temperature measured at: 0.1064, adjusted to: 0.1
8000: Temperature measured at: 0.1094, adjusted to: 0.1
8200: Temperature measured at: 0.1096, adjusted to: 0.1
8600: Temperature measured at: 0.1086, adjusted to: 0.1
8800: Temperature measured at: 0.1055, adjusted to: 0.1
10000: Temperature measured at: 0.1052, adjusted to: 0.1
11600: Temperature measured at: 0.1051, adjusted to: 0.1
16600: Phase complete: (T=0.100000, d=0.500000) Equilibration Phase
16600: Phase started: (T=0.100000, d=0.500000) Observation Phase
16800: Observation recorded
17000: Observation recorded
17200: Observation recorded
17400: Observation recorded
17600: Observation recorded
17800: Observation recorded
18000: Observation recorded
18200: Observation recorded
18400: Observation recorded
18600: Observation recorded
18800: Observation recorded
19000: Observation recorded
19200: Observation recorded
19400: Observation recorded
19600: Observation recorded
19800: Observation recorded
20000: Observation recorded
20200: Observation recorded
20400: Observation recorded
20600: Observation recorded
20600: Phase complete: (T=0.100000, d=0.500000) Observation Phase
