0: Phase started: (T=0.200000, d=0.550000) Equilibration Phase
200: Temperature measured at: 0.3344, adjusted to: 0.2
400: Temperature measured at: 0.3244, adjusted to: 0.2
600: Temperature measured at: 0.2881, adjusted to: 0.2
800: Temperature measured at: 0.2779, adjusted to: 0.2
1000: Temperature measured at: 0.2876, adjusted to: 0.2
1200: Temperature measured at: 0.2823, adjusted to: 0.2
1400: Temperature measured at: 0.2632, adjusted to: 0.2
1600: Temperature measured at: 0.2536, adjusted to: 0.2
1800: Temperature measured at: 0.2282, adjusted to: 0.2
2000: Temperature measured at: 0.2192, adjusted to: 0.2
2200: Temperature measured at: 0.2217, adjusted to: 0.2
2400: Temperature measured at: 0.2196, adjusted to: 0.2
2600: Temperature measured at: 0.2144, adjusted to: 0.2
2800: Temperature measured at: 0.2138, adjusted to: 0.2
3000: Temperature measured at: 0.2146, adjusted to: 0.2
3200: Temperature measured at: 0.2115, adjusted to: 0.2
3600: Temperature measured at: 0.2124, adjusted to: 0.2
3800: Temperature measured at: 0.2121, adjusted to: 0.2
6000: Temperature measured at: 0.2131, adjusted to: 0.2
8000: Temperature measured at: 0.211, adjusted to: 0.2
11000: Temperature measured at: 0.2108, adjusted to: 0.2
12000: Temperature measured at: 0.2104, adjusted to: 0.2
12200: Temperature measured at: 0.2111, adjusted to: 0.2
15200: Temperature measured at: 0.2112, adjusted to: 0.2
15400: Temperature measured at: 0.2122, adjusted to: 0.2
16200: Temperature measured at: 0.2119, adjusted to: 0.2
17200: Temperature measured at: 0.2125, adjusted to: 0.2
17400: Temperature measured at: 0.2135, adjusted to: 0.2
17600: Temperature measured at: 0.2129, adjusted to: 0.2
18200: Temperature measured at: 0.2141, adjusted to: 0.2
19200: Temperature measured at: 0.217, adjusted to: 0.2
19600: Temperature measured at: 0.2222, adjusted to: 0.2
19800: Temperature measured at: 0.2105, adjusted to: 0.2
20000: Temperature measured at: 0.2101, adjusted to: 0.2
20200: Temperature measured at: 0.2181, adjusted to: 0.2
20400: Temperature measured at: 0.213, adjusted to: 0.2
23400: Temperature measured at: 0.2105, adjusted to: 0.2
28400: Phase complete: (T=0.200000, d=0.550000) Equilibration Phase
28400: Phase started: (T=0.200000, d=0.550000) Observation Phase
28600: Observation recorded
28800: Observation recorded
29000: Observation recorded
29200: Observation recorded
29400: Observation recorded
29600: Observation recorded
29800: Observation recorded
30000: Observation recorded
30200: Observation recorded
30400: Observation recorded
30600: Observation recorded
30800: Observation recorded
31000: Observation recorded
31200: Observation recorded
31400: Observation recorded
31600: Observation recorded
31800: Observation recorded
32000: Observation recorded
32200: Observation recorded
32400: Observation recorded
32400: Phase complete: (T=0.200000, d=0.550000) Observation Phase
