0: Phase started: (T=0.600000, d=0.650000) Equilibration Phase
200: Temperature measured at: 0.4825, adjusted to: 0.6
400: Temperature measured at: 0.5623, adjusted to: 0.6
1400: Temperature measured at: 0.5669, adjusted to: 0.6
6400: Phase complete: (T=0.600000, d=0.650000) Equilibration Phase
6400: Phase started: (T=0.600000, d=0.650000) Observation Phase
6600: Observation recorded
6800: Observation recorded
7000: Observation recorded
7200: Observation recorded
7400: Observation recorded
7600: Observation recorded
7800: Observation recorded
8000: Observation recorded
8200: Observation recorded
8400: Observation recorded
8600: Observation recorded
8800: Observation recorded
9000: Observation recorded
9200: Observation recorded
9400: Observation recorded
9600: Observation recorded
9800: Observation recorded
10000: Observation recorded
10200: Observation recorded
10400: Observation recorded
10400: Phase complete: (T=0.600000, d=0.650000) Observation Phase
