0: Phase started: (T=0.400000, d=0.300000) Equilibration Phase
200: Temperature measured at: 0.7384, adjusted to: 0.4
400: Temperature measured at: 0.5507, adjusted to: 0.4
600: Temperature measured at: 0.4904, adjusted to: 0.4
800: Temperature measured at: 0.4454, adjusted to: 0.4
1000: Temperature measured at: 0.4521, adjusted to: 0.4
1200: Temperature measured at: 0.4444, adjusted to: 0.4
1400: Temperature measured at: 0.4428, adjusted to: 0.4
1600: Temperature measured at: 0.4609, adjusted to: 0.4
1800: Temperature measured at: 0.4311, adjusted to: 0.4
2000: Temperature measured at: 0.4445, adjusted to: 0.4
2200: Temperature measured at: 0.4283, adjusted to: 0.4
2400: Temperature measured at: 0.4261, adjusted to: 0.4
2600: Temperature measured at: 0.4343, adjusted to: 0.4
2800: Temperature measured at: 0.4262, adjusted to: 0.4
3200: Temperature measured at: 0.4229, adjusted to: 0.4
3800: Temperature measured at: 0.4323, adjusted to: 0.4
4200: Temperature measured at: 0.4308, adjusted to: 0.4
5200: Temperature measured at: 0.4227, adjusted to: 0.4
6800: Temperature measured at: 0.4209, adjusted to: 0.4
8800: Temperature measured at: 0.4237, adjusted to: 0.4
9600: Temperature measured at: 0.4229, adjusted to: 0.4
10400: Temperature measured at: 0.4229, adjusted to: 0.4
14000: Temperature measured at: 0.423, adjusted to: 0.4
17800: Temperature measured at: 0.4218, adjusted to: 0.4
22800: Phase complete: (T=0.400000, d=0.300000) Equilibration Phase
22800: Phase started: (T=0.400000, d=0.300000) Observation Phase
23000: Observation recorded
23200: Observation recorded
23400: Observation recorded
23600: Observation recorded
23800: Observation recorded
24000: Observation recorded
24200: Observation recorded
24400: Observation recorded
24600: Observation recorded
24800: Observation recorded
25000: Observation recorded
25200: Observation recorded
25400: Observation recorded
25600: Observation recorded
25800: Observation recorded
26000: Observation recorded
26200: Observation recorded
26400: Observation recorded
26600: Observation recorded
26800: Observation recorded
26800: Phase complete: (T=0.400000, d=0.300000) Observation Phase
