0: Phase started: (T=1.300000, d=0.900000) Equilibration Phase
200: Temperature measured at: 0.6988, adjusted to: 1.3
400: Temperature measured at: 1.017, adjusted to: 1.3
600: Temperature measured at: 1.162, adjusted to: 1.3
800: Temperature measured at: 1.225, adjusted to: 1.3
1600: Temperature measured at: 1.234, adjusted to: 1.3
4600: Temperature measured at: 1.233, adjusted to: 1.3
5400: Temperature measured at: 1.235, adjusted to: 1.3
10400: Phase complete: (T=1.300000, d=0.900000) Equilibration Phase
10400: Phase started: (T=1.300000, d=0.900000) Observation Phase
10600: Observation recorded
10800: Observation recorded
11000: Observation recorded
11200: Observation recorded
11400: Observation recorded
11600: Observation recorded
11800: Observation recorded
12000: Observation recorded
12200: Observation recorded
12400: Observation recorded
12600: Observation recorded
12800: Observation recorded
13000: Observation recorded
13200: Observation recorded
13400: Observation recorded
13600: Observation recorded
13800: Observation recorded
14000: Observation recorded
14200: Observation recorded
14400: Observation recorded
14400: Phase complete: (T=1.300000, d=0.900000) Observation Phase
