0: Phase started: (T=0.300000, d=0.500000) Equilibration Phase
200: Temperature measured at: 0.4887, adjusted to: 0.3
400: Temperature measured at: 0.4239, adjusted to: 0.3
600: Temperature measured at: 0.3883, adjusted to: 0.3
800: Temperature measured at: 0.3681, adjusted to: 0.3
1000: Temperature measured at: 0.3563, adjusted to: 0.3
1200: Temperature measured at: 0.3487, adjusted to: 0.3
1400: Temperature measured at: 0.3342, adjusted to: 0.3
1600: Temperature measured at: 0.3276, adjusted to: 0.3
1800: Temperature measured at: 0.3394, adjusted to: 0.3
2000: Temperature measured at: 0.3249, adjusted to: 0.3
2200: Temperature measured at: 0.3237, adjusted to: 0.3
2600: Temperature measured at: 0.3231, adjusted to: 0.3
2800: Temperature measured at: 0.3217, adjusted to: 0.3
3000: Temperature measured at: 0.3158, adjusted to: 0.3
4000: Temperature measured at: 0.3314, adjusted to: 0.3
4400: Temperature measured at: 0.317, adjusted to: 0.3
4600: Temperature measured at: 0.3173, adjusted to: 0.3
5000: Temperature measured at: 0.3189, adjusted to: 0.3
6000: Temperature measured at: 0.3159, adjusted to: 0.3
6400: Temperature measured at: 0.3155, adjusted to: 0.3
10000: Temperature measured at: 0.3169, adjusted to: 0.3
15000: Phase complete: (T=0.300000, d=0.500000) Equilibration Phase
15000: Phase started: (T=0.300000, d=0.500000) Observation Phase
15200: Observation recorded
15400: Observation recorded
15600: Observation recorded
15800: Observation recorded
16000: Observation recorded
16200: Observation recorded
16400: Observation recorded
16600: Observation recorded
16800: Observation recorded
17000: Observation recorded
17200: Observation recorded
17400: Observation recorded
17600: Observation recorded
17800: Observation recorded
18000: Observation recorded
18200: Observation recorded
18400: Observation recorded
18600: Observation recorded
18800: Observation recorded
19000: Observation recorded
19000: Phase complete: (T=0.300000, d=0.500000) Observation Phase
