0: Phase started: (T=0.500000, d=0.600000) Equilibration Phase
400: Temperature measured at: 0.5393, adjusted to: 0.5
1400: Temperature measured at: 0.5312, adjusted to: 0.5
1800: Temperature measured at: 0.531, adjusted to: 0.5
3600: Temperature measured at: 0.5276, adjusted to: 0.5
4000: Temperature measured at: 0.5281, adjusted to: 0.5
6200: Temperature measured at: 0.5354, adjusted to: 0.5
9600: Temperature measured at: 0.5381, adjusted to: 0.5
9800: Temperature measured at: 0.5255, adjusted to: 0.5
14400: Temperature measured at: 0.4692, adjusted to: 0.5
19400: Phase complete: (T=0.500000, d=0.600000) Equilibration Phase
19400: Phase started: (T=0.500000, d=0.600000) Observation Phase
19600: Observation recorded
19800: Observation recorded
20000: Observation recorded
20200: Observation recorded
20400: Observation recorded
20600: Observation recorded
20800: Observation recorded
21000: Observation recorded
21200: Observation recorded
21400: Observation recorded
21600: Observation recorded
21800: Observation recorded
22000: Observation recorded
22200: Observation recorded
22400: Observation recorded
22600: Observation recorded
22800: Observation recorded
23000: Observation recorded
23200: Observation recorded
23400: Observation recorded
23400: Phase complete: (T=0.500000, d=0.600000) Observation Phase
