0: Phase started: (T=2.000000, d=1.000000) Equilibration Phase
200: Temperature measured at: 1.057, adjusted to: 2
400: Temperature measured at: 1.563, adjusted to: 2
600: Temperature measured at: 1.773, adjusted to: 2
800: Temperature measured at: 1.854, adjusted to: 2
1000: Temperature measured at: 1.857, adjusted to: 2
1400: Temperature measured at: 1.854, adjusted to: 2
1600: Temperature measured at: 1.863, adjusted to: 2
2000: Temperature measured at: 1.899, adjusted to: 2
7000: Phase complete: (T=2.000000, d=1.000000) Equilibration Phase
7000: Phase started: (T=2.000000, d=1.000000) Observation Phase
7200: Observation recorded
7400: Observation recorded
7600: Observation recorded
7800: Observation recorded
8000: Observation recorded
8200: Observation recorded
8400: Observation recorded
8600: Observation recorded
8800: Observation recorded
9000: Observation recorded
9200: Observation recorded
9400: Observation recorded
9600: Observation recorded
9800: Observation recorded
10000: Observation recorded
10200: Observation recorded
10400: Observation recorded
10600: Observation recorded
10800: Observation recorded
11000: Observation recorded
11000: Phase complete: (T=2.000000, d=1.000000) Observation Phase
