0: Phase started: (T=0.500000, d=0.400000) Equilibration Phase
200: Temperature measured at: 0.7917, adjusted to: 0.5
400: Temperature measured at: 0.5963, adjusted to: 0.5
600: Temperature measured at: 0.5556, adjusted to: 0.5
800: Temperature measured at: 0.5461, adjusted to: 0.5
1000: Temperature measured at: 0.5467, adjusted to: 0.5
1400: Temperature measured at: 0.5598, adjusted to: 0.5
1800: Temperature measured at: 0.5265, adjusted to: 0.5
2200: Temperature measured at: 0.5294, adjusted to: 0.5
2600: Temperature measured at: 0.5353, adjusted to: 0.5
3600: Temperature measured at: 0.5395, adjusted to: 0.5
4200: Temperature measured at: 0.5305, adjusted to: 0.5
4600: Temperature measured at: 0.5305, adjusted to: 0.5
5200: Temperature measured at: 0.5278, adjusted to: 0.5
10200: Temperature measured at: 0.5265, adjusted to: 0.5
15200: Phase complete: (T=0.500000, d=0.400000) Equilibration Phase
15200: Phase started: (T=0.500000, d=0.400000) Observation Phase
15400: Observation recorded
15600: Observation recorded
15800: Observation recorded
16000: Observation recorded
16200: Observation recorded
16400: Observation recorded
16600: Observation recorded
16800: Observation recorded
17000: Observation recorded
17200: Observation recorded
17400: Observation recorded
17600: Observation recorded
17800: Observation recorded
18000: Observation recorded
18200: Observation recorded
18400: Observation recorded
18600: Observation recorded
18800: Observation recorded
19000: Observation recorded
19200: Observation recorded
19200: Phase complete: (T=0.500000, d=0.400000) Observation Phase
