0: Phase started: (T=0.700000, d=0.200000) Equilibration Phase
200: Temperature measured at: 0.9714, adjusted to: 0.7
400: Temperature measured at: 0.768, adjusted to: 0.7
800: Temperature measured at: 0.7656, adjusted to: 0.7
1600: Temperature measured at: 0.7487, adjusted to: 0.7
5000: Temperature measured at: 0.7425, adjusted to: 0.7
7600: Temperature measured at: 0.66, adjusted to: 0.7
8600: Temperature measured at: 0.7372, adjusted to: 0.7
9600: Temperature measured at: 0.7361, adjusted to: 0.7
14600: Phase complete: (T=0.700000, d=0.200000) Equilibration Phase
14600: Phase started: (T=0.700000, d=0.200000) Observation Phase
14800: Observation recorded
15000: Observation recorded
15200: Observation recorded
15400: Observation recorded
15600: Observation recorded
15800: Observation recorded
16000: Observation recorded
16200: Observation recorded
16400: Observation recorded
16600: Observation recorded
16800: Observation recorded
17000: Observation recorded
17200: Observation recorded
17400: Observation recorded
17600: Observation recorded
17800: Observation recorded
18000: Observation recorded
18200: Observation recorded
18400: Observation recorded
18600: Observation recorded
18600: Phase complete: (T=0.700000, d=0.200000) Observation Phase
