0: Phase started: (T=0.100000, d=0.100000) Equilibration Phase
200: Temperature measured at: 0.1059, adjusted to: 0.1
400: Temperature measured at: 0.18, adjusted to: 0.1
600: Temperature measured at: 0.1525, adjusted to: 0.1
800: Temperature measured at: 0.1563, adjusted to: 0.1
1000: Temperature measured at: 0.1576, adjusted to: 0.1
1200: Temperature measured at: 0.1654, adjusted to: 0.1
1400: Temperature measured at: 0.1614, adjusted to: 0.1
1600: Temperature measured at: 0.1511, adjusted to: 0.1
1800: Temperature measured at: 0.1574, adjusted to: 0.1
2000: Temperature measured at: 0.1642, adjusted to: 0.1
2200: Temperature measured at: 0.1664, adjusted to: 0.1
2400: Temperature measured at: 0.1619, adjusted to: 0.1
2600: Temperature measured at: 0.1626, adjusted to: 0.1
2800: Temperature measured at: 0.1604, adjusted to: 0.1
3000: Temperature measured at: 0.1525, adjusted to: 0.1
3200: Temperature measured at: 0.1429, adjusted to: 0.1
3400: Temperature measured at: 0.1401, adjusted to: 0.1
3600: Temperature measured at: 0.1344, adjusted to: 0.1
3800: Temperature measured at: 0.1302, adjusted to: 0.1
4000: Temperature measured at: 0.1293, adjusted to: 0.1
4200: Temperature measured at: 0.1267, adjusted to: 0.1
4400: Temperature measured at: 0.1209, adjusted to: 0.1
4600: Temperature measured at: 0.1148, adjusted to: 0.1
4800: Temperature measured at: 0.1132, adjusted to: 0.1
5000: Temperature measured at: 0.1101, adjusted to: 0.1
5200: Temperature measured at: 0.1077, adjusted to: 0.1
5400: Temperature measured at: 0.1077, adjusted to: 0.1
5800: Temperature measured at: 0.1064, adjusted to: 0.1
6000: Temperature measured at: 0.1052, adjusted to: 0.1
6200: Temperature measured at: 0.1054, adjusted to: 0.1
6400: Temperature measured at: 0.1052, adjusted to: 0.1
6600: Temperature measured at: 0.105, adjusted to: 0.1
7200: Temperature measured at: 0.1068, adjusted to: 0.1
7600: Temperature measured at: 0.1053, adjusted to: 0.1
8000: Temperature measured at: 0.1053, adjusted to: 0.1
8400: Temperature measured at: 0.106, adjusted to: 0.1
8800: Temperature measured at: 0.1077, adjusted to: 0.1
9000: Temperature measured at: 0.1055, adjusted to: 0.1
10000: Temperature measured at: 0.1069, adjusted to: 0.1
10200: Temperature measured at: 0.1097, adjusted to: 0.1
11000: Temperature measured at: 0.1071, adjusted to: 0.1
11600: Temperature measured at: 0.1072, adjusted to: 0.1
12600: Temperature measured at: 0.1054, adjusted to: 0.1
15200: Temperature measured at: 0.1051, adjusted to: 0.1
15400: Temperature measured at: 0.1052, adjusted to: 0.1
16400: Temperature measured at: 0.1051, adjusted to: 0.1
17400: Temperature measured at: 0.1085, adjusted to: 0.1
17600: Temperature measured at: 0.1053, adjusted to: 0.1
18000: Temperature measured at: 0.1054, adjusted to: 0.1
20200: Temperature measured at: 0.1059, adjusted to: 0.1
22800: Temperature measured at: 0.1051, adjusted to: 0.1
27800: Phase complete: (T=0.100000, d=0.100000) Equilibration Phase
27800: Phase started: (T=0.100000, d=0.100000) Observation Phase
28000: Observation recorded
28200: Observation recorded
28400: Observation recorded
28600: Observation recorded
28800: Observation recorded
29000: Observation recorded
29200: Observation recorded
29400: Observation recorded
29600: Observation recorded
29800: Observation recorded
30000: Observation recorded
30200: Observation recorded
30400: Observation recorded
30600: Observation recorded
30800: Observation recorded
31000: Observation recorded
31200: Observation recorded
31400: Observation recorded
31600: Observation recorded
31800: Observation recorded
31800: Phase complete: (T=0.100000, d=0.100000) Observation Phase
