0: Phase started: (T=0.700000, d=0.150000) Equilibration Phase
200: Temperature measured at: 0.8748, adjusted to: 0.7
400: Temperature measured at: 0.7476, adjusted to: 0.7
800: Temperature measured at: 0.7436, adjusted to: 0.7
1600: Temperature measured at: 0.7395, adjusted to: 0.7
3800: Temperature measured at: 0.7358, adjusted to: 0.7
8800: Phase complete: (T=0.700000, d=0.150000) Equilibration Phase
8800: Phase started: (T=0.700000, d=0.150000) Observation Phase
9000: Observation recorded
9200: Observation recorded
9400: Observation recorded
9600: Observation recorded
9800: Observation recorded
10000: Observation recorded
10200: Observation recorded
10400: Observation recorded
10600: Observation recorded
10800: Observation recorded
11000: Observation recorded
11200: Observation recorded
11400: Observation recorded
11600: Observation recorded
11800: Observation recorded
12000: Observation recorded
12200: Observation recorded
12400: Observation recorded
12600: Observation recorded
12800: Observation recorded
12800: Phase complete: (T=0.700000, d=0.150000) Observation Phase
