0: Phase started: (T=0.300000, d=0.350000) Equilibration Phase
200: Temperature measured at: 0.6328, adjusted to: 0.3
400: Temperature measured at: 0.4466, adjusted to: 0.3
600: Temperature measured at: 0.4025, adjusted to: 0.3
800: Temperature measured at: 0.3739, adjusted to: 0.3
1000: Temperature measured at: 0.3732, adjusted to: 0.3
1200: Temperature measured at: 0.3596, adjusted to: 0.3
1400: Temperature measured at: 0.3473, adjusted to: 0.3
1600: Temperature measured at: 0.3348, adjusted to: 0.3
1800: Temperature measured at: 0.3409, adjusted to: 0.3
2000: Temperature measured at: 0.3428, adjusted to: 0.3
2200: Temperature measured at: 0.3376, adjusted to: 0.3
2400: Temperature measured at: 0.3382, adjusted to: 0.3
2600: Temperature measured at: 0.3381, adjusted to: 0.3
2800: Temperature measured at: 0.3293, adjusted to: 0.3
3000: Temperature measured at: 0.3318, adjusted to: 0.3
3200: Temperature measured at: 0.3307, adjusted to: 0.3
3400: Temperature measured at: 0.3251, adjusted to: 0.3
3600: Temperature measured at: 0.3244, adjusted to: 0.3
4000: Temperature measured at: 0.3229, adjusted to: 0.3
4200: Temperature measured at: 0.3203, adjusted to: 0.3
4400: Temperature measured at: 0.3213, adjusted to: 0.3
4600: Temperature measured at: 0.3212, adjusted to: 0.3
5200: Temperature measured at: 0.3151, adjusted to: 0.3
6200: Temperature measured at: 0.3174, adjusted to: 0.3
6800: Temperature measured at: 0.3163, adjusted to: 0.3
8200: Temperature measured at: 0.3163, adjusted to: 0.3
8400: Temperature measured at: 0.3173, adjusted to: 0.3
9400: Temperature measured at: 0.3207, adjusted to: 0.3
9800: Temperature measured at: 0.3253, adjusted to: 0.3
11400: Temperature measured at: 0.3151, adjusted to: 0.3
12000: Temperature measured at: 0.3166, adjusted to: 0.3
15000: Temperature measured at: 0.3164, adjusted to: 0.3
16600: Temperature measured at: 0.3181, adjusted to: 0.3
16800: Temperature measured at: 0.3199, adjusted to: 0.3
21800: Phase complete: (T=0.300000, d=0.350000) Equilibration Phase
21800: Phase started: (T=0.300000, d=0.350000) Observation Phase
22000: Observation recorded
22200: Observation recorded
22400: Observation recorded
22600: Observation recorded
22800: Observation recorded
23000: Observation recorded
23200: Observation recorded
23400: Observation recorded
23600: Observation recorded
23800: Observation recorded
24000: Observation recorded
24200: Observation recorded
24400: Observation recorded
24600: Observation recorded
24800: Observation recorded
25000: Observation recorded
25200: Observation recorded
25400: Observation recorded
25600: Observation recorded
25800: Observation recorded
25800: Phase complete: (T=0.300000, d=0.350000) Observation Phase
