0: Phase started: (T=0.800000, d=0.500000) Equilibration Phase
200: Temperature measured at: 0.9296, adjusted to: 0.8
600: Temperature measured at: 0.8643, adjusted to: 0.8
1000: Temperature measured at: 0.8408, adjusted to: 0.8
2800: Temperature measured at: 0.8491, adjusted to: 0.8
4400: Temperature measured at: 0.8441, adjusted to: 0.8
9400: Phase complete: (T=0.800000, d=0.500000) Equilibration Phase
9400: Phase started: (T=0.800000, d=0.500000) Observation Phase
9600: Observation recorded
9800: Observation recorded
10000: Observation recorded
10200: Observation recorded
10400: Observation recorded
10600: Observation recorded
10800: Observation recorded
11000: Observation recorded
11200: Observation recorded
11400: Observation recorded
11600: Observation recorded
11800: Observation recorded
12000: Observation recorded
12200: Observation recorded
12400: Observation recorded
12600: Observation recorded
12800: Observation recorded
13000: Observation recorded
13200: Observation recorded
13400: Observation recorded
13400: Phase complete: (T=0.800000, d=0.500000) Observation Phase
