0: Phase started: (T=1.100000, d=0.900000) Equilibration Phase
200: Temperature measured at: 0.5833, adjusted to: 1.1
400: Temperature measured at: 0.882, adjusted to: 1.1
600: Temperature measured at: 0.9918, adjusted to: 1.1
2000: Temperature measured at: 1.03, adjusted to: 1.1
2600: Temperature measured at: 1.024, adjusted to: 1.1
2800: Temperature measured at: 1.042, adjusted to: 1.1
7800: Phase complete: (T=1.100000, d=0.900000) Equilibration Phase
7800: Phase started: (T=1.100000, d=0.900000) Observation Phase
8000: Observation recorded
8200: Observation recorded
8400: Observation recorded
8600: Observation recorded
8800: Observation recorded
9000: Observation recorded
9200: Observation recorded
9400: Observation recorded
9600: Observation recorded
9800: Observation recorded
10000: Observation recorded
10200: Observation recorded
10400: Observation recorded
10600: Observation recorded
10800: Observation recorded
11000: Observation recorded
11200: Observation recorded
11400: Observation recorded
11600: Observation recorded
11800: Observation recorded
11800: Phase complete: (T=1.100000, d=0.900000) Observation Phase
