0: Phase started: (T=0.600000, d=0.300000) Equilibration Phase
200: Temperature measured at: 0.9446, adjusted to: 0.6
400: Temperature measured at: 0.6819, adjusted to: 0.6
600: Temperature measured at: 0.7069, adjusted to: 0.6
800: Temperature measured at: 0.6577, adjusted to: 0.6
1000: Temperature measured at: 0.6464, adjusted to: 0.6
1200: Temperature measured at: 0.6458, adjusted to: 0.6
1600: Temperature measured at: 0.6648, adjusted to: 0.6
1800: Temperature measured at: 0.6501, adjusted to: 0.6
2000: Temperature measured at: 0.6512, adjusted to: 0.6
2400: Temperature measured at: 0.6713, adjusted to: 0.6
2800: Temperature measured at: 0.6367, adjusted to: 0.6
3000: Temperature measured at: 0.6415, adjusted to: 0.6
3200: Temperature measured at: 0.6302, adjusted to: 0.6
4200: Temperature measured at: 0.6371, adjusted to: 0.6
4400: Temperature measured at: 0.6444, adjusted to: 0.6
5600: Temperature measured at: 0.646, adjusted to: 0.6
6000: Temperature measured at: 0.6378, adjusted to: 0.6
6400: Temperature measured at: 0.6405, adjusted to: 0.6
9000: Temperature measured at: 0.6388, adjusted to: 0.6
9200: Temperature measured at: 0.6307, adjusted to: 0.6
12000: Temperature measured at: 0.5667, adjusted to: 0.6
17000: Phase complete: (T=0.600000, d=0.300000) Equilibration Phase
17000: Phase started: (T=0.600000, d=0.300000) Observation Phase
17200: Observation recorded
17400: Observation recorded
17600: Observation recorded
17800: Observation recorded
18000: Observation recorded
18200: Observation recorded
18400: Observation recorded
18600: Observation recorded
18800: Observation recorded
19000: Observation recorded
19200: Observation recorded
19400: Observation recorded
19600: Observation recorded
19800: Observation recorded
20000: Observation recorded
20200: Observation recorded
20400: Observation recorded
20600: Observation recorded
20800: Observation recorded
21000: Observation recorded
21000: Phase complete: (T=0.600000, d=0.300000) Observation Phase
