0: Phase started: (T=1.800000, d=0.300000) Equilibration Phase
200: Temperature measured at: 2.108, adjusted to: 1.8
2600: Temperature measured at: 1.897, adjusted to: 1.8
7600: Phase complete: (T=1.800000, d=0.300000) Equilibration Phase
7600: Phase started: (T=1.800000, d=0.300000) Observation Phase
7800: Observation recorded
8000: Observation recorded
8200: Observation recorded
8400: Observation recorded
8600: Observation recorded
8800: Observation recorded
9000: Observation recorded
9200: Observation recorded
9400: Observation recorded
9600: Observation recorded
9800: Observation recorded
10000: Observation recorded
10200: Observation recorded
10400: Observation recorded
10600: Observation recorded
10800: Observation recorded
11000: Observation recorded
11200: Observation recorded
11400: Observation recorded
11600: Observation recorded
11600: Phase complete: (T=1.800000, d=0.300000) Observation Phase
