0: Phase started: (T=0.100000, d=0.200000) Equilibration Phase
200: Temperature measured at: 0.2504, adjusted to: 0.1
400: Temperature measured at: 0.2993, adjusted to: 0.1
600: Temperature measured at: 0.2656, adjusted to: 0.1
800: Temperature measured at: 0.275, adjusted to: 0.1
1000: Temperature measured at: 0.2525, adjusted to: 0.1
1200: Temperature measured at: 0.243, adjusted to: 0.1
1400: Temperature measured at: 0.2333, adjusted to: 0.1
1600: Temperature measured at: 0.2181, adjusted to: 0.1
1800: Temperature measured at: 0.2087, adjusted to: 0.1
2000: Temperature measured at: 0.1782, adjusted to: 0.1
2200: Temperature measured at: 0.1667, adjusted to: 0.1
2400: Temperature measured at: 0.1549, adjusted to: 0.1
2600: Temperature measured at: 0.146, adjusted to: 0.1
2800: Temperature measured at: 0.1342, adjusted to: 0.1
3000: Temperature measured at: 0.1332, adjusted to: 0.1
3200: Temperature measured at: 0.1346, adjusted to: 0.1
3400: Temperature measured at: 0.1293, adjusted to: 0.1
3600: Temperature measured at: 0.125, adjusted to: 0.1
3800: Temperature measured at: 0.1217, adjusted to: 0.1
4000: Temperature measured at: 0.1215, adjusted to: 0.1
4200: Temperature measured at: 0.1161, adjusted to: 0.1
4400: Temperature measured at: 0.1149, adjusted to: 0.1
4600: Temperature measured at: 0.1144, adjusted to: 0.1
4800: Temperature measured at: 0.1073, adjusted to: 0.1
5000: Temperature measured at: 0.1129, adjusted to: 0.1
5200: Temperature measured at: 0.1119, adjusted to: 0.1
5400: Temperature measured at: 0.1131, adjusted to: 0.1
5600: Temperature measured at: 0.1097, adjusted to: 0.1
5800: Temperature measured at: 0.1076, adjusted to: 0.1
6000: Temperature measured at: 0.1069, adjusted to: 0.1
6200: Temperature measured at: 0.1092, adjusted to: 0.1
6400: Temperature measured at: 0.1098, adjusted to: 0.1
6600: Temperature measured at: 0.1128, adjusted to: 0.1
6800: Temperature measured at: 0.1079, adjusted to: 0.1
7000: Temperature measured at: 0.1086, adjusted to: 0.1
7200: Temperature measured at: 0.109, adjusted to: 0.1
7400: Temperature measured at: 0.1077, adjusted to: 0.1
7600: Temperature measured at: 0.1084, adjusted to: 0.1
7800: Temperature measured at: 0.1068, adjusted to: 0.1
8000: Temperature measured at: 0.1071, adjusted to: 0.1
8200: Temperature measured at: 0.1051, adjusted to: 0.1
8800: Temperature measured at: 0.107, adjusted to: 0.1
9200: Temperature measured at: 0.1065, adjusted to: 0.1
9400: Temperature measured at: 0.1061, adjusted to: 0.1
9600: Temperature measured at: 0.105, adjusted to: 0.1
10400: Temperature measured at: 0.106, adjusted to: 0.1
10600: Temperature measured at: 0.1106, adjusted to: 0.1
10800: Temperature measured at: 0.1112, adjusted to: 0.1
11000: Temperature measured at: 0.1054, adjusted to: 0.1
11400: Temperature measured at: 0.1066, adjusted to: 0.1
11800: Temperature measured at: 0.1067, adjusted to: 0.1
12200: Temperature measured at: 0.1077, adjusted to: 0.1
12600: Temperature measured at: 0.1052, adjusted to: 0.1
12800: Temperature measured at: 0.1051, adjusted to: 0.1
13200: Temperature measured at: 0.1081, adjusted to: 0.1
13800: Temperature measured at: 0.1067, adjusted to: 0.1
14600: Temperature measured at: 0.1054, adjusted to: 0.1
15400: Temperature measured at: 0.1058, adjusted to: 0.1
15800: Temperature measured at: 0.1066, adjusted to: 0.1
17600: Temperature measured at: 0.1061, adjusted to: 0.1
18000: Temperature measured at: 0.1065, adjusted to: 0.1
21000: Temperature measured at: 0.1059, adjusted to: 0.1
21200: Temperature measured at: 0.1056, adjusted to: 0.1
21400: Temperature measured at: 0.1072, adjusted to: 0.1
21600: Temperature measured at: 0.1058, adjusted to: 0.1
22600: Temperature measured at: 0.1058, adjusted to: 0.1
23000: Temperature measured at: 0.1064, adjusted to: 0.1
23200: Temperature measured at: 0.1057, adjusted to: 0.1
24600: Temperature measured at: 0.1052, adjusted to: 0.1
24800: Temperature measured at: 0.1087, adjusted to: 0.1
25200: Temperature measured at: 0.1051, adjusted to: 0.1
25400: Temperature measured at: 0.1066, adjusted to: 0.1
25800: Temperature measured at: 0.1064, adjusted to: 0.1
26400: Temperature measured at: 0.1053, adjusted to: 0.1
26800: Temperature measured at: 0.106, adjusted to: 0.1
27200: Temperature measured at: 0.106, adjusted to: 0.1
27600: Temperature measured at: 0.1057, adjusted to: 0.1
28800: Temperature measured at: 0.108, adjusted to: 0.1
29000: Temperature measured at: 0.1063, adjusted to: 0.1
30200: Temperature measured at: 0.1054, adjusted to: 0.1
31200: Temperature measured at: 0.1054, adjusted to: 0.1
34200: Temperature measured at: 0.1058, adjusted to: 0.1
35200: Temperature measured at: 0.1053, adjusted to: 0.1
40200: Phase complete: (T=0.100000, d=0.200000) Equilibration Phase
40200: Phase started: (T=0.100000, d=0.200000) Observation Phase
40400: Observation recorded
40600: Observation recorded
40800: Observation recorded
41000: Observation recorded
41200: Observation recorded
41400: Observation recorded
41600: Observation recorded
41800: Observation recorded
42000: Observation recorded
42200: Observation recorded
42400: Observation recorded
42600: Observation recorded
42800: Observation recorded
43000: Observation recorded
43200: Observation recorded
43400: Observation recorded
43600: Observation recorded
43800: Observation recorded
44000: Observation recorded
44200: Observation recorded
44200: Phase complete: (T=0.100000, d=0.200000) Observation Phase
