0: Phase started: (T=0.400000, d=1.500000) Equilibration Phase
200: Temperature measured at: 0.2, adjusted to: 0.4
400: Temperature measured at: 0.3018, adjusted to: 0.4
600: Temperature measured at: 0.343, adjusted to: 0.4
800: Temperature measured at: 0.3634, adjusted to: 0.4
1000: Temperature measured at: 0.3666, adjusted to: 0.4
1200: Temperature measured at: 0.3785, adjusted to: 0.4
1400: Temperature measured at: 0.3781, adjusted to: 0.4
6400: Phase complete: (T=0.400000, d=1.500000) Equilibration Phase
6400: Phase started: (T=0.400000, d=1.500000) Observation Phase
6600: Observation recorded
6800: Observation recorded
7000: Observation recorded
7200: Observation recorded
7400: Observation recorded
7600: Observation recorded
7800: Observation recorded
8000: Observation recorded
8200: Observation recorded
8400: Observation recorded
8600: Observation recorded
8800: Observation recorded
9000: Observation recorded
9200: Observation recorded
9400: Observation recorded
9600: Observation recorded
9800: Observation recorded
10000: Observation recorded
10200: Observation recorded
10400: Observation recorded
10400: Phase complete: (T=0.400000, d=1.500000) Observation Phase
