0: Phase started: (T=0.300000, d=0.200000) Equilibration Phase
200: Temperature measured at: 0.5406, adjusted to: 0.3
400: Temperature measured at: 0.4462, adjusted to: 0.3
600: Temperature measured at: 0.4363, adjusted to: 0.3
800: Temperature measured at: 0.4129, adjusted to: 0.3
1000: Temperature measured at: 0.4268, adjusted to: 0.3
1200: Temperature measured at: 0.4208, adjusted to: 0.3
1400: Temperature measured at: 0.4093, adjusted to: 0.3
1600: Temperature measured at: 0.3933, adjusted to: 0.3
1800: Temperature measured at: 0.3944, adjusted to: 0.3
2000: Temperature measured at: 0.3988, adjusted to: 0.3
2200: Temperature measured at: 0.3688, adjusted to: 0.3
2400: Temperature measured at: 0.3672, adjusted to: 0.3
2600: Temperature measured at: 0.3705, adjusted to: 0.3
2800: Temperature measured at: 0.368, adjusted to: 0.3
3000: Temperature measured at: 0.3542, adjusted to: 0.3
3200: Temperature measured at: 0.3337, adjusted to: 0.3
3400: Temperature measured at: 0.3379, adjusted to: 0.3
3600: Temperature measured at: 0.3343, adjusted to: 0.3
3800: Temperature measured at: 0.3334, adjusted to: 0.3
4000: Temperature measured at: 0.3259, adjusted to: 0.3
4200: Temperature measured at: 0.3221, adjusted to: 0.3
4400: Temperature measured at: 0.318, adjusted to: 0.3
5000: Temperature measured at: 0.3164, adjusted to: 0.3
5600: Temperature measured at: 0.3212, adjusted to: 0.3
6200: Temperature measured at: 0.3189, adjusted to: 0.3
6400: Temperature measured at: 0.3161, adjusted to: 0.3
7400: Temperature measured at: 0.3159, adjusted to: 0.3
8200: Temperature measured at: 0.3195, adjusted to: 0.3
9000: Temperature measured at: 0.3203, adjusted to: 0.3
9400: Temperature measured at: 0.3151, adjusted to: 0.3
9600: Temperature measured at: 0.3159, adjusted to: 0.3
10800: Temperature measured at: 0.3154, adjusted to: 0.3
11400: Temperature measured at: 0.3154, adjusted to: 0.3
13400: Temperature measured at: 0.3215, adjusted to: 0.3
16000: Temperature measured at: 0.3175, adjusted to: 0.3
16800: Temperature measured at: 0.3198, adjusted to: 0.3
21800: Phase complete: (T=0.300000, d=0.200000) Equilibration Phase
21800: Phase started: (T=0.300000, d=0.200000) Observation Phase
22000: Observation recorded
22200: Observation recorded
22400: Observation recorded
22600: Observation recorded
22800: Observation recorded
23000: Observation recorded
23200: Observation recorded
23400: Observation recorded
23600: Observation recorded
23800: Observation recorded
24000: Observation recorded
24200: Observation recorded
24400: Observation recorded
24600: Observation recorded
24800: Observation recorded
25000: Observation recorded
25200: Observation recorded
25400: Observation recorded
25600: Observation recorded
25800: Observation recorded
25800: Phase complete: (T=0.300000, d=0.200000) Observation Phase
