0: Phase started: (T=0.900000, d=0.100000) Equilibration Phase
200: Temperature measured at: 0.9856, adjusted to: 0.9
600: Temperature measured at: 0.9486, adjusted to: 0.9
1400: Temperature measured at: 0.9455, adjusted to: 0.9
3200: Temperature measured at: 0.9454, adjusted to: 0.9
8200: Phase complete: (T=0.900000, d=0.100000) Equilibration Phase
8200: Phase started: (T=0.900000, d=0.100000) Observation Phase
8400: Observation recorded
8600: Observation recorded
8800: Observation recorded
9000: Observation recorded
9200: Observation recorded
9400: Observation recorded
9600: Observation recorded
9800: Observation recorded
10000: Observation recorded
10200: Observation recorded
10400: Observation recorded
10600: Observation recorded
10800: Observation recorded
11000: Observation recorded
11200: Observation recorded
11400: Observation recorded
11600: Observation recorded
11800: Observation recorded
12000: Observation recorded
12200: Observation recorded
12200: Phase complete: (T=0.900000, d=0.100000) Observation Phase
