0: Phase started: (T=1.000000, d=0.200000) Equilibration Phase
200: Temperature measured at: 1.3, adjusted to: 1
400: Temperature measured at: 1.083, adjusted to: 1
800: Temperature measured at: 1.064, adjusted to: 1
1800: Temperature measured at: 1.062, adjusted to: 1
5200: Temperature measured at: 1.053, adjusted to: 1
10200: Phase complete: (T=1.000000, d=0.200000) Equilibration Phase
10200: Phase started: (T=1.000000, d=0.200000) Observation Phase
10400: Observation recorded
10600: Observation recorded
10800: Observation recorded
11000: Observation recorded
11200: Observation recorded
11400: Observation recorded
11600: Observation recorded
11800: Observation recorded
12000: Observation recorded
12200: Observation recorded
12400: Observation recorded
12600: Observation recorded
12800: Observation recorded
13000: Observation recorded
13200: Observation recorded
13400: Observation recorded
13600: Observation recorded
13800: Observation recorded
14000: Observation recorded
14200: Observation recorded
14200: Phase complete: (T=1.000000, d=0.200000) Observation Phase
