0: Phase started: (T=0.400000, d=1.350000) Equilibration Phase
200: Temperature measured at: 0.2001, adjusted to: 0.4
400: Temperature measured at: 0.3066, adjusted to: 0.4
600: Temperature measured at: 0.3407, adjusted to: 0.4
800: Temperature measured at: 0.3684, adjusted to: 0.4
1000: Temperature measured at: 0.3784, adjusted to: 0.4
6000: Phase complete: (T=0.400000, d=1.350000) Equilibration Phase
6000: Phase started: (T=0.400000, d=1.350000) Observation Phase
6200: Observation recorded
6400: Observation recorded
6600: Observation recorded
6800: Observation recorded
7000: Observation recorded
7200: Observation recorded
7400: Observation recorded
7600: Observation recorded
7800: Observation recorded
8000: Observation recorded
8200: Observation recorded
8400: Observation recorded
8600: Observation recorded
8800: Observation recorded
9000: Observation recorded
9200: Observation recorded
9400: Observation recorded
9600: Observation recorded
9800: Observation recorded
10000: Observation recorded
10000: Phase complete: (T=0.400000, d=1.350000) Observation Phase
