0: Phase started: (T=0.200000, d=0.650000) Equilibration Phase
400: Temperature measured at: 0.2934, adjusted to: 0.2
600: Temperature measured at: 0.2802, adjusted to: 0.2
800: Temperature measured at: 0.2655, adjusted to: 0.2
1000: Temperature measured at: 0.2456, adjusted to: 0.2
1200: Temperature measured at: 0.238, adjusted to: 0.2
1400: Temperature measured at: 0.2262, adjusted to: 0.2
1600: Temperature measured at: 0.2206, adjusted to: 0.2
1800: Temperature measured at: 0.2189, adjusted to: 0.2
2000: Temperature measured at: 0.2177, adjusted to: 0.2
2200: Temperature measured at: 0.214, adjusted to: 0.2
2600: Temperature measured at: 0.2175, adjusted to: 0.2
3200: Temperature measured at: 0.218, adjusted to: 0.2
3400: Temperature measured at: 0.2119, adjusted to: 0.2
3600: Temperature measured at: 0.2127, adjusted to: 0.2
4200: Temperature measured at: 0.2102, adjusted to: 0.2
4800: Temperature measured at: 0.2153, adjusted to: 0.2
5600: Temperature measured at: 0.2128, adjusted to: 0.2
7000: Temperature measured at: 0.2103, adjusted to: 0.2
8000: Temperature measured at: 0.2109, adjusted to: 0.2
11000: Temperature measured at: 0.212, adjusted to: 0.2
11400: Temperature measured at: 0.2117, adjusted to: 0.2
11600: Temperature measured at: 0.2102, adjusted to: 0.2
12000: Temperature measured at: 0.2143, adjusted to: 0.2
12200: Temperature measured at: 0.2105, adjusted to: 0.2
14200: Temperature measured at: 0.2103, adjusted to: 0.2
18800: Temperature measured at: 0.2105, adjusted to: 0.2
23800: Phase complete: (T=0.200000, d=0.650000) Equilibration Phase
23800: Phase started: (T=0.200000, d=0.650000) Observation Phase
24000: Observation recorded
24200: Observation recorded
24400: Observation recorded
24600: Observation recorded
24800: Observation recorded
25000: Observation recorded
25200: Observation recorded
25400: Observation recorded
25600: Observation recorded
25800: Observation recorded
26000: Observation recorded
26200: Observation recorded
26400: Observation recorded
26600: Observation recorded
26800: Observation recorded
27000: Observation recorded
27200: Observation recorded
27400: Observation recorded
27600: Observation recorded
27800: Observation recorded
27800: Phase complete: (T=0.200000, d=0.650000) Observation Phase
