0: Phase started: (T=0.500000, d=0.450000) Equilibration Phase
200: Temperature measured at: 0.7298, adjusted to: 0.5
400: Temperature measured at: 0.5899, adjusted to: 0.5
600: Temperature measured at: 0.5384, adjusted to: 0.5
1000: Temperature measured at: 0.5631, adjusted to: 0.5
1400: Temperature measured at: 0.5411, adjusted to: 0.5
1600: Temperature measured at: 0.5299, adjusted to: 0.5
1800: Temperature measured at: 0.5291, adjusted to: 0.5
2400: Temperature measured at: 0.5261, adjusted to: 0.5
2800: Temperature measured at: 0.5276, adjusted to: 0.5
3600: Temperature measured at: 0.5333, adjusted to: 0.5
4400: Temperature measured at: 0.5314, adjusted to: 0.5
5800: Temperature measured at: 0.529, adjusted to: 0.5
10400: Temperature measured at: 0.5325, adjusted to: 0.5
15400: Phase complete: (T=0.500000, d=0.450000) Equilibration Phase
15400: Phase started: (T=0.500000, d=0.450000) Observation Phase
15600: Observation recorded
15800: Observation recorded
16000: Observation recorded
16200: Observation recorded
16400: Observation recorded
16600: Observation recorded
16800: Observation recorded
17000: Observation recorded
17200: Observation recorded
17400: Observation recorded
17600: Observation recorded
17800: Observation recorded
18000: Observation recorded
18200: Observation recorded
18400: Observation recorded
18600: Observation recorded
18800: Observation recorded
19000: Observation recorded
19200: Observation recorded
19400: Observation recorded
19400: Phase complete: (T=0.500000, d=0.450000) Observation Phase
