0: Phase started: (T=0.300000, d=0.750000) Equilibration Phase
200: Temperature measured at: 0.1748, adjusted to: 0.3
400: Temperature measured at: 0.2567, adjusted to: 0.3
800: Temperature measured at: 0.3276, adjusted to: 0.3
1200: Temperature measured at: 0.3212, adjusted to: 0.3
1400: Temperature measured at: 0.3181, adjusted to: 0.3
1600: Temperature measured at: 0.3178, adjusted to: 0.3
1800: Temperature measured at: 0.3153, adjusted to: 0.3
2400: Temperature measured at: 0.3305, adjusted to: 0.3
2600: Temperature measured at: 0.316, adjusted to: 0.3
3000: Temperature measured at: 0.318, adjusted to: 0.3
4200: Temperature measured at: 0.3195, adjusted to: 0.3
4600: Temperature measured at: 0.3164, adjusted to: 0.3
5600: Temperature measured at: 0.3182, adjusted to: 0.3
7000: Temperature measured at: 0.3152, adjusted to: 0.3
12000: Phase complete: (T=0.300000, d=0.750000) Equilibration Phase
12000: Phase started: (T=0.300000, d=0.750000) Observation Phase
12200: Observation recorded
12400: Observation recorded
12600: Observation recorded
12800: Observation recorded
13000: Observation recorded
13200: Observation recorded
13400: Observation recorded
13600: Observation recorded
13800: Observation recorded
14000: Observation recorded
14200: Observation recorded
14400: Observation recorded
14600: Observation recorded
14800: Observation recorded
15000: Observation recorded
15200: Observation recorded
15400: Observation recorded
15600: Observation recorded
15800: Observation recorded
16000: Observation recorded
16000: Phase complete: (T=0.300000, d=0.750000) Observation Phase
