0: Phase started: (T=0.200000, d=0.400000) Equilibration Phase
200: Temperature measured at: 0.4956, adjusted to: 0.2
400: Temperature measured at: 0.3657, adjusted to: 0.2
600: Temperature measured at: 0.3209, adjusted to: 0.2
800: Temperature measured at: 0.306, adjusted to: 0.2
1000: Temperature measured at: 0.2949, adjusted to: 0.2
1200: Temperature measured at: 0.2828, adjusted to: 0.2
1400: Temperature measured at: 0.2684, adjusted to: 0.2
1600: Temperature measured at: 0.2538, adjusted to: 0.2
1800: Temperature measured at: 0.239, adjusted to: 0.2
2000: Temperature measured at: 0.2374, adjusted to: 0.2
2200: Temperature measured at: 0.2345, adjusted to: 0.2
2400: Temperature measured at: 0.2296, adjusted to: 0.2
2600: Temperature measured at: 0.2337, adjusted to: 0.2
2800: Temperature measured at: 0.2236, adjusted to: 0.2
3000: Temperature measured at: 0.2173, adjusted to: 0.2
3200: Temperature measured at: 0.2176, adjusted to: 0.2
3400: Temperature measured at: 0.2173, adjusted to: 0.2
3600: Temperature measured at: 0.2152, adjusted to: 0.2
3800: Temperature measured at: 0.2134, adjusted to: 0.2
4800: Temperature measured at: 0.2149, adjusted to: 0.2
5000: Temperature measured at: 0.2177, adjusted to: 0.2
5400: Temperature measured at: 0.2112, adjusted to: 0.2
6200: Temperature measured at: 0.2141, adjusted to: 0.2
7200: Temperature measured at: 0.2108, adjusted to: 0.2
7600: Temperature measured at: 0.2135, adjusted to: 0.2
8000: Temperature measured at: 0.2103, adjusted to: 0.2
8400: Temperature measured at: 0.2152, adjusted to: 0.2
8600: Temperature measured at: 0.212, adjusted to: 0.2
9000: Temperature measured at: 0.2104, adjusted to: 0.2
10400: Temperature measured at: 0.212, adjusted to: 0.2
12000: Temperature measured at: 0.2105, adjusted to: 0.2
13200: Temperature measured at: 0.2104, adjusted to: 0.2
14800: Temperature measured at: 0.21, adjusted to: 0.2
15000: Temperature measured at: 0.213, adjusted to: 0.2
18800: Temperature measured at: 0.2122, adjusted to: 0.2
20800: Temperature measured at: 0.21, adjusted to: 0.2
21400: Temperature measured at: 0.2148, adjusted to: 0.2
23000: Temperature measured at: 0.2113, adjusted to: 0.2
24600: Temperature measured at: 0.211, adjusted to: 0.2
27000: Temperature measured at: 0.2102, adjusted to: 0.2
32000: Phase complete: (T=0.200000, d=0.400000) Equilibration Phase
32000: Phase started: (T=0.200000, d=0.400000) Observation Phase
32200: Observation recorded
32400: Observation recorded
32600: Observation recorded
32800: Observation recorded
33000: Observation recorded
33200: Observation recorded
33400: Observation recorded
33600: Observation recorded
33800: Observation recorded
34000: Observation recorded
34200: Observation recorded
34400: Observation recorded
34600: Observation recorded
34800: Observation recorded
35000: Observation recorded
35200: Observation recorded
35400: Observation recorded
35600: Observation recorded
35800: Observation recorded
36000: Observation recorded
36000: Phase complete: (T=0.200000, d=0.400000) Observation Phase
