0: Phase started: (T=0.300000, d=0.600000) Equilibration Phase
200: Temperature measured at: 0.3462, adjusted to: 0.3
400: Temperature measured at: 0.3626, adjusted to: 0.3
600: Temperature measured at: 0.3575, adjusted to: 0.3
800: Temperature measured at: 0.3476, adjusted to: 0.3
1000: Temperature measured at: 0.3495, adjusted to: 0.3
1200: Temperature measured at: 0.3424, adjusted to: 0.3
1400: Temperature measured at: 0.3303, adjusted to: 0.3
1800: Temperature measured at: 0.3241, adjusted to: 0.3
2400: Temperature measured at: 0.3216, adjusted to: 0.3
2800: Temperature measured at: 0.3279, adjusted to: 0.3
3000: Temperature measured at: 0.3161, adjusted to: 0.3
3600: Temperature measured at: 0.3178, adjusted to: 0.3
4000: Temperature measured at: 0.327, adjusted to: 0.3
4600: Temperature measured at: 0.3162, adjusted to: 0.3
5000: Temperature measured at: 0.3155, adjusted to: 0.3
6000: Temperature measured at: 0.3183, adjusted to: 0.3
7400: Temperature measured at: 0.316, adjusted to: 0.3
12400: Phase complete: (T=0.300000, d=0.600000) Equilibration Phase
12400: Phase started: (T=0.300000, d=0.600000) Observation Phase
12600: Observation recorded
12800: Observation recorded
13000: Observation recorded
13200: Observation recorded
13400: Observation recorded
13600: Observation recorded
13800: Observation recorded
14000: Observation recorded
14200: Observation recorded
14400: Observation recorded
14600: Observation recorded
14800: Observation recorded
15000: Observation recorded
15200: Observation recorded
15400: Observation recorded
15600: Observation recorded
15800: Observation recorded
16000: Observation recorded
16200: Observation recorded
16400: Observation recorded
16400: Phase complete: (T=0.300000, d=0.600000) Observation Phase
