0: Phase started: (T=0.300000, d=0.400000) Equilibration Phase
200: Temperature measured at: 0.5957, adjusted to: 0.3
400: Temperature measured at: 0.4365, adjusted to: 0.3
600: Temperature measured at: 0.4062, adjusted to: 0.3
800: Temperature measured at: 0.3847, adjusted to: 0.3
1000: Temperature measured at: 0.3739, adjusted to: 0.3
1200: Temperature measured at: 0.3621, adjusted to: 0.3
1400: Temperature measured at: 0.3592, adjusted to: 0.3
1600: Temperature measured at: 0.3535, adjusted to: 0.3
1800: Temperature measured at: 0.3357, adjusted to: 0.3
2000: Temperature measured at: 0.3235, adjusted to: 0.3
2200: Temperature measured at: 0.3366, adjusted to: 0.3
2400: Temperature measured at: 0.3271, adjusted to: 0.3
2800: Temperature measured at: 0.3227, adjusted to: 0.3
3000: Temperature measured at: 0.3234, adjusted to: 0.3
3400: Temperature measured at: 0.3207, adjusted to: 0.3
3600: Temperature measured at: 0.3192, adjusted to: 0.3
3800: Temperature measured at: 0.3177, adjusted to: 0.3
4000: Temperature measured at: 0.3168, adjusted to: 0.3
4400: Temperature measured at: 0.317, adjusted to: 0.3
5200: Temperature measured at: 0.3298, adjusted to: 0.3
5800: Temperature measured at: 0.3183, adjusted to: 0.3
10800: Phase complete: (T=0.300000, d=0.400000) Equilibration Phase
10800: Phase started: (T=0.300000, d=0.400000) Observation Phase
11000: Observation recorded
11200: Observation recorded
11400: Observation recorded
11600: Observation recorded
11800: Observation recorded
12000: Observation recorded
12200: Observation recorded
12400: Observation recorded
12600: Observation recorded
12800: Observation recorded
13000: Observation recorded
13200: Observation recorded
13400: Observation recorded
13600: Observation recorded
13800: Observation recorded
14000: Observation recorded
14200: Observation recorded
14400: Observation recorded
14600: Observation recorded
14800: Observation recorded
14800: Phase complete: (T=0.300000, d=0.400000) Observation Phase
