0: Phase started: (T=0.600000, d=0.550000) Equilibration Phase
200: Temperature measured at: 0.6533, adjusted to: 0.6
800: Temperature measured at: 0.6425, adjusted to: 0.6
3000: Temperature measured at: 0.6331, adjusted to: 0.6
8000: Phase complete: (T=0.600000, d=0.550000) Equilibration Phase
8000: Phase started: (T=0.600000, d=0.550000) Observation Phase
8200: Observation recorded
8400: Observation recorded
8600: Observation recorded
8800: Observation recorded
9000: Observation recorded
9200: Observation recorded
9400: Observation recorded
9600: Observation recorded
9800: Observation recorded
10000: Observation recorded
10200: Observation recorded
10400: Observation recorded
10600: Observation recorded
10800: Observation recorded
11000: Observation recorded
11200: Observation recorded
11400: Observation recorded
11600: Observation recorded
11800: Observation recorded
12000: Observation recorded
12000: Phase complete: (T=0.600000, d=0.550000) Observation Phase
